1.1000 	WARNING 	psychopy.parallel has been imported but no parallel port driver found. Install either inpout32, inpoutx64 or dlportio
14.1455 	INFO 	Loaded monitor calibration from ['2025_12_16 10:09']
14.3092 	INFO 	Using renderer 'NVIDIA GeForce RTX 5070 Ti/PCIe/SSE2' for graphics
14.3092 	INFO 	OpenGL version supported by driver is 4..
14.3231 	EXP 	Created window1 = Window(allowGUI=False, allowStencil=True, autoLog=True, backendConf=UNKNOWN, backgroundFit=<method-wrapper '__getattribute__' of attributeSetter object at 0x000001E8C7FC9390>, backgroundImage=<method-wrapper '__getattribute__' of attributeSetter object at 0x000001E8C7FC9330>, bitsMode=UNKNOWN, blendMode='avg', bpc=(8, 8, 8), color=array([0, 0, 0]), colorSpace='rgb', depthBits=8, fullscr=True, gamma=None, gammaErrorPolicy='raise', infoMsg=UNKNOWN, lms=UNKNOWN, monitor=<psychopy.monitors.calibTools.Monitor object at 0x000001E8C7775CF0>, multiSample=False, name='window1', numSamples=2, pos=[np.float64(0.0), np.float64(0.0)], screen=0, size=array([1920, 1080]), stencilBits=8, stereo=False, title='PsychoPy', units='height', useFBO=True, useRetina=False, viewOri=0.0, viewPos=None, viewScale=None, waitBlanking=True, winType='pyglet')
14.3232 	EXP 	window1: backgroundImage = ''
14.3232 	EXP 	window1: backgroundFit = 'none'
14.4883 	EXP 	window1: Attempting to measure frame rate of screen (0) ...
14.4883 	EXP 	window1: recordFrameIntervals = False
14.6925 	EXP 	window1: recordFrameIntervals = True
14.8757 	EXP 	Screen (0) actual frame rate measured at 59.99Hz
14.8757 	EXP 	window1: recordFrameIntervals = False
20.8436 	INFO 	keyboard.Keyboard is using iohub backend.
20.8436 	EXP 	audiobook_uncomitted_experiment: status = STARTED
20.9161 	EXP 	Created instruction_text = TextStim(__class__=<class 'psychopy.visual.text.TextStim'>, alignHoriz=method-wrapper(...), alignText='center', alignVert=method-wrapper(...), anchorHoriz='center', anchorVert='center', antialias=True, autoDraw=False, autoLog=True, bold=False, color=array([1., 1., 1.]), colorSpace='rgb', contrast=1.0, depth=0.0, draggable=False, flipHoriz=False, flipVert=False, font='Arial', fontFiles=[], height=np.float64(0.05), italic=False, languageStyle='LTR', name='instruction_text', opacity=1, ori=0.0, pos=array([0., 0.]), rgb=UNKNOWN, text=str(...), units='height', win=Window(...), wrapWidth=1)
20.9192 	EXP 	Created text = TextStim(__class__=<class 'psychopy.visual.text.TextStim'>, alignHoriz=method-wrapper(...), alignText='center', alignVert=method-wrapper(...), anchorHoriz='center', anchorVert='center', antialias=True, autoDraw=False, autoLog=True, bold=False, color=array([-1., -1.,  1.]), colorSpace='rgb', contrast=1.0, depth=-1.0, draggable=False, flipHoriz=False, flipVert=False, font='Arial', fontFiles=[], height=np.float64(0.05), italic=False, languageStyle='LTR', name='text', opacity=1, ori=0.0, pos=array([0., 0.]), rgb=UNKNOWN, text=str(...), units='height', win=Window(...), wrapWidth=1)
21.0472 	INFO 	Loaded psychtoolbox audio version 3.0.19.696976569
21.0666 	WARNING 	No default speaker specified in Preferences / Hardware, using first speaker found: Speakers (Realtek(R) Audio)
21.0710 	INFO 	Created stream for speaker device: Speakers (Realtek(R) Audio) (2.0)
21.0718 	EXP 	pip: sampleRate = 48000
21.0718 	EXP 	pip: channels = None
21.0767 	EXP 	Sound pip set volume 1.000
21.0784 	EXP 	Created polygon = ShapeStim(__class__=<class 'psychopy.visual.shape.ShapeStim'>, anchor=('center', 'center'), autoDraw=False, autoLog=True, closeShape=True, color=method-wrapper(...), colorSpace='rgb', contrast=None, depth=-1.0, draggable=False, fillColor=array([1, 1, 1]), fillColorSpace='rgb', fillRGB=array([1, 1, 1]), interpolate=True, lineColor=array([-1., -1., -1.]), lineColorSpace='rgb', lineRGB=array([-1, -1, -1]), lineWidth=1.0, name='polygon', opacity=1, ori=0.0, pos=array([0., 0.]), size=array([0.1, 0.1]), units='height', vertices=ndarray(...), win=Window(...), windingRule=None)
21.0828 	WARNING 	No default speaker specified in Preferences / Hardware, using first speaker found: Speakers (Realtek(R) Audio)
21.0856 	INFO 	Created stream for speaker device: Speakers (Realtek(R) Audio) (2.0)
21.0864 	EXP 	audiobook: sampleRate = 48000
21.0864 	EXP 	audiobook: channels = None
21.0905 	EXP 	Sound audiobook set volume 1.000
21.0917 	EXP 	Created fixation = ShapeStim(__class__=<class 'psychopy.visual.shape.ShapeStim'>, anchor=('center', 'center'), autoDraw=False, autoLog=True, closeShape=True, color=method-wrapper(...), colorSpace='rgb', contrast=None, depth=-2.0, draggable=False, fillColor=array([1, 1, 1]), fillColorSpace='rgb', fillRGB=array([1, 1, 1]), interpolate=True, lineColor=array([-1., -1., -1.]), lineColorSpace='rgb', lineRGB=array([-1, -1, -1]), lineWidth=1.0, name='fixation', opacity=1, ori=0.0, pos=array([0., 0.]), size=array([0.1, 0.1]), units='height', vertices=ndarray(...), win=Window(...), windingRule=None)
21.0920 	EXP 	Created question = TextStim(__class__=<class 'psychopy.visual.text.TextStim'>, alignHoriz=method-wrapper(...), alignText='center', alignVert=method-wrapper(...), anchorHoriz='center', anchorVert='center', antialias=True, autoDraw=False, autoLog=True, bold=False, color=array([1., 1., 1.]), colorSpace='rgb', contrast=1.0, depth=0.0, draggable=False, flipHoriz=False, flipVert=False, font='Arial', fontFiles=[], height=0.05, italic=False, languageStyle='LTR', name='question', opacity=1, ori=0.0, pos=array([0. , 0.1]), rgb=UNKNOWN, text='', units='height', win=Window(...), wrapWidth=1)
21.0972 	EXP 	Created Boton = TextStim(__class__=<class 'psychopy.visual.text.TextStim'>, alignHoriz=method-wrapper(...), alignText='center', alignVert=method-wrapper(...), anchorHoriz='center', anchorVert='center', antialias=True, autoDraw=False, autoLog=True, bold=False, color=array([1., 1., 1.]), colorSpace='rgb', contrast=1.0, depth=-1.0, draggable=False, flipHoriz=False, flipVert=False, font='Arial', fontFiles=[], height=np.float64(0.025), italic=False, languageStyle='LTR', name='Boton', opacity=1, ori=0.0, pos=array([ 0.45, -0.45]), rgb=UNKNOWN, text='Hace click izquierdo para continuar\n', units='height', win=Window(...), wrapWidth=1)
21.1018 	EXP 	Created spacebar_text = TextStim(__class__=<class 'psychopy.visual.text.TextStim'>, alignHoriz=method-wrapper(...), alignText='center', alignVert=method-wrapper(...), anchorHoriz='center', anchorVert='center', antialias=True, autoDraw=False, autoLog=True, bold=False, color=array([1., 1., 1.]), colorSpace='rgb', contrast=1.0, depth=0.0, draggable=False, flipHoriz=False, flipVert=False, font='Arial', fontFiles=[], height=0.05, italic=False, languageStyle='LTR', name='spacebar_text', opacity=1, ori=0.0, pos=array([0. , 0.1]), rgb=UNKNOWN, text='', units='height', win=Window(...), wrapWidth=1)
21.1060 	WARNING 	No default speaker specified in Preferences / Hardware, using first speaker found: Speakers (Realtek(R) Audio)
21.1090 	INFO 	Created stream for speaker device: Speakers (Realtek(R) Audio) (2.0)
21.1098 	EXP 	pip: sampleRate = 48000
21.1098 	EXP 	pip: channels = None
21.1143 	EXP 	Sound pip set volume 1.000
21.1154 	EXP 	Created polygon = ShapeStim(__class__=<class 'psychopy.visual.shape.ShapeStim'>, anchor=('center', 'center'), autoDraw=False, autoLog=True, closeShape=True, color=method-wrapper(...), colorSpace='rgb', contrast=None, depth=-1.0, draggable=False, fillColor=array([1, 1, 1]), fillColorSpace='rgb', fillRGB=array([1, 1, 1]), interpolate=True, lineColor=array([-1., -1., -1.]), lineColorSpace='rgb', lineRGB=array([-1, -1, -1]), lineWidth=1.0, name='polygon', opacity=1, ori=0.0, pos=array([0., 0.]), size=array([0.1, 0.1]), units='height', vertices=ndarray(...), win=Window(...), windingRule=None)
21.1218 	EXP 	Created last_prompt_text = TextStim(__class__=<class 'psychopy.visual.text.TextStim'>, alignHoriz=method-wrapper(...), alignText='center', alignVert=method-wrapper(...), anchorHoriz='center', anchorVert='center', antialias=True, autoDraw=False, autoLog=True, bold=False, color=array([1., 1., 1.]), colorSpace='rgb', contrast=1.0, depth=0.0, draggable=False, flipHoriz=False, flipVert=False, font='Arial', fontFiles=[], height=np.float64(0.05), italic=False, languageStyle='LTR', name='last_prompt_text', opacity=1, ori=0.0, pos=array([0., 0.]), rgb=UNKNOWN, text=str(...), units='height', win=Window(...), wrapWidth=1)
21.1258 	EXP 	Created congrats_text = TextStim(__class__=<class 'psychopy.visual.text.TextStim'>, alignHoriz=method-wrapper(...), alignText='center', alignVert=method-wrapper(...), anchorHoriz='center', anchorVert='center', antialias=True, autoDraw=False, autoLog=True, bold=False, color=array([1., 1., 1.]), colorSpace='rgb', contrast=1.0, depth=0.0, draggable=False, flipHoriz=False, flipVert=False, font='Arial', fontFiles=[], height=np.float64(0.05), italic=False, languageStyle='LTR', name='congrats_text', opacity=1, ori=0.0, pos=array([0., 0.]), rgb=UNKNOWN, text=str(...), units='height', win=Window(...), wrapWidth=1)
0.0797 	EXP 	answer: autoLog = True
0.0833 	INFO 	Keyboard events cleared
0.0831 	EXP 	instruction_text: autoDraw = True
0.0831 	EXP 	text: autoDraw = True
9.9022 	EXP 	Device response: <KeyPress from None: t=9.884165100025712, value=escape, duration=None>
9.9026 	DATA 	Keypress: escape
10.0173 	EXP 	Device response: <KeyPress from None: t=9.884165100025712, value=escape, duration=0.12008789999526925>
10.0175 	EXP 	audiobook_uncomitted_experiment: status = STOPPED
10.0337 	EXP 	instruction_text: autoDraw = False
10.0337 	EXP 	text: autoDraw = False
10.0337 	EXP 	audiobook_uncomitted_experiment: status = STOPPED
10.0362 	INFO 	saved data to 'C:\\Users\\jocta\\repos\\speech-engagement\\unengaged_audiobook_experiment\\data\\121071_audiobook_uncomitted_experiment_2025-12-16_19h14.18.252.csv'
10.0365 	INFO 	saved data to C:\Users\jocta\repos\speech-engagement\unengaged_audiobook_experiment\data\121071_audiobook_uncomitted_experiment_2025-12-16_19h14.18.252.psydat
