1.1144 	WARNING 	psychopy.parallel has been imported but no parallel port driver found. Install either inpout32, inpoutx64 or dlportio
2.3404 	INFO 	Loaded monitor calibration from ['2025_12_16 10:09']
2.5446 	INFO 	Using renderer 'NVIDIA GeForce RTX 5070 Ti/PCIe/SSE2' for graphics
2.5446 	INFO 	OpenGL version supported by driver is 4..
2.5539 	EXP 	Created window1 = Window(allowGUI=False, allowStencil=True, autoLog=True, backendConf=UNKNOWN, backgroundFit=<method-wrapper '__getattribute__' of attributeSetter object at 0x000001E7C33BFC10>, backgroundImage=<method-wrapper '__getattribute__' of attributeSetter object at 0x000001E7C33BFBB0>, bitsMode=UNKNOWN, blendMode='avg', bpc=(8, 8, 8), color=array([0, 0, 0]), colorSpace='rgb', depthBits=8, fullscr=True, gamma=None, gammaErrorPolicy='raise', infoMsg=UNKNOWN, lms=UNKNOWN, monitor=<psychopy.monitors.calibTools.Monitor object at 0x000001E7C2B845B0>, multiSample=False, name='window1', numSamples=2, pos=[np.float64(0.0), np.float64(0.0)], screen=0, size=array([1920, 1080]), stencilBits=8, stereo=False, title='PsychoPy', units='height', useFBO=True, useRetina=False, viewOri=0.0, viewPos=None, viewScale=None, waitBlanking=True, winType='pyglet')
2.5539 	EXP 	window1: backgroundImage = ''
2.5539 	EXP 	window1: backgroundFit = 'none'
2.7197 	EXP 	window1: Attempting to measure frame rate of screen (0) ...
2.7197 	EXP 	window1: recordFrameIntervals = False
2.8872 	EXP 	window1: recordFrameIntervals = True
3.0706 	EXP 	Screen (0) actual frame rate measured at 60.00Hz
3.0706 	EXP 	window1: recordFrameIntervals = False
9.0322 	INFO 	keyboard.Keyboard is using iohub backend.
9.0322 	EXP 	audiobook_uncomitted_experiment: status = STARTED
9.1033 	EXP 	Created instruction_text = TextStim(__class__=<class 'psychopy.visual.text.TextStim'>, alignHoriz=method-wrapper(...), alignText='center', alignVert=method-wrapper(...), anchorHoriz='center', anchorVert='center', antialias=True, autoDraw=False, autoLog=True, bold=False, color=array([1., 1., 1.]), colorSpace='rgb', contrast=1.0, depth=0.0, draggable=False, flipHoriz=False, flipVert=False, font='Arial', fontFiles=[], height=np.float64(0.05), italic=False, languageStyle='LTR', name='instruction_text', opacity=1, ori=0.0, pos=array([0., 0.]), rgb=UNKNOWN, text=str(...), units='height', win=Window(...), wrapWidth=1)
9.2311 	INFO 	Loaded psychtoolbox audio version 3.0.19.696976569
9.2498 	WARNING 	No default speaker specified in Preferences / Hardware, using first speaker found: Speakers (Realtek(R) Audio)
9.2542 	INFO 	Created stream for speaker device: Speakers (Realtek(R) Audio) (2.0)
9.2549 	EXP 	pip: sampleRate = 48000
9.2549 	EXP 	pip: channels = None
9.2599 	EXP 	Sound pip set volume 1.000
9.2617 	EXP 	Created polygon = ShapeStim(__class__=<class 'psychopy.visual.shape.ShapeStim'>, anchor=('center', 'center'), autoDraw=False, autoLog=True, closeShape=True, color=method-wrapper(...), colorSpace='rgb', contrast=None, depth=-1.0, draggable=False, fillColor=array([1, 1, 1]), fillColorSpace='rgb', fillRGB=array([1, 1, 1]), interpolate=True, lineColor=array([-1., -1., -1.]), lineColorSpace='rgb', lineRGB=array([-1, -1, -1]), lineWidth=1.0, name='polygon', opacity=1, ori=0.0, pos=array([0., 0.]), size=array([0.1, 0.1]), units='height', vertices=ndarray(...), win=Window(...), windingRule=None)
9.2659 	WARNING 	No default speaker specified in Preferences / Hardware, using first speaker found: Speakers (Realtek(R) Audio)
9.2688 	INFO 	Created stream for speaker device: Speakers (Realtek(R) Audio) (2.0)
9.2695 	EXP 	audiobook: sampleRate = 48000
9.2696 	EXP 	audiobook: channels = None
9.2736 	EXP 	Sound audiobook set volume 1.000
9.2747 	EXP 	Created fixation = ShapeStim(__class__=<class 'psychopy.visual.shape.ShapeStim'>, anchor=('center', 'center'), autoDraw=False, autoLog=True, closeShape=True, color=method-wrapper(...), colorSpace='rgb', contrast=None, depth=-2.0, draggable=False, fillColor=array([1, 1, 1]), fillColorSpace='rgb', fillRGB=array([1, 1, 1]), interpolate=True, lineColor=array([-1., -1., -1.]), lineColorSpace='rgb', lineRGB=array([-1, -1, -1]), lineWidth=1.0, name='fixation', opacity=1, ori=0.0, pos=array([0., 0.]), size=array([0.1, 0.1]), units='height', vertices=ndarray(...), win=Window(...), windingRule=None)
9.2751 	EXP 	Created question = TextStim(__class__=<class 'psychopy.visual.text.TextStim'>, alignHoriz=method-wrapper(...), alignText='center', alignVert=method-wrapper(...), anchorHoriz='center', anchorVert='center', antialias=True, autoDraw=False, autoLog=True, bold=False, color=array([1., 1., 1.]), colorSpace='rgb', contrast=1.0, depth=0.0, draggable=False, flipHoriz=False, flipVert=False, font='Arial', fontFiles=[], height=0.05, italic=False, languageStyle='LTR', name='question', opacity=1, ori=0.0, pos=array([0. , 0.1]), rgb=UNKNOWN, text='', units='height', win=Window(...), wrapWidth=1)
9.2798 	EXP 	Created Boton = TextStim(__class__=<class 'psychopy.visual.text.TextStim'>, alignHoriz=method-wrapper(...), alignText='center', alignVert=method-wrapper(...), anchorHoriz='center', anchorVert='center', antialias=True, autoDraw=False, autoLog=True, bold=False, color=array([1., 1., 1.]), colorSpace='rgb', contrast=1.0, depth=-1.0, draggable=False, flipHoriz=False, flipVert=False, font='Arial', fontFiles=[], height=np.float64(0.025), italic=False, languageStyle='LTR', name='Boton', opacity=1, ori=0.0, pos=array([ 0.45, -0.45]), rgb=UNKNOWN, text='Hace click izquierdo para continuar\n', units='height', win=Window(...), wrapWidth=1)
9.2844 	EXP 	Created spacebar_text = TextStim(__class__=<class 'psychopy.visual.text.TextStim'>, alignHoriz=method-wrapper(...), alignText='center', alignVert=method-wrapper(...), anchorHoriz='center', anchorVert='center', antialias=True, autoDraw=False, autoLog=True, bold=False, color=array([1., 1., 1.]), colorSpace='rgb', contrast=1.0, depth=0.0, draggable=False, flipHoriz=False, flipVert=False, font='Arial', fontFiles=[], height=0.05, italic=False, languageStyle='LTR', name='spacebar_text', opacity=1, ori=0.0, pos=array([0. , 0.1]), rgb=UNKNOWN, text='', units='height', win=Window(...), wrapWidth=1)
9.2887 	WARNING 	No default speaker specified in Preferences / Hardware, using first speaker found: Speakers (Realtek(R) Audio)
9.2918 	INFO 	Created stream for speaker device: Speakers (Realtek(R) Audio) (2.0)
9.2925 	EXP 	pip: sampleRate = 48000
9.2926 	EXP 	pip: channels = None
9.2971 	EXP 	Sound pip set volume 1.000
9.2982 	EXP 	Created polygon = ShapeStim(__class__=<class 'psychopy.visual.shape.ShapeStim'>, anchor=('center', 'center'), autoDraw=False, autoLog=True, closeShape=True, color=method-wrapper(...), colorSpace='rgb', contrast=None, depth=-1.0, draggable=False, fillColor=array([1, 1, 1]), fillColorSpace='rgb', fillRGB=array([1, 1, 1]), interpolate=True, lineColor=array([-1., -1., -1.]), lineColorSpace='rgb', lineRGB=array([-1, -1, -1]), lineWidth=1.0, name='polygon', opacity=1, ori=0.0, pos=array([0., 0.]), size=array([0.1, 0.1]), units='height', vertices=ndarray(...), win=Window(...), windingRule=None)
9.3044 	EXP 	Created last_prompt_text = TextStim(__class__=<class 'psychopy.visual.text.TextStim'>, alignHoriz=method-wrapper(...), alignText='center', alignVert=method-wrapper(...), anchorHoriz='center', anchorVert='center', antialias=True, autoDraw=False, autoLog=True, bold=False, color=array([1., 1., 1.]), colorSpace='rgb', contrast=1.0, depth=0.0, draggable=False, flipHoriz=False, flipVert=False, font='Arial', fontFiles=[], height=np.float64(0.05), italic=False, languageStyle='LTR', name='last_prompt_text', opacity=1, ori=0.0, pos=array([0., 0.]), rgb=UNKNOWN, text=str(...), units='height', win=Window(...), wrapWidth=1)
9.3084 	EXP 	Created congrats_text = TextStim(__class__=<class 'psychopy.visual.text.TextStim'>, alignHoriz=method-wrapper(...), alignText='center', alignVert=method-wrapper(...), anchorHoriz='center', anchorVert='center', antialias=True, autoDraw=False, autoLog=True, bold=False, color=array([1., 1., 1.]), colorSpace='rgb', contrast=1.0, depth=0.0, draggable=False, flipHoriz=False, flipVert=False, font='Arial', fontFiles=[], height=np.float64(0.05), italic=False, languageStyle='LTR', name='congrats_text', opacity=1, ori=0.0, pos=array([0., 0.]), rgb=UNKNOWN, text=str(...), units='height', win=Window(...), wrapWidth=1)
0.0822 	EXP 	answer: autoLog = True
0.0959 	INFO 	Keyboard events cleared
0.0958 	EXP 	instruction_text: autoDraw = True
9.3489 	EXP 	Device response: <KeyPress from None: t=9.331283100007568, value=space, duration=None>
9.3520 	EXP 	Imported AudioBookLoop.csv as conditions, 2 conditions, 4 params
9.3521 	EXP 	New trial (rep=0, index=0): <Trial 0 (0 in rep 0) data={'Book': 'kafka', 'AudioFile': '..\\audiobook_stimuli\\stimuli_audiobook\\audio01.wav', 'Question': '¿Quiénes son los protagonistas de esta historia? \n\n Escribí una respuesta de hasta 10 palabras. Cuando termines apretá [Enter] para continuar...', 'EndTrial': 'Apretá la barra espaciadora para continuar con el segundo cuento...', 'thisN': 0, 'thisTrialN': 0, 'thisRepN': 0}>
9.3522 	EXP 	New trial (rep=0, index=0): <Trial 0 (0 in rep 0) data={'thisN': 0, 'thisTrialN': 0, 'thisRepN': 0}>
9.3524 	EXP 	pip: sampleRate = 44100
9.3553 	INFO 	Resampled audio from 44100Hz to 48000Hz using method 'default'.
9.3556 	EXP 	Sound pip reached end of file
9.3629 	EXP 	Playing sound pip on speaker Speakers (Realtek(R) Audio)
9.3566 	DATA 	Keypress: space
9.3795 	EXP 	instruction_text: autoDraw = False
9.3795 	EXP 	polygon: autoDraw = True
9.4965 	EXP 	Device response: <KeyPress from None: t=9.331283100007568, value=space, duration=0.15280539999366738>
10.3656 	EXP 	Sound pip reached end of file
10.3795 	EXP 	Sound pip reached end of file
10.3809 	EXP 	window1: Attempting to measure frame rate of screen (0) ...
10.3810 	EXP 	window1: recordFrameIntervals = False
10.3963 	EXP 	polygon: autoDraw = False
10.3963 	EXP 	polygon: autoDraw = False
10.5463 	EXP 	window1: recordFrameIntervals = True
10.7297 	EXP 	Screen (0) actual frame rate measured at 59.95Hz
10.7297 	EXP 	window1: recordFrameIntervals = False
10.7300 	EXP 	audiobook: sampleRate = 48000
10.8158 	EXP 	Sound audiobook reached end of file
10.8296 	EXP 	Playing sound audiobook on speaker Speakers (Realtek(R) Audio)
10.8296 	EXP 	fixation: autoDraw = True
39.5475 	EXP 	Device response: <KeyPress from None: t=39.539729100011755, value=escape, duration=None>
39.5478 	DATA 	Keypress: escape
39.7643 	EXP 	Device response: <KeyPress from None: t=39.539729100011755, value=escape, duration=0.20811869998578914>
39.7643 	EXP 	audiobook_uncomitted_experiment: status = STOPPED
39.7804 	EXP 	fixation: autoDraw = False
39.7804 	EXP 	audiobook_uncomitted_experiment: status = STOPPED
39.7832 	INFO 	saved data to 'C:\\Users\\jocta\\repos\\speech-engagement\\unengaged_audiobook_experiment\\data\\182304_audiobook_uncomitted_experiment_2025-12-16_19h00.37.345.csv'
39.7837 	INFO 	saved data to C:\Users\jocta\repos\speech-engagement\unengaged_audiobook_experiment\data\182304_audiobook_uncomitted_experiment_2025-12-16_19h00.37.345.psydat
