1.1088 	WARNING 	psychopy.parallel has been imported but no parallel port driver found. Install either inpout32, inpoutx64 or dlportio
2.5601 	INFO 	Loaded monitor calibration from ['2025_12_16 10:09']
2.7557 	INFO 	Using renderer 'NVIDIA GeForce RTX 5070 Ti/PCIe/SSE2' for graphics
2.7557 	INFO 	OpenGL version supported by driver is 4..
2.7652 	EXP 	Created window1 = Window(allowGUI=False, allowStencil=True, autoLog=True, backendConf=UNKNOWN, backgroundFit=<method-wrapper '__getattribute__' of attributeSetter object at 0x000001F0819F9450>, backgroundImage=<method-wrapper '__getattribute__' of attributeSetter object at 0x000001F0819F93F0>, bitsMode=UNKNOWN, blendMode='avg', bpc=(8, 8, 8), color=array([0, 0, 0]), colorSpace='rgb', depthBits=8, fullscr=True, gamma=None, gammaErrorPolicy='raise', infoMsg=UNKNOWN, lms=UNKNOWN, monitor=<psychopy.monitors.calibTools.Monitor object at 0x000001F0811EDDB0>, multiSample=False, name='window1', numSamples=2, pos=[np.float64(0.0), np.float64(0.0)], screen=0, size=array([1920, 1080]), stencilBits=8, stereo=False, title='PsychoPy', units='height', useFBO=True, useRetina=False, viewOri=0.0, viewPos=None, viewScale=None, waitBlanking=True, winType='pyglet')
2.7653 	EXP 	window1: backgroundImage = ''
2.7653 	EXP 	window1: backgroundFit = 'none'
2.9314 	EXP 	window1: Attempting to measure frame rate of screen (0) ...
2.9314 	EXP 	window1: recordFrameIntervals = False
3.1082 	EXP 	window1: recordFrameIntervals = True
3.2917 	EXP 	Screen (0) actual frame rate measured at 59.98Hz
3.2917 	EXP 	window1: recordFrameIntervals = False
9.2520 	INFO 	keyboard.Keyboard is using iohub backend.
9.2520 	EXP 	audiobook_uncomitted_experiment: status = STARTED
9.3326 	EXP 	Created instruction_text = TextStim(__class__=<class 'psychopy.visual.text.TextStim'>, alignHoriz=method-wrapper(...), alignText='center', alignVert=method-wrapper(...), anchorHoriz='center', anchorVert='center', antialias=True, autoDraw=False, autoLog=True, bold=False, color=array([1., 1., 1.]), colorSpace='rgb', contrast=1.0, depth=0.0, draggable=False, flipHoriz=False, flipVert=False, font='Arial', fontFiles=[], height=np.float64(0.05), italic=False, languageStyle='LTR', name='instruction_text', opacity=1, ori=0.0, pos=array([0., 0.]), rgb=UNKNOWN, text=str(...), units='height', win=Window(...), wrapWidth=1)
9.3373 	EXP 	Created text = TextStim(__class__=<class 'psychopy.visual.text.TextStim'>, alignHoriz=method-wrapper(...), alignText='center', alignVert=method-wrapper(...), anchorHoriz='center', anchorVert='center', antialias=True, autoDraw=False, autoLog=True, bold=False, color=array([-1., -1.,  1.]), colorSpace='rgb', contrast=1.0, depth=-1.0, draggable=False, flipHoriz=False, flipVert=False, font='Arial', fontFiles=[], height=np.float64(0.05), italic=False, languageStyle='LTR', name='text', opacity=1, ori=0.0, pos=array([0.17 , 0.085]), rgb=UNKNOWN, text=str(...), units='height', win=Window(...), wrapWidth=1)
9.4678 	INFO 	Loaded psychtoolbox audio version 3.0.19.696976569
9.4903 	WARNING 	No default speaker specified in Preferences / Hardware, using first speaker found: Speakers (Realtek(R) Audio)
9.4954 	INFO 	Created stream for speaker device: Speakers (Realtek(R) Audio) (2.0)
9.4962 	EXP 	pip: sampleRate = 48000
9.4962 	EXP 	pip: channels = None
9.5013 	EXP 	Sound pip set volume 1.000
9.5031 	EXP 	Created polygon = ShapeStim(__class__=<class 'psychopy.visual.shape.ShapeStim'>, anchor=('center', 'center'), autoDraw=False, autoLog=True, closeShape=True, color=method-wrapper(...), colorSpace='rgb', contrast=None, depth=-1.0, draggable=False, fillColor=array([1, 1, 1]), fillColorSpace='rgb', fillRGB=array([1, 1, 1]), interpolate=True, lineColor=array([-1., -1., -1.]), lineColorSpace='rgb', lineRGB=array([-1, -1, -1]), lineWidth=1.0, name='polygon', opacity=1, ori=0.0, pos=array([0., 0.]), size=array([0.1, 0.1]), units='height', vertices=ndarray(...), win=Window(...), windingRule=None)
9.5075 	WARNING 	No default speaker specified in Preferences / Hardware, using first speaker found: Speakers (Realtek(R) Audio)
9.5105 	INFO 	Created stream for speaker device: Speakers (Realtek(R) Audio) (2.0)
9.5113 	EXP 	audiobook: sampleRate = 48000
9.5113 	EXP 	audiobook: channels = None
9.5157 	EXP 	Sound audiobook set volume 1.000
9.5169 	EXP 	Created fixation = ShapeStim(__class__=<class 'psychopy.visual.shape.ShapeStim'>, anchor=('center', 'center'), autoDraw=False, autoLog=True, closeShape=True, color=method-wrapper(...), colorSpace='rgb', contrast=None, depth=-2.0, draggable=False, fillColor=array([1, 1, 1]), fillColorSpace='rgb', fillRGB=array([1, 1, 1]), interpolate=True, lineColor=array([-1., -1., -1.]), lineColorSpace='rgb', lineRGB=array([-1, -1, -1]), lineWidth=1.0, name='fixation', opacity=1, ori=0.0, pos=array([0., 0.]), size=array([0.1, 0.1]), units='height', vertices=ndarray(...), win=Window(...), windingRule=None)
9.5173 	EXP 	Created question = TextStim(__class__=<class 'psychopy.visual.text.TextStim'>, alignHoriz=method-wrapper(...), alignText='center', alignVert=method-wrapper(...), anchorHoriz='center', anchorVert='center', antialias=True, autoDraw=False, autoLog=True, bold=False, color=array([1., 1., 1.]), colorSpace='rgb', contrast=1.0, depth=0.0, draggable=False, flipHoriz=False, flipVert=False, font='Arial', fontFiles=[], height=0.05, italic=False, languageStyle='LTR', name='question', opacity=1, ori=0.0, pos=array([0. , 0.1]), rgb=UNKNOWN, text='', units='height', win=Window(...), wrapWidth=1)
9.5222 	EXP 	Created Boton = TextStim(__class__=<class 'psychopy.visual.text.TextStim'>, alignHoriz=method-wrapper(...), alignText='center', alignVert=method-wrapper(...), anchorHoriz='center', anchorVert='center', antialias=True, autoDraw=False, autoLog=True, bold=False, color=array([1., 1., 1.]), colorSpace='rgb', contrast=1.0, depth=-1.0, draggable=False, flipHoriz=False, flipVert=False, font='Arial', fontFiles=[], height=np.float64(0.025), italic=False, languageStyle='LTR', name='Boton', opacity=1, ori=0.0, pos=array([ 0.45, -0.45]), rgb=UNKNOWN, text='Hace click izquierdo para continuar\n', units='height', win=Window(...), wrapWidth=1)
9.5267 	EXP 	Created spacebar_text = TextStim(__class__=<class 'psychopy.visual.text.TextStim'>, alignHoriz=method-wrapper(...), alignText='center', alignVert=method-wrapper(...), anchorHoriz='center', anchorVert='center', antialias=True, autoDraw=False, autoLog=True, bold=False, color=array([1., 1., 1.]), colorSpace='rgb', contrast=1.0, depth=0.0, draggable=False, flipHoriz=False, flipVert=False, font='Arial', fontFiles=[], height=0.05, italic=False, languageStyle='LTR', name='spacebar_text', opacity=1, ori=0.0, pos=array([0. , 0.1]), rgb=UNKNOWN, text='', units='height', win=Window(...), wrapWidth=1)
9.5310 	WARNING 	No default speaker specified in Preferences / Hardware, using first speaker found: Speakers (Realtek(R) Audio)
9.5339 	INFO 	Created stream for speaker device: Speakers (Realtek(R) Audio) (2.0)
9.5347 	EXP 	pip: sampleRate = 48000
9.5347 	EXP 	pip: channels = None
9.5397 	EXP 	Sound pip set volume 1.000
9.5409 	EXP 	Created polygon = ShapeStim(__class__=<class 'psychopy.visual.shape.ShapeStim'>, anchor=('center', 'center'), autoDraw=False, autoLog=True, closeShape=True, color=method-wrapper(...), colorSpace='rgb', contrast=None, depth=-1.0, draggable=False, fillColor=array([1, 1, 1]), fillColorSpace='rgb', fillRGB=array([1, 1, 1]), interpolate=True, lineColor=array([-1., -1., -1.]), lineColorSpace='rgb', lineRGB=array([-1, -1, -1]), lineWidth=1.0, name='polygon', opacity=1, ori=0.0, pos=array([0., 0.]), size=array([0.1, 0.1]), units='height', vertices=ndarray(...), win=Window(...), windingRule=None)
9.5468 	EXP 	Created last_prompt_text = TextStim(__class__=<class 'psychopy.visual.text.TextStim'>, alignHoriz=method-wrapper(...), alignText='center', alignVert=method-wrapper(...), anchorHoriz='center', anchorVert='center', antialias=True, autoDraw=False, autoLog=True, bold=False, color=array([1., 1., 1.]), colorSpace='rgb', contrast=1.0, depth=0.0, draggable=False, flipHoriz=False, flipVert=False, font='Arial', fontFiles=[], height=np.float64(0.05), italic=False, languageStyle='LTR', name='last_prompt_text', opacity=1, ori=0.0, pos=array([0., 0.]), rgb=UNKNOWN, text=str(...), units='height', win=Window(...), wrapWidth=1)
9.5507 	EXP 	Created congrats_text = TextStim(__class__=<class 'psychopy.visual.text.TextStim'>, alignHoriz=method-wrapper(...), alignText='center', alignVert=method-wrapper(...), anchorHoriz='center', anchorVert='center', antialias=True, autoDraw=False, autoLog=True, bold=False, color=array([1., 1., 1.]), colorSpace='rgb', contrast=1.0, depth=0.0, draggable=False, flipHoriz=False, flipVert=False, font='Arial', fontFiles=[], height=np.float64(0.05), italic=False, languageStyle='LTR', name='congrats_text', opacity=1, ori=0.0, pos=array([0., 0.]), rgb=UNKNOWN, text=str(...), units='height', win=Window(...), wrapWidth=1)
0.0831 	EXP 	answer: autoLog = True
0.0912 	INFO 	Keyboard events cleared
0.0911 	EXP 	instruction_text: autoDraw = True
0.0911 	EXP 	text: autoDraw = True
2.6264 	EXP 	Device response: <KeyPress from None: t=2.609102199989138, value=space, duration=None>
2.6301 	EXP 	Imported AudioBookLoop.csv as conditions, 2 conditions, 4 params
2.6303 	EXP 	New trial (rep=0, index=0): <Trial 0 (0 in rep 0) data={'Book': 'kafka', 'AudioFile': '..\\audiobook_stimuli\\stimuli_audiobook\\audio01.wav', 'Question': '¿Quiénes son los protagonistas de esta historia? \n\n Escribí una respuesta de hasta 10 palabras. Cuando termines apretá [Enter] para continuar...', 'EndTrial': 'Apretá la barra espaciadora para continuar con el segundo cuento...', 'thisN': 0, 'thisTrialN': 0, 'thisRepN': 0}>
2.6303 	EXP 	New trial (rep=0, index=0): <Trial 0 (0 in rep 0) data={'thisN': 0, 'thisTrialN': 0, 'thisRepN': 0}>
2.6306 	EXP 	pip: sampleRate = 44100
2.6334 	INFO 	Resampled audio from 44100Hz to 48000Hz using method 'default'.
2.6336 	EXP 	Sound pip reached end of file
2.6411 	EXP 	Playing sound pip on speaker Speakers (Realtek(R) Audio)
2.6344 	DATA 	Keypress: space
2.6411 	EXP 	instruction_text: autoDraw = False
2.6411 	EXP 	text: autoDraw = False
2.6411 	EXP 	polygon: autoDraw = True
2.6748 	EXP 	Device response: <KeyPress from None: t=2.609102199989138, value=space, duration=0.06306260000565089>
3.6414 	EXP 	Sound pip reached end of file
3.6579 	EXP 	Sound pip reached end of file
3.6592 	EXP 	window1: Attempting to measure frame rate of screen (0) ...
3.6593 	EXP 	window1: recordFrameIntervals = False
3.6745 	EXP 	polygon: autoDraw = False
3.6745 	EXP 	polygon: autoDraw = False
3.8246 	EXP 	window1: recordFrameIntervals = True
4.0080 	EXP 	Screen (0) actual frame rate measured at 60.00Hz
4.0080 	EXP 	window1: recordFrameIntervals = False
4.0082 	EXP 	audiobook: sampleRate = 48000
4.0946 	EXP 	Sound audiobook reached end of file
4.1079 	EXP 	Playing sound audiobook on speaker Speakers (Realtek(R) Audio)
4.1079 	EXP 	fixation: autoDraw = True
42.9598 	EXP 	Device response: <KeyPress from None: t=42.94412659999216, value=escape, duration=None>
42.9601 	DATA 	Keypress: escape
43.0264 	EXP 	Device response: <KeyPress from None: t=42.94412659999216, value=escape, duration=0.08053940001991577>
43.0264 	EXP 	audiobook_uncomitted_experiment: status = STOPPED
43.0427 	EXP 	fixation: autoDraw = False
43.0428 	EXP 	audiobook_uncomitted_experiment: status = STOPPED
43.0455 	INFO 	saved data to 'C:\\Users\\jocta\\repos\\speech-engagement\\unengaged_audiobook_experiment\\data\\295407_audiobook_uncomitted_experiment_2025-12-16_19h28.33.939.csv'
43.0459 	INFO 	saved data to C:\Users\jocta\repos\speech-engagement\unengaged_audiobook_experiment\data\295407_audiobook_uncomitted_experiment_2025-12-16_19h28.33.939.psydat
