1.0962 	WARNING 	psychopy.parallel has been imported but no parallel port driver found. Install either inpout32, inpoutx64 or dlportio
2.7505 	INFO 	Loaded monitor calibration from ['2025_12_16 10:09']
2.9135 	INFO 	Using renderer 'NVIDIA GeForce RTX 5070 Ti/PCIe/SSE2' for graphics
2.9136 	INFO 	OpenGL version supported by driver is 4..
2.9236 	EXP 	Created window1 = Window(allowGUI=False, allowStencil=True, autoLog=True, backendConf=UNKNOWN, backgroundFit=<method-wrapper '__getattribute__' of attributeSetter object at 0x0000028C7E7393F0>, backgroundImage=<method-wrapper '__getattribute__' of attributeSetter object at 0x0000028C7E739390>, bitsMode=UNKNOWN, blendMode='avg', bpc=(8, 8, 8), color=array([0, 0, 0]), colorSpace='rgb', depthBits=8, fullscr=True, gamma=None, gammaErrorPolicy='raise', infoMsg=UNKNOWN, lms=UNKNOWN, monitor=<psychopy.monitors.calibTools.Monitor object at 0x0000028C003E5D50>, multiSample=False, name='window1', numSamples=2, pos=[np.float64(0.0), np.float64(0.0)], screen=0, size=array([1920, 1080]), stencilBits=8, stereo=False, title='PsychoPy', units='height', useFBO=True, useRetina=False, viewOri=0.0, viewPos=None, viewScale=None, waitBlanking=True, winType='pyglet')
2.9236 	EXP 	window1: backgroundImage = ''
2.9236 	EXP 	window1: backgroundFit = 'none'
3.0896 	EXP 	window1: Attempting to measure frame rate of screen (0) ...
3.0896 	EXP 	window1: recordFrameIntervals = False
3.2582 	EXP 	window1: recordFrameIntervals = True
3.4416 	EXP 	Screen (0) actual frame rate measured at 60.01Hz
3.4416 	EXP 	window1: recordFrameIntervals = False
9.4055 	INFO 	keyboard.Keyboard is using iohub backend.
9.4056 	EXP 	audiobook_uncomitted_experiment: status = STARTED
9.4789 	EXP 	Created instruction_text = TextStim(__class__=<class 'psychopy.visual.text.TextStim'>, alignHoriz=method-wrapper(...), alignText='center', alignVert=method-wrapper(...), anchorHoriz='center', anchorVert='center', antialias=True, autoDraw=False, autoLog=True, bold=False, color=array([1., 1., 1.]), colorSpace='rgb', contrast=1.0, depth=0.0, draggable=False, flipHoriz=False, flipVert=False, font='Arial', fontFiles=[], height=np.float64(0.05), italic=False, languageStyle='LTR', name='instruction_text', opacity=1, ori=0.0, pos=array([0., 0.]), rgb=UNKNOWN, text=str(...), units='height', win=Window(...), wrapWidth=1)
9.4819 	EXP 	Created text = TextStim(__class__=<class 'psychopy.visual.text.TextStim'>, alignHoriz=method-wrapper(...), alignText='center', alignVert=method-wrapper(...), anchorHoriz='center', anchorVert='center', antialias=True, autoDraw=False, autoLog=True, bold=False, color=array([-1., -1.,  1.]), colorSpace='rgb', contrast=1.0, depth=-1.0, draggable=False, flipHoriz=False, flipVert=False, font='Arial', fontFiles=[], height=np.float64(0.05), italic=False, languageStyle='LTR', name='text', opacity=1, ori=0.0, pos=array([0.2  , 0.125]), rgb=UNKNOWN, text=str(...), units='height', win=Window(...), wrapWidth=1)
9.6089 	INFO 	Loaded psychtoolbox audio version 3.0.19.696976569
9.6291 	WARNING 	No default speaker specified in Preferences / Hardware, using first speaker found: Speakers (Realtek(R) Audio)
9.6334 	INFO 	Created stream for speaker device: Speakers (Realtek(R) Audio) (2.0)
9.6342 	EXP 	pip: sampleRate = 48000
9.6343 	EXP 	pip: channels = None
9.6390 	EXP 	Sound pip set volume 1.000
9.6408 	EXP 	Created polygon = ShapeStim(__class__=<class 'psychopy.visual.shape.ShapeStim'>, anchor=('center', 'center'), autoDraw=False, autoLog=True, closeShape=True, color=method-wrapper(...), colorSpace='rgb', contrast=None, depth=-1.0, draggable=False, fillColor=array([1, 1, 1]), fillColorSpace='rgb', fillRGB=array([1, 1, 1]), interpolate=True, lineColor=array([-1., -1., -1.]), lineColorSpace='rgb', lineRGB=array([-1, -1, -1]), lineWidth=1.0, name='polygon', opacity=1, ori=0.0, pos=array([0., 0.]), size=array([0.1, 0.1]), units='height', vertices=ndarray(...), win=Window(...), windingRule=None)
9.6451 	WARNING 	No default speaker specified in Preferences / Hardware, using first speaker found: Speakers (Realtek(R) Audio)
9.6480 	INFO 	Created stream for speaker device: Speakers (Realtek(R) Audio) (2.0)
9.6487 	EXP 	audiobook: sampleRate = 48000
9.6488 	EXP 	audiobook: channels = None
9.6529 	EXP 	Sound audiobook set volume 1.000
9.6540 	EXP 	Created fixation = ShapeStim(__class__=<class 'psychopy.visual.shape.ShapeStim'>, anchor=('center', 'center'), autoDraw=False, autoLog=True, closeShape=True, color=method-wrapper(...), colorSpace='rgb', contrast=None, depth=-2.0, draggable=False, fillColor=array([1, 1, 1]), fillColorSpace='rgb', fillRGB=array([1, 1, 1]), interpolate=True, lineColor=array([-1., -1., -1.]), lineColorSpace='rgb', lineRGB=array([-1, -1, -1]), lineWidth=1.0, name='fixation', opacity=1, ori=0.0, pos=array([0., 0.]), size=array([0.1, 0.1]), units='height', vertices=ndarray(...), win=Window(...), windingRule=None)
9.6544 	EXP 	Created question = TextStim(__class__=<class 'psychopy.visual.text.TextStim'>, alignHoriz=method-wrapper(...), alignText='center', alignVert=method-wrapper(...), anchorHoriz='center', anchorVert='center', antialias=True, autoDraw=False, autoLog=True, bold=False, color=array([1., 1., 1.]), colorSpace='rgb', contrast=1.0, depth=0.0, draggable=False, flipHoriz=False, flipVert=False, font='Arial', fontFiles=[], height=0.05, italic=False, languageStyle='LTR', name='question', opacity=1, ori=0.0, pos=array([0. , 0.1]), rgb=UNKNOWN, text='', units='height', win=Window(...), wrapWidth=1)
9.6589 	EXP 	Created Boton = TextStim(__class__=<class 'psychopy.visual.text.TextStim'>, alignHoriz=method-wrapper(...), alignText='center', alignVert=method-wrapper(...), anchorHoriz='center', anchorVert='center', antialias=True, autoDraw=False, autoLog=True, bold=False, color=array([1., 1., 1.]), colorSpace='rgb', contrast=1.0, depth=-1.0, draggable=False, flipHoriz=False, flipVert=False, font='Arial', fontFiles=[], height=np.float64(0.025), italic=False, languageStyle='LTR', name='Boton', opacity=1, ori=0.0, pos=array([ 0.45, -0.45]), rgb=UNKNOWN, text='Hace click izquierdo para continuar\n', units='height', win=Window(...), wrapWidth=1)
9.6633 	EXP 	Created spacebar_text = TextStim(__class__=<class 'psychopy.visual.text.TextStim'>, alignHoriz=method-wrapper(...), alignText='center', alignVert=method-wrapper(...), anchorHoriz='center', anchorVert='center', antialias=True, autoDraw=False, autoLog=True, bold=False, color=array([1., 1., 1.]), colorSpace='rgb', contrast=1.0, depth=0.0, draggable=False, flipHoriz=False, flipVert=False, font='Arial', fontFiles=[], height=0.05, italic=False, languageStyle='LTR', name='spacebar_text', opacity=1, ori=0.0, pos=array([0. , 0.1]), rgb=UNKNOWN, text='', units='height', win=Window(...), wrapWidth=1)
9.6674 	WARNING 	No default speaker specified in Preferences / Hardware, using first speaker found: Speakers (Realtek(R) Audio)
9.6703 	INFO 	Created stream for speaker device: Speakers (Realtek(R) Audio) (2.0)
9.6711 	EXP 	pip: sampleRate = 48000
9.6711 	EXP 	pip: channels = None
9.6758 	EXP 	Sound pip set volume 1.000
9.6770 	EXP 	Created polygon = ShapeStim(__class__=<class 'psychopy.visual.shape.ShapeStim'>, anchor=('center', 'center'), autoDraw=False, autoLog=True, closeShape=True, color=method-wrapper(...), colorSpace='rgb', contrast=None, depth=-1.0, draggable=False, fillColor=array([1, 1, 1]), fillColorSpace='rgb', fillRGB=array([1, 1, 1]), interpolate=True, lineColor=array([-1., -1., -1.]), lineColorSpace='rgb', lineRGB=array([-1, -1, -1]), lineWidth=1.0, name='polygon', opacity=1, ori=0.0, pos=array([0., 0.]), size=array([0.1, 0.1]), units='height', vertices=ndarray(...), win=Window(...), windingRule=None)
9.6829 	EXP 	Created last_prompt_text = TextStim(__class__=<class 'psychopy.visual.text.TextStim'>, alignHoriz=method-wrapper(...), alignText='center', alignVert=method-wrapper(...), anchorHoriz='center', anchorVert='center', antialias=True, autoDraw=False, autoLog=True, bold=False, color=array([1., 1., 1.]), colorSpace='rgb', contrast=1.0, depth=0.0, draggable=False, flipHoriz=False, flipVert=False, font='Arial', fontFiles=[], height=np.float64(0.05), italic=False, languageStyle='LTR', name='last_prompt_text', opacity=1, ori=0.0, pos=array([0., 0.]), rgb=UNKNOWN, text=str(...), units='height', win=Window(...), wrapWidth=1)
9.6866 	EXP 	Created congrats_text = TextStim(__class__=<class 'psychopy.visual.text.TextStim'>, alignHoriz=method-wrapper(...), alignText='center', alignVert=method-wrapper(...), anchorHoriz='center', anchorVert='center', antialias=True, autoDraw=False, autoLog=True, bold=False, color=array([1., 1., 1.]), colorSpace='rgb', contrast=1.0, depth=0.0, draggable=False, flipHoriz=False, flipVert=False, font='Arial', fontFiles=[], height=np.float64(0.05), italic=False, languageStyle='LTR', name='congrats_text', opacity=1, ori=0.0, pos=array([0., 0.]), rgb=UNKNOWN, text=str(...), units='height', win=Window(...), wrapWidth=1)
0.0793 	EXP 	answer: autoLog = True
0.0886 	INFO 	Keyboard events cleared
0.0884 	EXP 	instruction_text: autoDraw = True
0.0884 	EXP 	text: autoDraw = True
6.4750 	EXP 	Device response: <KeyPress from None: t=6.470732499990845, value=escape, duration=None>
6.4757 	DATA 	Keypress: escape
6.6057 	EXP 	Device response: <KeyPress from None: t=6.470732499990845, value=escape, duration=0.12003900000127032>
6.6058 	EXP 	audiobook_uncomitted_experiment: status = STOPPED
6.6222 	EXP 	instruction_text: autoDraw = False
6.6222 	EXP 	text: autoDraw = False
6.6222 	EXP 	audiobook_uncomitted_experiment: status = STOPPED
6.6245 	INFO 	saved data to 'C:\\Users\\jocta\\repos\\speech-engagement\\unengaged_audiobook_experiment\\data\\434419_audiobook_uncomitted_experiment_2025-12-16_19h18.15.773.csv'
6.6248 	INFO 	saved data to C:\Users\jocta\repos\speech-engagement\unengaged_audiobook_experiment\data\434419_audiobook_uncomitted_experiment_2025-12-16_19h18.15.773.psydat
