1.1098 	WARNING 	psychopy.parallel has been imported but no parallel port driver found. Install either inpout32, inpoutx64 or dlportio
2.2709 	INFO 	Loaded monitor calibration from ['2025_12_16 10:09']
2.4361 	INFO 	Using renderer 'NVIDIA GeForce RTX 5070 Ti/PCIe/SSE2' for graphics
2.4361 	INFO 	OpenGL version supported by driver is 4..
2.4454 	EXP 	Created window1 = Window(allowGUI=False, allowStencil=True, autoLog=True, backendConf=UNKNOWN, backgroundFit=<method-wrapper '__getattribute__' of attributeSetter object at 0x000001F142F293F0>, backgroundImage=<method-wrapper '__getattribute__' of attributeSetter object at 0x000001F142F29390>, bitsMode=UNKNOWN, blendMode='avg', bpc=(8, 8, 8), color=array([0, 0, 0]), colorSpace='rgb', depthBits=8, fullscr=True, gamma=None, gammaErrorPolicy='raise', infoMsg=UNKNOWN, lms=UNKNOWN, monitor=<psychopy.monitors.calibTools.Monitor object at 0x000001F1426D5D50>, multiSample=False, name='window1', numSamples=2, pos=[np.float64(0.0), np.float64(0.0)], screen=0, size=array([1920, 1080]), stencilBits=8, stereo=False, title='PsychoPy', units='height', useFBO=True, useRetina=False, viewOri=0.0, viewPos=None, viewScale=None, waitBlanking=True, winType='pyglet')
2.4455 	EXP 	window1: backgroundImage = ''
2.4455 	EXP 	window1: backgroundFit = 'none'
2.6104 	EXP 	window1: Attempting to measure frame rate of screen (0) ...
2.6104 	EXP 	window1: recordFrameIntervals = False
2.7954 	EXP 	window1: recordFrameIntervals = True
2.9788 	EXP 	Screen (0) actual frame rate measured at 60.01Hz
2.9788 	EXP 	window1: recordFrameIntervals = False
8.9431 	INFO 	keyboard.Keyboard is using iohub backend.
8.9431 	EXP 	audiobook_uncomitted_experiment: status = STARTED
9.0165 	EXP 	Created instruction_text = TextStim(__class__=<class 'psychopy.visual.text.TextStim'>, alignHoriz=method-wrapper(...), alignText='center', alignVert=method-wrapper(...), anchorHoriz='center', anchorVert='center', antialias=True, autoDraw=False, autoLog=True, bold=False, color=array([1., 1., 1.]), colorSpace='rgb', contrast=1.0, depth=0.0, draggable=False, flipHoriz=False, flipVert=False, font='Arial', fontFiles=[], height=np.float64(0.05), italic=False, languageStyle='LTR', name='instruction_text', opacity=1, ori=0.0, pos=array([0., 0.]), rgb=UNKNOWN, text=str(...), units='height', win=Window(...), wrapWidth=1)
9.0194 	EXP 	Created text = TextStim(__class__=<class 'psychopy.visual.text.TextStim'>, alignHoriz=method-wrapper(...), alignText='center', alignVert=method-wrapper(...), anchorHoriz='center', anchorVert='center', antialias=True, autoDraw=False, autoLog=True, bold=False, color=array([-1., -1.,  1.]), colorSpace='rgb', contrast=1.0, depth=-1.0, draggable=False, flipHoriz=False, flipVert=False, font='Arial', fontFiles=[], height=np.float64(0.05), italic=False, languageStyle='LTR', name='text', opacity=1, ori=0.0, pos=array([0.17 , 0.085]), rgb=UNKNOWN, text=str(...), units='height', win=Window(...), wrapWidth=1)
9.1476 	INFO 	Loaded psychtoolbox audio version 3.0.19.696976569
9.1675 	WARNING 	No default speaker specified in Preferences / Hardware, using first speaker found: Speakers (Realtek(R) Audio)
9.1720 	INFO 	Created stream for speaker device: Speakers (Realtek(R) Audio) (2.0)
9.1729 	EXP 	pip: sampleRate = 48000
9.1729 	EXP 	pip: channels = None
9.1776 	EXP 	Sound pip set volume 1.000
9.1794 	EXP 	Created polygon = ShapeStim(__class__=<class 'psychopy.visual.shape.ShapeStim'>, anchor=('center', 'center'), autoDraw=False, autoLog=True, closeShape=True, color=method-wrapper(...), colorSpace='rgb', contrast=None, depth=-1.0, draggable=False, fillColor=array([1, 1, 1]), fillColorSpace='rgb', fillRGB=array([1, 1, 1]), interpolate=True, lineColor=array([-1., -1., -1.]), lineColorSpace='rgb', lineRGB=array([-1, -1, -1]), lineWidth=1.0, name='polygon', opacity=1, ori=0.0, pos=array([0., 0.]), size=array([0.1, 0.1]), units='height', vertices=ndarray(...), win=Window(...), windingRule=None)
9.1836 	WARNING 	No default speaker specified in Preferences / Hardware, using first speaker found: Speakers (Realtek(R) Audio)
9.1864 	INFO 	Created stream for speaker device: Speakers (Realtek(R) Audio) (2.0)
9.1872 	EXP 	audiobook: sampleRate = 48000
9.1872 	EXP 	audiobook: channels = None
9.1913 	EXP 	Sound audiobook set volume 1.000
9.1924 	EXP 	Created fixation = ShapeStim(__class__=<class 'psychopy.visual.shape.ShapeStim'>, anchor=('center', 'center'), autoDraw=False, autoLog=True, closeShape=True, color=method-wrapper(...), colorSpace='rgb', contrast=None, depth=-2.0, draggable=False, fillColor=array([1, 1, 1]), fillColorSpace='rgb', fillRGB=array([1, 1, 1]), interpolate=True, lineColor=array([-1., -1., -1.]), lineColorSpace='rgb', lineRGB=array([-1, -1, -1]), lineWidth=1.0, name='fixation', opacity=1, ori=0.0, pos=array([0., 0.]), size=array([0.1, 0.1]), units='height', vertices=ndarray(...), win=Window(...), windingRule=None)
9.1928 	EXP 	Created question = TextStim(__class__=<class 'psychopy.visual.text.TextStim'>, alignHoriz=method-wrapper(...), alignText='center', alignVert=method-wrapper(...), anchorHoriz='center', anchorVert='center', antialias=True, autoDraw=False, autoLog=True, bold=False, color=array([1., 1., 1.]), colorSpace='rgb', contrast=1.0, depth=0.0, draggable=False, flipHoriz=False, flipVert=False, font='Arial', fontFiles=[], height=0.05, italic=False, languageStyle='LTR', name='question', opacity=1, ori=0.0, pos=array([0. , 0.1]), rgb=UNKNOWN, text='', units='height', win=Window(...), wrapWidth=1)
9.1977 	EXP 	Created Boton = TextStim(__class__=<class 'psychopy.visual.text.TextStim'>, alignHoriz=method-wrapper(...), alignText='center', alignVert=method-wrapper(...), anchorHoriz='center', anchorVert='center', antialias=True, autoDraw=False, autoLog=True, bold=False, color=array([1., 1., 1.]), colorSpace='rgb', contrast=1.0, depth=-1.0, draggable=False, flipHoriz=False, flipVert=False, font='Arial', fontFiles=[], height=np.float64(0.025), italic=False, languageStyle='LTR', name='Boton', opacity=1, ori=0.0, pos=array([ 0.45, -0.45]), rgb=UNKNOWN, text='Hace click izquierdo para continuar\n', units='height', win=Window(...), wrapWidth=1)
9.2021 	EXP 	Created spacebar_text = TextStim(__class__=<class 'psychopy.visual.text.TextStim'>, alignHoriz=method-wrapper(...), alignText='center', alignVert=method-wrapper(...), anchorHoriz='center', anchorVert='center', antialias=True, autoDraw=False, autoLog=True, bold=False, color=array([1., 1., 1.]), colorSpace='rgb', contrast=1.0, depth=0.0, draggable=False, flipHoriz=False, flipVert=False, font='Arial', fontFiles=[], height=0.05, italic=False, languageStyle='LTR', name='spacebar_text', opacity=1, ori=0.0, pos=array([0. , 0.1]), rgb=UNKNOWN, text='', units='height', win=Window(...), wrapWidth=1)
9.2064 	WARNING 	No default speaker specified in Preferences / Hardware, using first speaker found: Speakers (Realtek(R) Audio)
9.2093 	INFO 	Created stream for speaker device: Speakers (Realtek(R) Audio) (2.0)
9.2102 	EXP 	pip: sampleRate = 48000
9.2102 	EXP 	pip: channels = None
9.2148 	EXP 	Sound pip set volume 1.000
9.2159 	EXP 	Created polygon = ShapeStim(__class__=<class 'psychopy.visual.shape.ShapeStim'>, anchor=('center', 'center'), autoDraw=False, autoLog=True, closeShape=True, color=method-wrapper(...), colorSpace='rgb', contrast=None, depth=-1.0, draggable=False, fillColor=array([1, 1, 1]), fillColorSpace='rgb', fillRGB=array([1, 1, 1]), interpolate=True, lineColor=array([-1., -1., -1.]), lineColorSpace='rgb', lineRGB=array([-1, -1, -1]), lineWidth=1.0, name='polygon', opacity=1, ori=0.0, pos=array([0., 0.]), size=array([0.1, 0.1]), units='height', vertices=ndarray(...), win=Window(...), windingRule=None)
9.2224 	EXP 	Created last_prompt_text = TextStim(__class__=<class 'psychopy.visual.text.TextStim'>, alignHoriz=method-wrapper(...), alignText='center', alignVert=method-wrapper(...), anchorHoriz='center', anchorVert='center', antialias=True, autoDraw=False, autoLog=True, bold=False, color=array([1., 1., 1.]), colorSpace='rgb', contrast=1.0, depth=0.0, draggable=False, flipHoriz=False, flipVert=False, font='Arial', fontFiles=[], height=np.float64(0.05), italic=False, languageStyle='LTR', name='last_prompt_text', opacity=1, ori=0.0, pos=array([0., 0.]), rgb=UNKNOWN, text=str(...), units='height', win=Window(...), wrapWidth=1)
9.2265 	EXP 	Created congrats_text = TextStim(__class__=<class 'psychopy.visual.text.TextStim'>, alignHoriz=method-wrapper(...), alignText='center', alignVert=method-wrapper(...), anchorHoriz='center', anchorVert='center', antialias=True, autoDraw=False, autoLog=True, bold=False, color=array([1., 1., 1.]), colorSpace='rgb', contrast=1.0, depth=0.0, draggable=False, flipHoriz=False, flipVert=False, font='Arial', fontFiles=[], height=np.float64(0.05), italic=False, languageStyle='LTR', name='congrats_text', opacity=1, ori=0.0, pos=array([0., 0.]), rgb=UNKNOWN, text=str(...), units='height', win=Window(...), wrapWidth=1)
0.0788 	EXP 	answer: autoLog = True
0.0860 	INFO 	Keyboard events cleared
0.0859 	EXP 	instruction_text: autoDraw = True
0.0859 	EXP 	text: autoDraw = True
12.1382 	EXP 	Device response: <KeyPress from None: t=12.131579400011105, value=space, duration=None>
12.1412 	EXP 	Imported AudioBookLoop.csv as conditions, 2 conditions, 4 params
12.1413 	EXP 	New trial (rep=0, index=0): <Trial 0 (0 in rep 0) data={'Book': 'kafka', 'AudioFile': '..\\audiobook_stimuli\\stimuli_audiobook\\audio01.wav', 'Question': '¿Quiénes son los protagonistas de esta historia? \n\n Escribí una respuesta de hasta 10 palabras. Cuando termines apretá [Enter] para continuar...', 'EndTrial': 'Apretá la barra espaciadora para continuar con el segundo cuento...', 'thisN': 0, 'thisTrialN': 0, 'thisRepN': 0}>
12.1414 	EXP 	New trial (rep=0, index=0): <Trial 0 (0 in rep 0) data={'thisN': 0, 'thisTrialN': 0, 'thisRepN': 0}>
12.1416 	EXP 	pip: sampleRate = 44100
12.1444 	INFO 	Resampled audio from 44100Hz to 48000Hz using method 'default'.
12.1447 	EXP 	Sound pip reached end of file
12.1530 	EXP 	Playing sound pip on speaker Speakers (Realtek(R) Audio)
12.1457 	DATA 	Keypress: space
12.1533 	EXP 	instruction_text: autoDraw = False
12.1533 	EXP 	text: autoDraw = False
12.1533 	EXP 	polygon: autoDraw = True
12.2867 	EXP 	Device response: <KeyPress from None: t=12.131579400011105, value=space, duration=0.1521041999803856>
13.1599 	EXP 	Sound pip reached end of file
13.1699 	EXP 	Sound pip reached end of file
13.1712 	EXP 	window1: Attempting to measure frame rate of screen (0) ...
13.1712 	EXP 	window1: recordFrameIntervals = False
13.1864 	EXP 	polygon: autoDraw = False
13.1864 	EXP 	polygon: autoDraw = False
13.3363 	EXP 	window1: recordFrameIntervals = True
13.5197 	EXP 	Screen (0) actual frame rate measured at 60.05Hz
13.5197 	EXP 	window1: recordFrameIntervals = False
13.5200 	EXP 	audiobook: sampleRate = 48000
13.6057 	EXP 	Sound audiobook reached end of file
13.6197 	EXP 	Playing sound audiobook on speaker Speakers (Realtek(R) Audio)
13.6197 	EXP 	fixation: autoDraw = True
79.4723 	EXP 	Device response: <KeyPress from None: t=79.46792279998772, value=escape, duration=None>
79.4726 	DATA 	Keypress: escape
79.6723 	EXP 	Device response: <KeyPress from None: t=79.46792279998772, value=escape, duration=0.19241210000473075>
79.6723 	EXP 	audiobook_uncomitted_experiment: status = STOPPED
79.6886 	EXP 	fixation: autoDraw = False
79.6886 	EXP 	audiobook_uncomitted_experiment: status = STOPPED
79.6911 	INFO 	saved data to 'C:\\Users\\jocta\\repos\\speech-engagement\\unengaged_audiobook_experiment\\data\\609307_audiobook_uncomitted_experiment_2025-12-16_19h24.28.211.csv'
79.6916 	INFO 	saved data to C:\Users\jocta\repos\speech-engagement\unengaged_audiobook_experiment\data\609307_audiobook_uncomitted_experiment_2025-12-16_19h24.28.211.psydat
