1.0992 	WARNING 	psychopy.parallel has been imported but no parallel port driver found. Install either inpout32, inpoutx64 or dlportio
3.0380 	INFO 	Loaded monitor calibration from ['2025_12_16 10:09']
3.2043 	INFO 	Using renderer 'NVIDIA GeForce RTX 5070 Ti/PCIe/SSE2' for graphics
3.2043 	INFO 	OpenGL version supported by driver is 4..
3.2146 	EXP 	Created window1 = Window(allowGUI=False, allowStencil=True, autoLog=True, backendConf=UNKNOWN, backgroundFit=<method-wrapper '__getattribute__' of attributeSetter object at 0x00000249596093F0>, backgroundImage=<method-wrapper '__getattribute__' of attributeSetter object at 0x0000024959609390>, bitsMode=UNKNOWN, blendMode='avg', bpc=(8, 8, 8), color=array([0, 0, 0]), colorSpace='rgb', depthBits=8, fullscr=True, gamma=None, gammaErrorPolicy='raise', infoMsg=UNKNOWN, lms=UNKNOWN, monitor=<psychopy.monitors.calibTools.Monitor object at 0x0000024958DB5D50>, multiSample=False, name='window1', numSamples=2, pos=[np.float64(0.0), np.float64(0.0)], screen=0, size=array([1920, 1080]), stencilBits=8, stereo=False, title='PsychoPy', units='height', useFBO=True, useRetina=False, viewOri=0.0, viewPos=None, viewScale=None, waitBlanking=True, winType='pyglet')
3.2146 	EXP 	window1: backgroundImage = ''
3.2146 	EXP 	window1: backgroundFit = 'none'
3.3820 	EXP 	window1: Attempting to measure frame rate of screen (0) ...
3.3820 	EXP 	window1: recordFrameIntervals = False
3.5425 	EXP 	window1: recordFrameIntervals = True
3.7258 	EXP 	Screen (0) actual frame rate measured at 60.00Hz
3.7258 	EXP 	window1: recordFrameIntervals = False
9.6883 	INFO 	keyboard.Keyboard is using iohub backend.
9.6884 	EXP 	audiobook_uncomitted_experiment: status = STARTED
9.7597 	EXP 	Created instruction_text = TextStim(__class__=<class 'psychopy.visual.text.TextStim'>, alignHoriz=method-wrapper(...), alignText='center', alignVert=method-wrapper(...), anchorHoriz='center', anchorVert='center', antialias=True, autoDraw=False, autoLog=True, bold=False, color=array([1., 1., 1.]), colorSpace='rgb', contrast=1.0, depth=0.0, draggable=False, flipHoriz=False, flipVert=False, font='Arial', fontFiles=[], height=np.float64(0.05), italic=False, languageStyle='LTR', name='instruction_text', opacity=1, ori=0.0, pos=array([0., 0.]), rgb=UNKNOWN, text=str(...), units='height', win=Window(...), wrapWidth=1)
9.7628 	EXP 	Created text = TextStim(__class__=<class 'psychopy.visual.text.TextStim'>, alignHoriz=method-wrapper(...), alignText='center', alignVert=method-wrapper(...), anchorHoriz='center', anchorVert='center', antialias=True, autoDraw=False, autoLog=True, bold=False, color=array([-1., -1.,  1.]), colorSpace='rgb', contrast=1.0, depth=-1.0, draggable=False, flipHoriz=False, flipVert=False, font='Arial', fontFiles=[], height=np.float64(0.05), italic=False, languageStyle='LTR', name='text', opacity=1, ori=0.0, pos=array([0.025, 0.25 ]), rgb=UNKNOWN, text=str(...), units='height', win=Window(...), wrapWidth=1)
9.8909 	INFO 	Loaded psychtoolbox audio version 3.0.19.696976569
9.9100 	WARNING 	No default speaker specified in Preferences / Hardware, using first speaker found: Speakers (Realtek(R) Audio)
9.9143 	INFO 	Created stream for speaker device: Speakers (Realtek(R) Audio) (2.0)
9.9151 	EXP 	pip: sampleRate = 48000
9.9151 	EXP 	pip: channels = None
9.9198 	EXP 	Sound pip set volume 1.000
9.9217 	EXP 	Created polygon = ShapeStim(__class__=<class 'psychopy.visual.shape.ShapeStim'>, anchor=('center', 'center'), autoDraw=False, autoLog=True, closeShape=True, color=method-wrapper(...), colorSpace='rgb', contrast=None, depth=-1.0, draggable=False, fillColor=array([1, 1, 1]), fillColorSpace='rgb', fillRGB=array([1, 1, 1]), interpolate=True, lineColor=array([-1., -1., -1.]), lineColorSpace='rgb', lineRGB=array([-1, -1, -1]), lineWidth=1.0, name='polygon', opacity=1, ori=0.0, pos=array([0., 0.]), size=array([0.1, 0.1]), units='height', vertices=ndarray(...), win=Window(...), windingRule=None)
9.9260 	WARNING 	No default speaker specified in Preferences / Hardware, using first speaker found: Speakers (Realtek(R) Audio)
9.9289 	INFO 	Created stream for speaker device: Speakers (Realtek(R) Audio) (2.0)
9.9297 	EXP 	audiobook: sampleRate = 48000
9.9297 	EXP 	audiobook: channels = None
9.9338 	EXP 	Sound audiobook set volume 1.000
9.9350 	EXP 	Created fixation = ShapeStim(__class__=<class 'psychopy.visual.shape.ShapeStim'>, anchor=('center', 'center'), autoDraw=False, autoLog=True, closeShape=True, color=method-wrapper(...), colorSpace='rgb', contrast=None, depth=-2.0, draggable=False, fillColor=array([1, 1, 1]), fillColorSpace='rgb', fillRGB=array([1, 1, 1]), interpolate=True, lineColor=array([-1., -1., -1.]), lineColorSpace='rgb', lineRGB=array([-1, -1, -1]), lineWidth=1.0, name='fixation', opacity=1, ori=0.0, pos=array([0., 0.]), size=array([0.1, 0.1]), units='height', vertices=ndarray(...), win=Window(...), windingRule=None)
9.9353 	EXP 	Created question = TextStim(__class__=<class 'psychopy.visual.text.TextStim'>, alignHoriz=method-wrapper(...), alignText='center', alignVert=method-wrapper(...), anchorHoriz='center', anchorVert='center', antialias=True, autoDraw=False, autoLog=True, bold=False, color=array([1., 1., 1.]), colorSpace='rgb', contrast=1.0, depth=0.0, draggable=False, flipHoriz=False, flipVert=False, font='Arial', fontFiles=[], height=0.05, italic=False, languageStyle='LTR', name='question', opacity=1, ori=0.0, pos=array([0. , 0.1]), rgb=UNKNOWN, text='', units='height', win=Window(...), wrapWidth=1)
9.9402 	EXP 	Created Boton = TextStim(__class__=<class 'psychopy.visual.text.TextStim'>, alignHoriz=method-wrapper(...), alignText='center', alignVert=method-wrapper(...), anchorHoriz='center', anchorVert='center', antialias=True, autoDraw=False, autoLog=True, bold=False, color=array([1., 1., 1.]), colorSpace='rgb', contrast=1.0, depth=-1.0, draggable=False, flipHoriz=False, flipVert=False, font='Arial', fontFiles=[], height=np.float64(0.025), italic=False, languageStyle='LTR', name='Boton', opacity=1, ori=0.0, pos=array([ 0.45, -0.45]), rgb=UNKNOWN, text='Hace click izquierdo para continuar\n', units='height', win=Window(...), wrapWidth=1)
9.9448 	EXP 	Created spacebar_text = TextStim(__class__=<class 'psychopy.visual.text.TextStim'>, alignHoriz=method-wrapper(...), alignText='center', alignVert=method-wrapper(...), anchorHoriz='center', anchorVert='center', antialias=True, autoDraw=False, autoLog=True, bold=False, color=array([1., 1., 1.]), colorSpace='rgb', contrast=1.0, depth=0.0, draggable=False, flipHoriz=False, flipVert=False, font='Arial', fontFiles=[], height=0.05, italic=False, languageStyle='LTR', name='spacebar_text', opacity=1, ori=0.0, pos=array([0. , 0.1]), rgb=UNKNOWN, text='', units='height', win=Window(...), wrapWidth=1)
9.9491 	WARNING 	No default speaker specified in Preferences / Hardware, using first speaker found: Speakers (Realtek(R) Audio)
9.9519 	INFO 	Created stream for speaker device: Speakers (Realtek(R) Audio) (2.0)
9.9528 	EXP 	pip: sampleRate = 48000
9.9528 	EXP 	pip: channels = None
9.9575 	EXP 	Sound pip set volume 1.000
9.9587 	EXP 	Created polygon = ShapeStim(__class__=<class 'psychopy.visual.shape.ShapeStim'>, anchor=('center', 'center'), autoDraw=False, autoLog=True, closeShape=True, color=method-wrapper(...), colorSpace='rgb', contrast=None, depth=-1.0, draggable=False, fillColor=array([1, 1, 1]), fillColorSpace='rgb', fillRGB=array([1, 1, 1]), interpolate=True, lineColor=array([-1., -1., -1.]), lineColorSpace='rgb', lineRGB=array([-1, -1, -1]), lineWidth=1.0, name='polygon', opacity=1, ori=0.0, pos=array([0., 0.]), size=array([0.1, 0.1]), units='height', vertices=ndarray(...), win=Window(...), windingRule=None)
9.9648 	EXP 	Created last_prompt_text = TextStim(__class__=<class 'psychopy.visual.text.TextStim'>, alignHoriz=method-wrapper(...), alignText='center', alignVert=method-wrapper(...), anchorHoriz='center', anchorVert='center', antialias=True, autoDraw=False, autoLog=True, bold=False, color=array([1., 1., 1.]), colorSpace='rgb', contrast=1.0, depth=0.0, draggable=False, flipHoriz=False, flipVert=False, font='Arial', fontFiles=[], height=np.float64(0.05), italic=False, languageStyle='LTR', name='last_prompt_text', opacity=1, ori=0.0, pos=array([0., 0.]), rgb=UNKNOWN, text=str(...), units='height', win=Window(...), wrapWidth=1)
9.9687 	EXP 	Created congrats_text = TextStim(__class__=<class 'psychopy.visual.text.TextStim'>, alignHoriz=method-wrapper(...), alignText='center', alignVert=method-wrapper(...), anchorHoriz='center', anchorVert='center', antialias=True, autoDraw=False, autoLog=True, bold=False, color=array([1., 1., 1.]), colorSpace='rgb', contrast=1.0, depth=0.0, draggable=False, flipHoriz=False, flipVert=False, font='Arial', fontFiles=[], height=np.float64(0.05), italic=False, languageStyle='LTR', name='congrats_text', opacity=1, ori=0.0, pos=array([0., 0.]), rgb=UNKNOWN, text=str(...), units='height', win=Window(...), wrapWidth=1)
0.0802 	EXP 	answer: autoLog = True
0.0908 	INFO 	Keyboard events cleared
0.0906 	EXP 	instruction_text: autoDraw = True
0.0906 	EXP 	text: autoDraw = True
6.6436 	EXP 	Device response: <KeyPress from None: t=6.6365255000127945, value=space, duration=None>
6.6468 	EXP 	Imported AudioBookLoop.csv as conditions, 2 conditions, 4 params
6.6470 	EXP 	New trial (rep=0, index=0): <Trial 0 (0 in rep 0) data={'Book': 'kafka', 'AudioFile': '..\\audiobook_stimuli\\stimuli_audiobook\\audio01.wav', 'Question': '¿Quiénes son los protagonistas de esta historia? \n\n Escribí una respuesta de hasta 10 palabras. Cuando termines apretá [Enter] para continuar...', 'EndTrial': 'Apretá la barra espaciadora para continuar con el segundo cuento...', 'thisN': 0, 'thisTrialN': 0, 'thisRepN': 0}>
6.6470 	EXP 	New trial (rep=0, index=0): <Trial 0 (0 in rep 0) data={'thisN': 0, 'thisTrialN': 0, 'thisRepN': 0}>
6.6473 	EXP 	pip: sampleRate = 44100
6.6501 	INFO 	Resampled audio from 44100Hz to 48000Hz using method 'default'.
6.6503 	EXP 	Sound pip reached end of file
6.6577 	EXP 	Playing sound pip on speaker Speakers (Realtek(R) Audio)
6.6514 	DATA 	Keypress: space
6.6577 	EXP 	instruction_text: autoDraw = False
6.6577 	EXP 	text: autoDraw = False
6.6577 	EXP 	polygon: autoDraw = True
6.7413 	EXP 	Device response: <KeyPress from None: t=6.6365255000127945, value=space, duration=0.09628349999547936>
7.4913 	EXP 	Device response: <KeyPress from None: t=7.476054600003408, value=f2, duration=None>
7.4915 	DATA 	Keypress: f2
7.5913 	EXP 	Device response: <KeyPress from None: t=7.476054600003408, value=f2, duration=0.1040727999934461>
7.6596 	EXP 	Sound pip reached end of file
7.6745 	EXP 	Sound pip reached end of file
7.6758 	EXP 	window1: Attempting to measure frame rate of screen (0) ...
7.6758 	EXP 	window1: recordFrameIntervals = False
7.6911 	EXP 	polygon: autoDraw = False
7.6911 	EXP 	polygon: autoDraw = False
7.7917 	DATA 	Keypress: f1
7.8411 	EXP 	window1: recordFrameIntervals = True
8.0244 	EXP 	Screen (0) actual frame rate measured at 60.06Hz
8.0244 	EXP 	window1: recordFrameIntervals = False
8.0246 	EXP 	audiobook: sampleRate = 48000
8.1103 	EXP 	Sound audiobook reached end of file
8.1243 	EXP 	Playing sound audiobook on speaker Speakers (Realtek(R) Audio)
8.1109 	EXP 	Device response: <KeyPress from None: t=7.788382500002626, value=f1, duration=None>
8.1109 	EXP 	Device response: <KeyPress from None: t=7.788382500002626, value=f1, duration=0.14360460001626052>
8.1244 	EXP 	fixation: autoDraw = True
8.5914 	EXP 	Device response: <KeyPress from None: t=8.588413699995726, value=escape, duration=None>
8.5917 	DATA 	Keypress: escape
8.7415 	EXP 	Device response: <KeyPress from None: t=8.588413699995726, value=escape, duration=0.15189350000582635>
8.7415 	EXP 	audiobook_uncomitted_experiment: status = STOPPED
8.7578 	EXP 	fixation: autoDraw = False
8.7578 	EXP 	audiobook_uncomitted_experiment: status = STOPPED
8.7593 	INFO 	saved data to 'C:\\Users\\jocta\\repos\\speech-engagement\\unengaged_audiobook_experiment\\data\\905201_audiobook_uncomitted_experiment_2025-12-16_19h17.13.457.csv'
8.7598 	INFO 	saved data to C:\Users\jocta\repos\speech-engagement\unengaged_audiobook_experiment\data\905201_audiobook_uncomitted_experiment_2025-12-16_19h17.13.457.psydat
