1.1078 	WARNING 	psychopy.parallel has been imported but no parallel port driver found. Install either inpout32, inpoutx64 or dlportio
2.0969 	DEBUG 	Fullscreen settings ignored as running in pilot mode.
2.0975 	INFO 	Loaded monitor calibration from ['2025_12_16 10:09']
2.2981 	INFO 	Using renderer 'NVIDIA GeForce RTX 5070 Ti/PCIe/SSE2' for graphics
2.2981 	INFO 	OpenGL version supported by driver is 4..
2.3063 	EXP 	Created window1 = Window(allowGUI=False, allowStencil=True, autoLog=True, backendConf=UNKNOWN, backgroundFit=<method-wrapper '__getattribute__' of attributeSetter object at 0x0000023AE153FB80>, backgroundImage=<method-wrapper '__getattribute__' of attributeSetter object at 0x0000023AE153FB20>, bitsMode=UNKNOWN, blendMode='avg', bpc=(8, 8, 8), color=array([0, 0, 0]), colorSpace='rgb', depthBits=8, fullscr=False, gamma=None, gammaErrorPolicy='raise', infoMsg=UNKNOWN, lms=UNKNOWN, monitor=<psychopy.monitors.calibTools.Monitor object at 0x0000023AE0D08550>, multiSample=False, name='window1', numSamples=2, pos=[np.float64(560.0), np.float64(240.0)], screen=0, size=array([800, 600]), stencilBits=8, stereo=False, title='PsychoPy', units='height', useFBO=True, useRetina=False, viewOri=0.0, viewPos=None, viewScale=None, waitBlanking=True, winType='pyglet')
2.3063 	EXP 	window1: backgroundImage = ''
2.3063 	EXP 	window1: backgroundFit = 'none'
2.3157 	DEBUG 	TextBox2 loaded 1 chars with 0 blanks and 1 valid
2.3217 	DEBUG 	TextBox2 loaded 1 chars with 0 blanks and 1 valid
2.3278 	DEBUG 	TextBox2 loaded 1 chars with 0 blanks and 1 valid
2.3342 	DEBUG 	TextBox2 loaded 1 chars with 0 blanks and 1 valid
2.3402 	DEBUG 	TextBox2 loaded 1 chars with 0 blanks and 1 valid
2.3460 	DEBUG 	TextBox2 loaded 1 chars with 0 blanks and 1 valid
2.3520 	DEBUG 	TextBox2 loaded 1 chars with 0 blanks and 1 valid
2.3583 	DEBUG 	TextBox2 loaded 1 chars with 0 blanks and 1 valid
2.3641 	DEBUG 	TextBox2 loaded 1 chars with 0 blanks and 1 valid
2.3699 	DEBUG 	TextBox2 loaded 1 chars with 0 blanks and 1 valid
2.3760 	DEBUG 	TextBox2 loaded 1 chars with 0 blanks and 1 valid
2.3819 	DEBUG 	TextBox2 loaded 1 chars with 0 blanks and 1 valid
2.3880 	DEBUG 	TextBox2 loaded 1 chars with 0 blanks and 1 valid
2.3938 	DEBUG 	TextBox2 loaded 1 chars with 0 blanks and 1 valid
2.3998 	DEBUG 	TextBox2 loaded 1 chars with 0 blanks and 1 valid
2.4057 	DEBUG 	TextBox2 loaded 1 chars with 0 blanks and 1 valid
2.4116 	DEBUG 	TextBox2 loaded 1 chars with 0 blanks and 1 valid
2.4173 	DEBUG 	TextBox2 loaded 1 chars with 0 blanks and 1 valid
2.4234 	DEBUG 	TextBox2 loaded 1 chars with 0 blanks and 1 valid
2.4295 	DEBUG 	TextBox2 loaded 1 chars with 0 blanks and 1 valid
2.4354 	DEBUG 	TextBox2 loaded 1 chars with 0 blanks and 1 valid
2.4357 	DEBUG 	Uploading Texture Font fontname to graphics card
2.4373 	DEBUG 	Upload of Texture Font fontname complete
2.4458 	DEBUG 	TextBox2 loaded 1 chars with 0 blanks and 1 valid
2.4520 	DEBUG 	TextBox2 loaded 1 chars with 0 blanks and 1 valid
2.4581 	DEBUG 	TextBox2 loaded 1 chars with 0 blanks and 1 valid
2.4582 	DEBUG 	Uploading Texture Font fontname to graphics card
2.4587 	DEBUG 	Upload of Texture Font fontname complete
2.4597 	EXP 	window1: Attempting to measure frame rate of screen (0) ...
2.4597 	EXP 	window1: recordFrameIntervals = False
2.6272 	EXP 	window1: recordFrameIntervals = True
2.8104 	EXP 	Screen (0) actual frame rate measured at 60.16Hz
2.8104 	EXP 	window1: recordFrameIntervals = False
2.8183 	DEBUG 	TextBox2 loaded 1 chars with 0 blanks and 1 valid
2.8242 	DEBUG 	TextBox2 loaded 1 chars with 0 blanks and 1 valid
2.8303 	DEBUG 	TextBox2 loaded 1 chars with 0 blanks and 1 valid
2.8365 	DEBUG 	TextBox2 loaded 1 chars with 0 blanks and 1 valid
2.8433 	DEBUG 	TextBox2 loaded 1 chars with 0 blanks and 1 valid
2.8493 	DEBUG 	TextBox2 loaded 1 chars with 0 blanks and 1 valid
2.8553 	DEBUG 	TextBox2 loaded 1 chars with 0 blanks and 1 valid
2.8615 	DEBUG 	TextBox2 loaded 1 chars with 0 blanks and 1 valid
2.8675 	DEBUG 	TextBox2 loaded 1 chars with 0 blanks and 1 valid
2.8737 	DEBUG 	TextBox2 loaded 1 chars with 0 blanks and 1 valid
2.8739 	DEBUG 	Uploading Texture Font fontname to graphics card
2.8741 	DEBUG 	Upload of Texture Font fontname complete
2.8859 	WARNING 	launchHubServer: If using the iohub mouse or eyetracker devices, fullScr should be True.
8.8412 	INFO 	keyboard.Keyboard is using iohub backend.
8.8412 	EXP 	audiobook_uncomitted_experiment: status = STARTED
8.9114 	EXP 	Created instruction_text = TextStim(__class__=<class 'psychopy.visual.text.TextStim'>, alignHoriz=method-wrapper(...), alignText='center', alignVert=method-wrapper(...), anchorHoriz='center', anchorVert='center', antialias=True, autoDraw=False, autoLog=True, bold=False, color=array([1., 1., 1.]), colorSpace='rgb', contrast=1.0, depth=0.0, draggable=False, flipHoriz=False, flipVert=False, font='Arial', fontFiles=[], height=np.float64(0.05), italic=False, languageStyle='LTR', name='instruction_text', opacity=1, ori=0.0, pos=array([0., 0.]), rgb=UNKNOWN, text=str(...), units='height', win=Window(...), wrapWidth=1)
9.0389 	INFO 	Loaded psychtoolbox audio version 3.0.19.696976569
9.0588 	WARNING 	No default speaker specified in Preferences / Hardware, using first speaker found: Speakers (Realtek(R) Audio)
9.0588 	DEBUG 	Found speaker device: Speakers (Realtek(R) Audio) (2.0)
9.0631 	INFO 	Created stream for speaker device: Speakers (Realtek(R) Audio) (2.0)
9.0639 	EXP 	pip: sampleRate = 48000
9.0640 	EXP 	pip: channels = None
9.0672 	DEBUG 	Converted audio clip from mono to stereo
9.0688 	EXP 	Sound pip set volume 1.000
9.0706 	EXP 	Created polygon = ShapeStim(__class__=<class 'psychopy.visual.shape.ShapeStim'>, anchor=('center', 'center'), autoDraw=False, autoLog=True, closeShape=True, color=method-wrapper(...), colorSpace='rgb', contrast=None, depth=-1.0, draggable=False, fillColor=array([1, 1, 1]), fillColorSpace='rgb', fillRGB=array([1, 1, 1]), interpolate=True, lineColor=array([-1., -1., -1.]), lineColorSpace='rgb', lineRGB=array([-1, -1, -1]), lineWidth=1.0, name='polygon', opacity=1, ori=0.0, pos=array([0., 0.]), size=array([0.1, 0.1]), units='height', vertices=ndarray(...), win=Window(...), windingRule=None)
9.0748 	WARNING 	No default speaker specified in Preferences / Hardware, using first speaker found: Speakers (Realtek(R) Audio)
9.0748 	DEBUG 	Found speaker device: Speakers (Realtek(R) Audio) (2.0)
9.0774 	INFO 	Created stream for speaker device: Speakers (Realtek(R) Audio) (2.0)
9.0781 	EXP 	audiobook: sampleRate = 48000
9.0781 	EXP 	audiobook: channels = None
9.0809 	DEBUG 	Converted audio clip from mono to stereo
9.0824 	EXP 	Sound audiobook set volume 1.000
9.0835 	EXP 	Created fixation = ShapeStim(__class__=<class 'psychopy.visual.shape.ShapeStim'>, anchor=('center', 'center'), autoDraw=False, autoLog=True, closeShape=True, color=method-wrapper(...), colorSpace='rgb', contrast=None, depth=-2.0, draggable=False, fillColor=array([1, 1, 1]), fillColorSpace='rgb', fillRGB=array([1, 1, 1]), interpolate=True, lineColor=array([-1., -1., -1.]), lineColorSpace='rgb', lineRGB=array([-1, -1, -1]), lineWidth=1.0, name='fixation', opacity=1, ori=0.0, pos=array([0., 0.]), size=array([0.1, 0.1]), units='height', vertices=ndarray(...), win=Window(...), windingRule=None)
9.0839 	EXP 	Created question = TextStim(__class__=<class 'psychopy.visual.text.TextStim'>, alignHoriz=method-wrapper(...), alignText='center', alignVert=method-wrapper(...), anchorHoriz='center', anchorVert='center', antialias=True, autoDraw=False, autoLog=True, bold=False, color=array([1., 1., 1.]), colorSpace='rgb', contrast=1.0, depth=0.0, draggable=False, flipHoriz=False, flipVert=False, font='Arial', fontFiles=[], height=0.05, italic=False, languageStyle='LTR', name='question', opacity=1, ori=0.0, pos=array([0. , 0.1]), rgb=UNKNOWN, text='', units='height', win=Window(...), wrapWidth=1)
9.0884 	EXP 	Created Boton = TextStim(__class__=<class 'psychopy.visual.text.TextStim'>, alignHoriz=method-wrapper(...), alignText='center', alignVert=method-wrapper(...), anchorHoriz='center', anchorVert='center', antialias=True, autoDraw=False, autoLog=True, bold=False, color=array([1., 1., 1.]), colorSpace='rgb', contrast=1.0, depth=-1.0, draggable=False, flipHoriz=False, flipVert=False, font='Arial', fontFiles=[], height=np.float64(0.025), italic=False, languageStyle='LTR', name='Boton', opacity=1, ori=0.0, pos=array([ 0.45, -0.45]), rgb=UNKNOWN, text='Hace click izquierdo para continuar\n', units='height', win=Window(...), wrapWidth=1)
9.0930 	EXP 	Created spacebar_text = TextStim(__class__=<class 'psychopy.visual.text.TextStim'>, alignHoriz=method-wrapper(...), alignText='center', alignVert=method-wrapper(...), anchorHoriz='center', anchorVert='center', antialias=True, autoDraw=False, autoLog=True, bold=False, color=array([1., 1., 1.]), colorSpace='rgb', contrast=1.0, depth=0.0, draggable=False, flipHoriz=False, flipVert=False, font='Arial', fontFiles=[], height=0.05, italic=False, languageStyle='LTR', name='spacebar_text', opacity=1, ori=0.0, pos=array([0. , 0.1]), rgb=UNKNOWN, text='', units='height', win=Window(...), wrapWidth=1)
9.0970 	WARNING 	No default speaker specified in Preferences / Hardware, using first speaker found: Speakers (Realtek(R) Audio)
9.0971 	DEBUG 	Found speaker device: Speakers (Realtek(R) Audio) (2.0)
9.0996 	INFO 	Created stream for speaker device: Speakers (Realtek(R) Audio) (2.0)
9.1003 	EXP 	pip: sampleRate = 48000
9.1003 	EXP 	pip: channels = None
9.1036 	DEBUG 	Converted audio clip from mono to stereo
9.1052 	EXP 	Sound pip set volume 1.000
9.1063 	EXP 	Created polygon = ShapeStim(__class__=<class 'psychopy.visual.shape.ShapeStim'>, anchor=('center', 'center'), autoDraw=False, autoLog=True, closeShape=True, color=method-wrapper(...), colorSpace='rgb', contrast=None, depth=-1.0, draggable=False, fillColor=array([1, 1, 1]), fillColorSpace='rgb', fillRGB=array([1, 1, 1]), interpolate=True, lineColor=array([-1., -1., -1.]), lineColorSpace='rgb', lineRGB=array([-1, -1, -1]), lineWidth=1.0, name='polygon', opacity=1, ori=0.0, pos=array([0., 0.]), size=array([0.1, 0.1]), units='height', vertices=ndarray(...), win=Window(...), windingRule=None)
9.1114 	EXP 	Created last_prompt_text = TextStim(__class__=<class 'psychopy.visual.text.TextStim'>, alignHoriz=method-wrapper(...), alignText='center', alignVert=method-wrapper(...), anchorHoriz='center', anchorVert='center', antialias=True, autoDraw=False, autoLog=True, bold=False, color=array([1., 1., 1.]), colorSpace='rgb', contrast=1.0, depth=0.0, draggable=False, flipHoriz=False, flipVert=False, font='Arial', fontFiles=[], height=np.float64(0.05), italic=False, languageStyle='LTR', name='last_prompt_text', opacity=1, ori=0.0, pos=array([0., 0.]), rgb=UNKNOWN, text=str(...), units='height', win=Window(...), wrapWidth=1)
9.1149 	EXP 	Created congrats_text = TextStim(__class__=<class 'psychopy.visual.text.TextStim'>, alignHoriz=method-wrapper(...), alignText='center', alignVert=method-wrapper(...), anchorHoriz='center', anchorVert='center', antialias=True, autoDraw=False, autoLog=True, bold=False, color=array([1., 1., 1.]), colorSpace='rgb', contrast=1.0, depth=0.0, draggable=False, flipHoriz=False, flipVert=False, font='Arial', fontFiles=[], height=np.float64(0.05), italic=False, languageStyle='LTR', name='congrats_text', opacity=1, ori=0.0, pos=array([0., 0.]), rgb=UNKNOWN, text=str(...), units='height', win=Window(...), wrapWidth=1)
0.0780 	EXP 	answer: autoLog = True
0.1127 	INFO 	Keyboard events cleared
0.1126 	EXP 	instruction_text: autoDraw = True
0.8813 	DATA 	Mouse: Left button down, pos=(544,267)
0.9978 	DATA 	Mouse:  Left button up, pos=(544,267)
1.8333 	EXP 	Device response: <KeyPress from None: t=1.824683200014988, value=space, duration=None>
1.8360 	DEBUG 	Read csv file with pandas: AudioBookLoop_pruebas.csv
1.8365 	DEBUG 	Clearing unnamed columns from AudioBookLoop_pruebas.csv
1.8367 	EXP 	Imported AudioBookLoop_pruebas.csv as conditions, 2 conditions, 4 params
1.8369 	EXP 	New trial (rep=0, index=0): <Trial 0 (0 in rep 0) data={'Book': 'kafka', 'AudioFile': '..\\audiobook_stimuli\\stimuli_audiobook\\prueba.wav', 'Question': '¿Quiénes son los protagonistas de esta historia? \n\n Escribí una respuesta de hasta 10 palabras.', 'EndTrial': 'Apretá la barra espaciadora para continuar con el segundo cuento...', 'thisN': 0, 'thisTrialN': 0, 'thisRepN': 0}>
1.8369 	EXP 	New trial (rep=0, index=0): <Trial 0 (0 in rep 0) data={'thisN': 0, 'thisTrialN': 0, 'thisRepN': 0}>
1.8372 	EXP 	pip: sampleRate = 44100
1.8404 	INFO 	Resampled audio from 44100Hz to 48000Hz using method 'default'.
1.8404 	DEBUG 	Converted audio clip from mono to stereo
1.8406 	EXP 	Sound pip reached end of file
1.8460 	EXP 	Playing sound pip on speaker Speakers (Realtek(R) Audio)
1.8418 	DATA 	Keypress: space
1.8425 	DEBUG 	TextBox2 loaded 1 chars with 0 blanks and 1 valid
1.8430 	DEBUG 	TextBox2 loaded 1 chars with 0 blanks and 1 valid
1.8432 	DEBUG 	Uploading Texture Font fontname to graphics card
1.8441 	DEBUG 	Upload of Texture Font fontname complete
1.8463 	EXP 	instruction_text: autoDraw = False
1.8463 	EXP 	polygon: autoDraw = True
1.9471 	EXP 	Device response: <KeyPress from None: t=1.824683200014988, value=space, duration=0.11239379999460652>
2.8590 	EXP 	Sound pip reached end of file
2.8636 	EXP 	Sound pip reached end of file
2.8651 	EXP 	window1: Attempting to measure frame rate of screen (0) ...
2.8651 	EXP 	window1: recordFrameIntervals = False
2.8794 	EXP 	polygon: autoDraw = False
2.8794 	EXP 	polygon: autoDraw = False
3.0304 	EXP 	window1: recordFrameIntervals = True
3.2142 	EXP 	Screen (0) actual frame rate measured at 59.99Hz
3.2143 	EXP 	window1: recordFrameIntervals = False
3.2146 	EXP 	audiobook: sampleRate = 44100
3.2254 	INFO 	Resampled audio from 44100Hz to 48000Hz using method 'default'.
3.2260 	EXP 	Sound audiobook reached end of file
3.2294 	EXP 	Playing sound audiobook on speaker Speakers (Realtek(R) Audio)
3.2298 	EXP 	fixation: autoDraw = True
4.1426 	DEBUG 	Saving data for audiobook_uncomitted_experiment ExperimentHandler
4.1433 	INFO 	saved data to C:\Users\jocta\repos\speech-engagement\unengaged_audiobook_experiment\data\pilot_audiobook_uncomitted_experiment_2025-12-16_18h57.11.525.psydat
4.1438 	INFO 	saved data to 'C:\\Users\\jocta\\repos\\speech-engagement\\unengaged_audiobook_experiment\\data\\pilot_audiobook_uncomitted_experiment_2025-12-16_18h57.11.525.csv'
