1.1054 	WARNING 	psychopy.parallel has been imported but no parallel port driver found. Install either inpout32, inpoutx64 or dlportio
2.6967 	DEBUG 	Fullscreen settings ignored as running in pilot mode.
2.6972 	INFO 	Loaded monitor calibration from ['2025_12_16 10:09']
2.8982 	INFO 	Using renderer 'NVIDIA GeForce RTX 5070 Ti/PCIe/SSE2' for graphics
2.8982 	INFO 	OpenGL version supported by driver is 4..
2.9074 	EXP 	Created window1 = Window(allowGUI=False, allowStencil=True, autoLog=True, backendConf=UNKNOWN, backgroundFit=<method-wrapper '__getattribute__' of attributeSetter object at 0x00000231C658FB50>, backgroundImage=<method-wrapper '__getattribute__' of attributeSetter object at 0x00000231C658FAF0>, bitsMode=UNKNOWN, blendMode='avg', bpc=(8, 8, 8), color=array([0, 0, 0]), colorSpace='rgb', depthBits=8, fullscr=False, gamma=None, gammaErrorPolicy='raise', infoMsg=UNKNOWN, lms=UNKNOWN, monitor=<psychopy.monitors.calibTools.Monitor object at 0x00000231C5D54520>, multiSample=False, name='window1', numSamples=2, pos=[np.float64(560.0), np.float64(240.0)], screen=0, size=array([800, 600]), stencilBits=8, stereo=False, title='PsychoPy', units='height', useFBO=True, useRetina=False, viewOri=0.0, viewPos=None, viewScale=None, waitBlanking=True, winType='pyglet')
2.9075 	EXP 	window1: backgroundImage = ''
2.9075 	EXP 	window1: backgroundFit = 'none'
2.9174 	DEBUG 	TextBox2 loaded 1 chars with 0 blanks and 1 valid
2.9242 	DEBUG 	TextBox2 loaded 1 chars with 0 blanks and 1 valid
2.9308 	DEBUG 	TextBox2 loaded 1 chars with 0 blanks and 1 valid
2.9374 	DEBUG 	TextBox2 loaded 1 chars with 0 blanks and 1 valid
2.9435 	DEBUG 	TextBox2 loaded 1 chars with 0 blanks and 1 valid
2.9495 	DEBUG 	TextBox2 loaded 1 chars with 0 blanks and 1 valid
2.9554 	DEBUG 	TextBox2 loaded 1 chars with 0 blanks and 1 valid
2.9616 	DEBUG 	TextBox2 loaded 1 chars with 0 blanks and 1 valid
2.9675 	DEBUG 	TextBox2 loaded 1 chars with 0 blanks and 1 valid
2.9732 	DEBUG 	TextBox2 loaded 1 chars with 0 blanks and 1 valid
2.9791 	DEBUG 	TextBox2 loaded 1 chars with 0 blanks and 1 valid
2.9851 	DEBUG 	TextBox2 loaded 1 chars with 0 blanks and 1 valid
2.9911 	DEBUG 	TextBox2 loaded 1 chars with 0 blanks and 1 valid
2.9971 	DEBUG 	TextBox2 loaded 1 chars with 0 blanks and 1 valid
3.0031 	DEBUG 	TextBox2 loaded 1 chars with 0 blanks and 1 valid
3.0092 	DEBUG 	TextBox2 loaded 1 chars with 0 blanks and 1 valid
3.0154 	DEBUG 	TextBox2 loaded 1 chars with 0 blanks and 1 valid
3.0212 	DEBUG 	TextBox2 loaded 1 chars with 0 blanks and 1 valid
3.0271 	DEBUG 	TextBox2 loaded 1 chars with 0 blanks and 1 valid
3.0332 	DEBUG 	TextBox2 loaded 1 chars with 0 blanks and 1 valid
3.0390 	DEBUG 	TextBox2 loaded 1 chars with 0 blanks and 1 valid
3.0392 	DEBUG 	Uploading Texture Font fontname to graphics card
3.0405 	DEBUG 	Upload of Texture Font fontname complete
3.0492 	DEBUG 	TextBox2 loaded 1 chars with 0 blanks and 1 valid
3.0557 	DEBUG 	TextBox2 loaded 1 chars with 0 blanks and 1 valid
3.0618 	DEBUG 	TextBox2 loaded 1 chars with 0 blanks and 1 valid
3.0619 	DEBUG 	Uploading Texture Font fontname to graphics card
3.0666 	DEBUG 	Upload of Texture Font fontname complete
3.0678 	EXP 	window1: Attempting to measure frame rate of screen (0) ...
3.0679 	EXP 	window1: recordFrameIntervals = False
3.2269 	EXP 	window1: recordFrameIntervals = True
3.4101 	EXP 	Screen (0) actual frame rate measured at 60.05Hz
3.4101 	EXP 	window1: recordFrameIntervals = False
3.4180 	DEBUG 	TextBox2 loaded 1 chars with 0 blanks and 1 valid
3.4242 	DEBUG 	TextBox2 loaded 1 chars with 0 blanks and 1 valid
3.4302 	DEBUG 	TextBox2 loaded 1 chars with 0 blanks and 1 valid
3.4363 	DEBUG 	TextBox2 loaded 1 chars with 0 blanks and 1 valid
3.4426 	DEBUG 	TextBox2 loaded 1 chars with 0 blanks and 1 valid
3.4487 	DEBUG 	TextBox2 loaded 1 chars with 0 blanks and 1 valid
3.4545 	DEBUG 	TextBox2 loaded 1 chars with 0 blanks and 1 valid
3.4606 	DEBUG 	TextBox2 loaded 1 chars with 0 blanks and 1 valid
3.4665 	DEBUG 	TextBox2 loaded 1 chars with 0 blanks and 1 valid
3.4726 	DEBUG 	TextBox2 loaded 1 chars with 0 blanks and 1 valid
3.4728 	DEBUG 	Uploading Texture Font fontname to graphics card
3.4731 	DEBUG 	Upload of Texture Font fontname complete
3.4851 	WARNING 	launchHubServer: If using the iohub mouse or eyetracker devices, fullScr should be True.
9.4428 	INFO 	keyboard.Keyboard is using iohub backend.
9.4428 	EXP 	audiobook_uncomitted_experiment: status = STARTED
9.5099 	EXP 	Created instruction_text = TextStim(__class__=<class 'psychopy.visual.text.TextStim'>, alignHoriz=method-wrapper(...), alignText='center', alignVert=method-wrapper(...), anchorHoriz='center', anchorVert='center', antialias=True, autoDraw=False, autoLog=True, bold=False, color=array([1., 1., 1.]), colorSpace='rgb', contrast=1.0, depth=0.0, draggable=False, flipHoriz=False, flipVert=False, font='Arial', fontFiles=[], height=np.float64(0.05), italic=False, languageStyle='LTR', name='instruction_text', opacity=1, ori=0.0, pos=array([0., 0.]), rgb=UNKNOWN, text=str(...), units='height', win=Window(...), wrapWidth=1)
9.6374 	INFO 	Loaded psychtoolbox audio version 3.0.19.696976569
9.6565 	WARNING 	No default speaker specified in Preferences / Hardware, using first speaker found: Speakers (Realtek(R) Audio)
9.6566 	DEBUG 	Found speaker device: Speakers (Realtek(R) Audio) (2.0)
9.6609 	INFO 	Created stream for speaker device: Speakers (Realtek(R) Audio) (2.0)
9.6618 	EXP 	pip: sampleRate = 48000
9.6618 	EXP 	pip: channels = None
9.6649 	DEBUG 	Converted audio clip from mono to stereo
9.6664 	EXP 	Sound pip set volume 1.000
9.6683 	EXP 	Created polygon = ShapeStim(__class__=<class 'psychopy.visual.shape.ShapeStim'>, anchor=('center', 'center'), autoDraw=False, autoLog=True, closeShape=True, color=method-wrapper(...), colorSpace='rgb', contrast=None, depth=-1.0, draggable=False, fillColor=array([1, 1, 1]), fillColorSpace='rgb', fillRGB=array([1, 1, 1]), interpolate=True, lineColor=array([-1., -1., -1.]), lineColorSpace='rgb', lineRGB=array([-1, -1, -1]), lineWidth=1.0, name='polygon', opacity=1, ori=0.0, pos=array([0., 0.]), size=array([0.1, 0.1]), units='height', vertices=ndarray(...), win=Window(...), windingRule=None)
9.6726 	WARNING 	No default speaker specified in Preferences / Hardware, using first speaker found: Speakers (Realtek(R) Audio)
9.6727 	DEBUG 	Found speaker device: Speakers (Realtek(R) Audio) (2.0)
9.6758 	INFO 	Created stream for speaker device: Speakers (Realtek(R) Audio) (2.0)
9.6765 	EXP 	audiobook: sampleRate = 48000
9.6766 	EXP 	audiobook: channels = None
9.6792 	DEBUG 	Converted audio clip from mono to stereo
9.6807 	EXP 	Sound audiobook set volume 1.000
9.6818 	EXP 	Created fixation = ShapeStim(__class__=<class 'psychopy.visual.shape.ShapeStim'>, anchor=('center', 'center'), autoDraw=False, autoLog=True, closeShape=True, color=method-wrapper(...), colorSpace='rgb', contrast=None, depth=-2.0, draggable=False, fillColor=array([1, 1, 1]), fillColorSpace='rgb', fillRGB=array([1, 1, 1]), interpolate=True, lineColor=array([-1., -1., -1.]), lineColorSpace='rgb', lineRGB=array([-1, -1, -1]), lineWidth=1.0, name='fixation', opacity=1, ori=0.0, pos=array([0., 0.]), size=array([0.1, 0.1]), units='height', vertices=ndarray(...), win=Window(...), windingRule=None)
9.6822 	EXP 	Created question = TextStim(__class__=<class 'psychopy.visual.text.TextStim'>, alignHoriz=method-wrapper(...), alignText='center', alignVert=method-wrapper(...), anchorHoriz='center', anchorVert='center', antialias=True, autoDraw=False, autoLog=True, bold=False, color=array([1., 1., 1.]), colorSpace='rgb', contrast=1.0, depth=0.0, draggable=False, flipHoriz=False, flipVert=False, font='Arial', fontFiles=[], height=0.05, italic=False, languageStyle='LTR', name='question', opacity=1, ori=0.0, pos=array([0. , 0.1]), rgb=UNKNOWN, text='', units='height', win=Window(...), wrapWidth=1)
9.6869 	EXP 	Created Boton = TextStim(__class__=<class 'psychopy.visual.text.TextStim'>, alignHoriz=method-wrapper(...), alignText='center', alignVert=method-wrapper(...), anchorHoriz='center', anchorVert='center', antialias=True, autoDraw=False, autoLog=True, bold=False, color=array([1., 1., 1.]), colorSpace='rgb', contrast=1.0, depth=-1.0, draggable=False, flipHoriz=False, flipVert=False, font='Arial', fontFiles=[], height=np.float64(0.025), italic=False, languageStyle='LTR', name='Boton', opacity=1, ori=0.0, pos=array([ 0.45, -0.45]), rgb=UNKNOWN, text='Hace click izquierdo para continuar\n', units='height', win=Window(...), wrapWidth=1)
9.6916 	EXP 	Created spacebar_text = TextStim(__class__=<class 'psychopy.visual.text.TextStim'>, alignHoriz=method-wrapper(...), alignText='center', alignVert=method-wrapper(...), anchorHoriz='center', anchorVert='center', antialias=True, autoDraw=False, autoLog=True, bold=False, color=array([1., 1., 1.]), colorSpace='rgb', contrast=1.0, depth=0.0, draggable=False, flipHoriz=False, flipVert=False, font='Arial', fontFiles=[], height=0.05, italic=False, languageStyle='LTR', name='spacebar_text', opacity=1, ori=0.0, pos=array([0. , 0.1]), rgb=UNKNOWN, text='', units='height', win=Window(...), wrapWidth=1)
9.6959 	WARNING 	No default speaker specified in Preferences / Hardware, using first speaker found: Speakers (Realtek(R) Audio)
9.6959 	DEBUG 	Found speaker device: Speakers (Realtek(R) Audio) (2.0)
9.6988 	INFO 	Created stream for speaker device: Speakers (Realtek(R) Audio) (2.0)
9.6996 	EXP 	pip: sampleRate = 48000
9.6996 	EXP 	pip: channels = None
9.7027 	DEBUG 	Converted audio clip from mono to stereo
9.7041 	EXP 	Sound pip set volume 1.000
9.7053 	EXP 	Created polygon = ShapeStim(__class__=<class 'psychopy.visual.shape.ShapeStim'>, anchor=('center', 'center'), autoDraw=False, autoLog=True, closeShape=True, color=method-wrapper(...), colorSpace='rgb', contrast=None, depth=-1.0, draggable=False, fillColor=array([1, 1, 1]), fillColorSpace='rgb', fillRGB=array([1, 1, 1]), interpolate=True, lineColor=array([-1., -1., -1.]), lineColorSpace='rgb', lineRGB=array([-1, -1, -1]), lineWidth=1.0, name='polygon', opacity=1, ori=0.0, pos=array([0., 0.]), size=array([0.1, 0.1]), units='height', vertices=ndarray(...), win=Window(...), windingRule=None)
9.7109 	EXP 	Created last_prompt_text = TextStim(__class__=<class 'psychopy.visual.text.TextStim'>, alignHoriz=method-wrapper(...), alignText='center', alignVert=method-wrapper(...), anchorHoriz='center', anchorVert='center', antialias=True, autoDraw=False, autoLog=True, bold=False, color=array([1., 1., 1.]), colorSpace='rgb', contrast=1.0, depth=0.0, draggable=False, flipHoriz=False, flipVert=False, font='Arial', fontFiles=[], height=np.float64(0.05), italic=False, languageStyle='LTR', name='last_prompt_text', opacity=1, ori=0.0, pos=array([0., 0.]), rgb=UNKNOWN, text=str(...), units='height', win=Window(...), wrapWidth=1)
9.7145 	EXP 	Created congrats_text = TextStim(__class__=<class 'psychopy.visual.text.TextStim'>, alignHoriz=method-wrapper(...), alignText='center', alignVert=method-wrapper(...), anchorHoriz='center', anchorVert='center', antialias=True, autoDraw=False, autoLog=True, bold=False, color=array([1., 1., 1.]), colorSpace='rgb', contrast=1.0, depth=0.0, draggable=False, flipHoriz=False, flipVert=False, font='Arial', fontFiles=[], height=np.float64(0.05), italic=False, languageStyle='LTR', name='congrats_text', opacity=1, ori=0.0, pos=array([0., 0.]), rgb=UNKNOWN, text=str(...), units='height', win=Window(...), wrapWidth=1)
0.0793 	EXP 	answer: autoLog = True
0.0957 	INFO 	Keyboard events cleared
0.0956 	EXP 	instruction_text: autoDraw = True
1.8997 	EXP 	Device response: <KeyPress from None: t=1.8954524000000674, value=space, duration=None>
1.9023 	DEBUG 	Read csv file with pandas: AudioBookLoop_pruebas.csv
1.9028 	DEBUG 	Clearing unnamed columns from AudioBookLoop_pruebas.csv
1.9030 	EXP 	Imported AudioBookLoop_pruebas.csv as conditions, 2 conditions, 4 params
1.9031 	EXP 	New trial (rep=0, index=0): <Trial 0 (0 in rep 0) data={'Book': 'kafka', 'AudioFile': '..\\audiobook_stimuli\\stimuli_audiobook\\prueba.wav', 'Question': '¿Quiénes son los protagonistas de esta historia? \n\n Escribí una respuesta de hasta 10 palabras.', 'EndTrial': 'Apretá la barra espaciadora para continuar con el segundo cuento...', 'thisN': 0, 'thisTrialN': 0, 'thisRepN': 0}>
1.9032 	EXP 	New trial (rep=0, index=0): <Trial 0 (0 in rep 0) data={'thisN': 0, 'thisTrialN': 0, 'thisRepN': 0}>
1.9034 	EXP 	pip: sampleRate = 44100
1.9065 	INFO 	Resampled audio from 44100Hz to 48000Hz using method 'default'.
1.9065 	DEBUG 	Converted audio clip from mono to stereo
1.9068 	EXP 	Sound pip reached end of file
1.9125 	EXP 	Playing sound pip on speaker Speakers (Realtek(R) Audio)
1.9080 	DATA 	Keypress: space
1.9087 	DEBUG 	TextBox2 loaded 1 chars with 0 blanks and 1 valid
1.9093 	DEBUG 	TextBox2 loaded 1 chars with 0 blanks and 1 valid
1.9094 	DEBUG 	Uploading Texture Font fontname to graphics card
1.9103 	DEBUG 	Upload of Texture Font fontname complete
1.9132 	EXP 	instruction_text: autoDraw = False
1.9132 	EXP 	polygon: autoDraw = True
1.9803 	EXP 	Device response: <KeyPress from None: t=1.8954524000000674, value=space, duration=0.0805572000099346>
2.9196 	EXP 	Sound pip reached end of file
2.9303 	EXP 	Sound pip reached end of file
2.9318 	EXP 	window1: Attempting to measure frame rate of screen (0) ...
2.9318 	EXP 	window1: recordFrameIntervals = False
2.9458 	EXP 	polygon: autoDraw = False
2.9458 	EXP 	polygon: autoDraw = False
3.0971 	EXP 	window1: recordFrameIntervals = True
3.2805 	EXP 	Screen (0) actual frame rate measured at 59.91Hz
3.2805 	EXP 	window1: recordFrameIntervals = False
3.2808 	EXP 	audiobook: sampleRate = 44100
3.2914 	INFO 	Resampled audio from 44100Hz to 48000Hz using method 'default'.
3.2919 	EXP 	Sound audiobook reached end of file
3.2960 	EXP 	Playing sound audiobook on speaker Speakers (Realtek(R) Audio)
3.2964 	EXP 	fixation: autoDraw = True
8.8657 	EXP 	Sound audiobook reached end of file
8.8810 	EXP 	Sound audiobook reached end of file
8.8965 	EXP 	fixation: autoDraw = False
8.8965 	EXP 	fixation: autoDraw = False
8.8965 	EXP 	question: height = np.float64(0.05)
8.8965 	EXP 	question: height = np.float64(0.05)
8.8965 	EXP 	question: height = np.float64(0.05)
8.8965 	EXP 	question: text = '¿Cuántas veces estuvo la cruz en color azul?'
8.8965 	EXP 	answer: placeholder = ''
8.8965 	EXP 	question: autoDraw = True
8.8965 	EXP 	Boton: autoDraw = True
8.8965 	EXP 	answer: autoDraw = True
12.9311 	DATA 	Keypress: 2
12.9322 	DEBUG 	TextBox2 loaded 1 chars with 0 blanks and 1 valid
12.9323 	DEBUG 	Uploading Texture Font fontname to graphics card
12.9326 	DEBUG 	Upload of Texture Font fontname complete
12.9330 	EXP 	Device response: <KeyPress from None: t=12.920055700000376, value=2, duration=None>
13.0144 	EXP 	Device response: <KeyPress from None: t=12.920055700000376, value=2, duration=0.07855030000791885>
13.1645 	DATA 	Keypress: return
13.1651 	EXP 	Device response: <KeyPress from None: t=13.1508967000118, value=return, duration=None>
13.2983 	EXP 	Device response: <KeyPress from None: t=13.1508967000118, value=return, duration=0.14443139999639243>
14.6143 	DATA 	Keypress: backspace
14.6148 	EXP 	Device response: <KeyPress from None: t=14.6066827000177, value=backspace, duration=None>
14.7147 	EXP 	Device response: <KeyPress from None: t=14.6066827000177, value=backspace, duration=0.10422269999980927>
17.7823 	DATA 	Mouse: Left button down, pos=(634,250)
17.7967 	EXP 	question: autoDraw = False
17.7967 	EXP 	Boton: autoDraw = False
17.7967 	EXP 	answer: autoDraw = False
17.7967 	EXP 	spacebar_text: height = np.float64(0.05)
17.7967 	EXP 	spacebar_text: height = np.float64(0.05)
17.7967 	EXP 	spacebar_text: height = np.float64(0.05)
17.7967 	EXP 	spacebar_text: text = 'Apretá la barra espaciadora para continuar con el segundo cuento...'
17.8820 	DATA 	Mouse:  Left button up, pos=(634,250)
18.0466 	EXP 	spacebar_text: autoDraw = True
18.2967 	INFO 	Keyboard events cleared
20.5146 	EXP 	Device response: <KeyPress from None: t=20.502514799998607, value=space, duration=None>
20.5149 	EXP 	New trial (rep=0, index=0): <Trial 0 (0 in rep 0) data={'thisN': 0, 'thisTrialN': 0, 'thisRepN': 0}>
20.5153 	EXP 	pip: sampleRate = 44100
20.5170 	INFO 	Resampled audio from 44100Hz to 48000Hz using method 'default'.
20.5170 	DEBUG 	Converted audio clip from mono to stereo
20.5172 	EXP 	Sound pip reached end of file
20.5300 	EXP 	Playing sound pip on speaker Speakers (Realtek(R) Audio)
20.5178 	DATA 	Keypress: space
20.5300 	EXP 	spacebar_text: autoDraw = False
20.5300 	EXP 	polygon: autoDraw = True
20.6314 	EXP 	Device response: <KeyPress from None: t=20.502514799998607, value=space, duration=0.12816079999902286>
21.5313 	EXP 	Sound pip reached end of file
21.5482 	EXP 	Sound pip reached end of file
21.5489 	EXP 	New trial (rep=0, index=1): <Trial 1 (1 in rep 0) data={'Book': 'lugones', 'AudioFile': '..\\audiobook_stimuli\\stimuli_audiobook\\prueba.wav', 'Question': '¿Cómo muere el protagonista de la historia? \n\n Escribí una respuesta de hasta 10 palabras', 'EndTrial': 'Apretá la barra espaciadora para continuar...', 'thisN': 1, 'thisTrialN': 1, 'thisRepN': 0}>
21.5490 	EXP 	New trial (rep=0, index=0): <Trial 0 (0 in rep 0) data={'thisN': 0, 'thisTrialN': 0, 'thisRepN': 0}>
21.5493 	EXP 	pip: sampleRate = 44100
21.5510 	INFO 	Resampled audio from 44100Hz to 48000Hz using method 'default'.
21.5510 	DEBUG 	Converted audio clip from mono to stereo
21.5511 	EXP 	Sound pip reached end of file
21.5634 	EXP 	Playing sound pip on speaker Speakers (Realtek(R) Audio)
21.5639 	EXP 	polygon: autoDraw = False
21.5639 	EXP 	polygon: autoDraw = False
21.5639 	EXP 	polygon: autoDraw = True
22.5663 	EXP 	Sound pip reached end of file
22.5818 	EXP 	Sound pip reached end of file
22.5834 	EXP 	window1: Attempting to measure frame rate of screen (0) ...
22.5834 	EXP 	window1: recordFrameIntervals = False
22.5968 	EXP 	polygon: autoDraw = False
22.5968 	EXP 	polygon: autoDraw = False
22.7478 	EXP 	window1: recordFrameIntervals = True
22.9314 	EXP 	Screen (0) actual frame rate measured at 59.93Hz
22.9314 	EXP 	window1: recordFrameIntervals = False
22.9317 	EXP 	audiobook: sampleRate = 44100
22.9419 	INFO 	Resampled audio from 44100Hz to 48000Hz using method 'default'.
22.9422 	EXP 	Sound audiobook reached end of file
22.9469 	EXP 	Playing sound audiobook on speaker Speakers (Realtek(R) Audio)
22.9471 	EXP 	fixation: autoDraw = True
28.5151 	EXP 	Sound audiobook reached end of file
28.5311 	EXP 	Sound audiobook reached end of file
28.5471 	EXP 	fixation: autoDraw = False
28.5471 	EXP 	fixation: autoDraw = False
28.5471 	EXP 	question: text = '¿Cuántas veces estuvo la cruz en color azul?'
28.5471 	EXP 	answer: placeholder = ''
28.5471 	EXP 	question: autoDraw = True
28.5471 	EXP 	Boton: autoDraw = True
28.5471 	EXP 	answer: autoDraw = True
30.6171 	DATA 	Keypress: num_1
30.6181 	DEBUG 	TextBox2 loaded 1 chars with 0 blanks and 1 valid
30.6182 	DEBUG 	Uploading Texture Font fontname to graphics card
30.6185 	DEBUG 	Upload of Texture Font fontname complete
30.6331 	EXP 	Device response: <KeyPress from None: t=30.615432799997507, value=num_1, duration=None>
30.7318 	EXP 	Device response: <KeyPress from None: t=30.615432799997507, value=num_1, duration=0.11144000000786036>
31.0316 	DATA 	Keypress: return
31.0321 	EXP 	Device response: <KeyPress from None: t=31.022751500015147, value=return, duration=None>
31.1656 	EXP 	Device response: <KeyPress from None: t=31.022751500015147, value=return, duration=0.13604949999717064>
32.2150 	DATA 	Mouse: Left button down, pos=(568,252)
32.2303 	EXP 	question: autoDraw = False
32.2303 	EXP 	Boton: autoDraw = False
32.2303 	EXP 	answer: autoDraw = False
32.2303 	EXP 	spacebar_text: height = np.float64(0.05)
32.2303 	EXP 	spacebar_text: height = np.float64(0.05)
32.2303 	EXP 	spacebar_text: height = np.float64(0.05)
32.2303 	EXP 	spacebar_text: text = 'Apretá la barra espaciadora para continuar...'
32.3319 	DATA 	Mouse:  Left button up, pos=(568,252)
32.4809 	EXP 	spacebar_text: autoDraw = True
32.7305 	INFO 	Keyboard events cleared
33.7650 	EXP 	Device response: <KeyPress from None: t=33.75088060001144, value=space, duration=None>
33.7653 	EXP 	New trial (rep=0, index=0): <Trial 0 (0 in rep 0) data={'thisN': 0, 'thisTrialN': 0, 'thisRepN': 0}>
33.7657 	EXP 	pip: sampleRate = 44100
33.7673 	INFO 	Resampled audio from 44100Hz to 48000Hz using method 'default'.
33.7673 	DEBUG 	Converted audio clip from mono to stereo
33.7675 	EXP 	Sound pip reached end of file
33.7803 	EXP 	Playing sound pip on speaker Speakers (Realtek(R) Audio)
33.7682 	DATA 	Keypress: space
33.7814 	EXP 	spacebar_text: autoDraw = False
33.7814 	EXP 	polygon: autoDraw = True
33.8823 	EXP 	Device response: <KeyPress from None: t=33.75088060001144, value=space, duration=0.1195321999839507>
34.7857 	EXP 	Sound pip reached end of file
34.7984 	EXP 	Sound pip reached end of file
34.8138 	EXP 	polygon: autoDraw = False
34.8138 	EXP 	polygon: autoDraw = False
34.8138 	EXP 	last_prompt_text: autoDraw = True
34.9975 	INFO 	Keyboard events cleared
35.8487 	EXP 	Device response: <KeyPress from None: t=35.84715459999279, value=escape, duration=None>
35.8493 	DATA 	Keypress: escape
35.9651 	EXP 	Device response: <KeyPress from None: t=35.84715459999279, value=escape, duration=0.11148900000262074>
35.9651 	EXP 	audiobook_uncomitted_experiment: status = STOPPED
35.9822 	EXP 	last_prompt_text: autoDraw = False
35.9833 	EXP 	audiobook_uncomitted_experiment: status = STOPPED
35.9875 	INFO 	saved data to 'C:\\Users\\jocta\\repos\\speech-engagement\\unengaged_audiobook_experiment\\data\\pilot_audiobook_uncomitted_experiment_2025-12-16_18h58.12.925.csv'
35.9880 	INFO 	saved data to C:\Users\jocta\repos\speech-engagement\unengaged_audiobook_experiment\data\pilot_audiobook_uncomitted_experiment_2025-12-16_18h58.12.925.psydat
36.2002 	DEBUG 	Saving data for audiobook_uncomitted_experiment ExperimentHandler
