1.1198 	WARNING 	psychopy.parallel has been imported but no parallel port driver found. Install either inpout32, inpoutx64 or dlportio
2.8747 	DEBUG 	Fullscreen settings ignored as running in pilot mode.
2.8752 	INFO 	Loaded monitor calibration from ['2025_12_16 10:09']
3.0762 	INFO 	Using renderer 'NVIDIA GeForce RTX 5070 Ti/PCIe/SSE2' for graphics
3.0763 	INFO 	OpenGL version supported by driver is 4..
3.0850 	EXP 	Created window1 = Window(allowGUI=False, allowStencil=True, autoLog=True, backendConf=UNKNOWN, backgroundFit=<method-wrapper '__getattribute__' of attributeSetter object at 0x000002841EFEFC70>, backgroundImage=<method-wrapper '__getattribute__' of attributeSetter object at 0x000002841EFEFC10>, bitsMode=UNKNOWN, blendMode='avg', bpc=(8, 8, 8), color=array([0, 0, 0]), colorSpace='rgb', depthBits=8, fullscr=False, gamma=None, gammaErrorPolicy='raise', infoMsg=UNKNOWN, lms=UNKNOWN, monitor=<psychopy.monitors.calibTools.Monitor object at 0x000002841E7A4640>, multiSample=False, name='window1', numSamples=2, pos=[np.float64(560.0), np.float64(240.0)], screen=0, size=array([800, 600]), stencilBits=8, stereo=False, title='PsychoPy', units='height', useFBO=True, useRetina=False, viewOri=0.0, viewPos=None, viewScale=None, waitBlanking=True, winType='pyglet')
3.0850 	EXP 	window1: backgroundImage = ''
3.0851 	EXP 	window1: backgroundFit = 'none'
3.0948 	DEBUG 	TextBox2 loaded 1 chars with 0 blanks and 1 valid
3.1017 	DEBUG 	TextBox2 loaded 1 chars with 0 blanks and 1 valid
3.1087 	DEBUG 	TextBox2 loaded 1 chars with 0 blanks and 1 valid
3.1152 	DEBUG 	TextBox2 loaded 1 chars with 0 blanks and 1 valid
3.1211 	DEBUG 	TextBox2 loaded 1 chars with 0 blanks and 1 valid
3.1272 	DEBUG 	TextBox2 loaded 1 chars with 0 blanks and 1 valid
3.1333 	DEBUG 	TextBox2 loaded 1 chars with 0 blanks and 1 valid
3.1395 	DEBUG 	TextBox2 loaded 1 chars with 0 blanks and 1 valid
3.1454 	DEBUG 	TextBox2 loaded 1 chars with 0 blanks and 1 valid
3.1511 	DEBUG 	TextBox2 loaded 1 chars with 0 blanks and 1 valid
3.1571 	DEBUG 	TextBox2 loaded 1 chars with 0 blanks and 1 valid
3.1631 	DEBUG 	TextBox2 loaded 1 chars with 0 blanks and 1 valid
3.1691 	DEBUG 	TextBox2 loaded 1 chars with 0 blanks and 1 valid
3.1750 	DEBUG 	TextBox2 loaded 1 chars with 0 blanks and 1 valid
3.1808 	DEBUG 	TextBox2 loaded 1 chars with 0 blanks and 1 valid
3.1869 	DEBUG 	TextBox2 loaded 1 chars with 0 blanks and 1 valid
3.1929 	DEBUG 	TextBox2 loaded 1 chars with 0 blanks and 1 valid
3.1986 	DEBUG 	TextBox2 loaded 1 chars with 0 blanks and 1 valid
3.2043 	DEBUG 	TextBox2 loaded 1 chars with 0 blanks and 1 valid
3.2104 	DEBUG 	TextBox2 loaded 1 chars with 0 blanks and 1 valid
3.2161 	DEBUG 	TextBox2 loaded 1 chars with 0 blanks and 1 valid
3.2163 	DEBUG 	Uploading Texture Font fontname to graphics card
3.2174 	DEBUG 	Upload of Texture Font fontname complete
3.2264 	DEBUG 	TextBox2 loaded 1 chars with 0 blanks and 1 valid
3.2327 	DEBUG 	TextBox2 loaded 1 chars with 0 blanks and 1 valid
3.2388 	DEBUG 	TextBox2 loaded 1 chars with 0 blanks and 1 valid
3.2390 	DEBUG 	Uploading Texture Font fontname to graphics card
3.2394 	DEBUG 	Upload of Texture Font fontname complete
3.2409 	EXP 	window1: Attempting to measure frame rate of screen (0) ...
3.2409 	EXP 	window1: recordFrameIntervals = False
3.3994 	EXP 	window1: recordFrameIntervals = True
3.5829 	EXP 	Screen (0) actual frame rate measured at 59.87Hz
3.5829 	EXP 	window1: recordFrameIntervals = False
3.5910 	DEBUG 	TextBox2 loaded 1 chars with 0 blanks and 1 valid
3.5970 	DEBUG 	TextBox2 loaded 1 chars with 0 blanks and 1 valid
3.6031 	DEBUG 	TextBox2 loaded 1 chars with 0 blanks and 1 valid
3.6092 	DEBUG 	TextBox2 loaded 1 chars with 0 blanks and 1 valid
3.6153 	DEBUG 	TextBox2 loaded 1 chars with 0 blanks and 1 valid
3.6213 	DEBUG 	TextBox2 loaded 1 chars with 0 blanks and 1 valid
3.6273 	DEBUG 	TextBox2 loaded 1 chars with 0 blanks and 1 valid
3.6332 	DEBUG 	TextBox2 loaded 1 chars with 0 blanks and 1 valid
3.6397 	DEBUG 	TextBox2 loaded 1 chars with 0 blanks and 1 valid
3.6459 	DEBUG 	TextBox2 loaded 1 chars with 0 blanks and 1 valid
3.6460 	DEBUG 	Uploading Texture Font fontname to graphics card
3.6463 	DEBUG 	Upload of Texture Font fontname complete
3.6577 	WARNING 	launchHubServer: If using the iohub mouse or eyetracker devices, fullScr should be True.
9.6129 	INFO 	keyboard.Keyboard is using iohub backend.
9.6129 	EXP 	audiobook_uncomitted_experiment: status = STARTED
9.6830 	EXP 	Created instruction_text = TextStim(__class__=<class 'psychopy.visual.text.TextStim'>, alignHoriz=method-wrapper(...), alignText='center', alignVert=method-wrapper(...), anchorHoriz='center', anchorVert='center', antialias=True, autoDraw=False, autoLog=True, bold=False, color=array([1., 1., 1.]), colorSpace='rgb', contrast=1.0, depth=0.0, draggable=False, flipHoriz=False, flipVert=False, font='Arial', fontFiles=[], height=np.float64(0.05), italic=False, languageStyle='LTR', name='instruction_text', opacity=1, ori=0.0, pos=array([0., 0.]), rgb=UNKNOWN, text=str(...), units='height', win=Window(...), wrapWidth=1)
9.8105 	INFO 	Loaded psychtoolbox audio version 3.0.19.696976569
9.8305 	WARNING 	No default speaker specified in Preferences / Hardware, using first speaker found: Speakers (Realtek(R) Audio)
9.8305 	DEBUG 	Found speaker device: Speakers (Realtek(R) Audio) (2.0)
9.8349 	INFO 	Created stream for speaker device: Speakers (Realtek(R) Audio) (2.0)
9.8358 	EXP 	pip: sampleRate = 48000
9.8358 	EXP 	pip: channels = None
9.8390 	DEBUG 	Converted audio clip from mono to stereo
9.8405 	EXP 	Sound pip set volume 1.000
9.8423 	EXP 	Created polygon = ShapeStim(__class__=<class 'psychopy.visual.shape.ShapeStim'>, anchor=('center', 'center'), autoDraw=False, autoLog=True, closeShape=True, color=method-wrapper(...), colorSpace='rgb', contrast=None, depth=-1.0, draggable=False, fillColor=array([1, 1, 1]), fillColorSpace='rgb', fillRGB=array([1, 1, 1]), interpolate=True, lineColor=array([-1., -1., -1.]), lineColorSpace='rgb', lineRGB=array([-1, -1, -1]), lineWidth=1.0, name='polygon', opacity=1, ori=0.0, pos=array([0., 0.]), size=array([0.1, 0.1]), units='height', vertices=ndarray(...), win=Window(...), windingRule=None)
9.8466 	WARNING 	No default speaker specified in Preferences / Hardware, using first speaker found: Speakers (Realtek(R) Audio)
9.8466 	DEBUG 	Found speaker device: Speakers (Realtek(R) Audio) (2.0)
9.8491 	INFO 	Created stream for speaker device: Speakers (Realtek(R) Audio) (2.0)
9.8498 	EXP 	audiobook: sampleRate = 48000
9.8498 	EXP 	audiobook: channels = None
9.8525 	DEBUG 	Converted audio clip from mono to stereo
9.8541 	EXP 	Sound audiobook set volume 1.000
9.8552 	EXP 	Created fixation = ShapeStim(__class__=<class 'psychopy.visual.shape.ShapeStim'>, anchor=('center', 'center'), autoDraw=False, autoLog=True, closeShape=True, color=method-wrapper(...), colorSpace='rgb', contrast=None, depth=-2.0, draggable=False, fillColor=array([1, 1, 1]), fillColorSpace='rgb', fillRGB=array([1, 1, 1]), interpolate=True, lineColor=array([-1., -1., -1.]), lineColorSpace='rgb', lineRGB=array([-1, -1, -1]), lineWidth=1.0, name='fixation', opacity=1, ori=0.0, pos=array([0., 0.]), size=array([0.1, 0.1]), units='height', vertices=ndarray(...), win=Window(...), windingRule=None)
9.8555 	EXP 	Created question = TextStim(__class__=<class 'psychopy.visual.text.TextStim'>, alignHoriz=method-wrapper(...), alignText='center', alignVert=method-wrapper(...), anchorHoriz='center', anchorVert='center', antialias=True, autoDraw=False, autoLog=True, bold=False, color=array([1., 1., 1.]), colorSpace='rgb', contrast=1.0, depth=0.0, draggable=False, flipHoriz=False, flipVert=False, font='Arial', fontFiles=[], height=0.05, italic=False, languageStyle='LTR', name='question', opacity=1, ori=0.0, pos=array([0. , 0.1]), rgb=UNKNOWN, text='', units='height', win=Window(...), wrapWidth=1)
9.8604 	EXP 	Created Boton = TextStim(__class__=<class 'psychopy.visual.text.TextStim'>, alignHoriz=method-wrapper(...), alignText='center', alignVert=method-wrapper(...), anchorHoriz='center', anchorVert='center', antialias=True, autoDraw=False, autoLog=True, bold=False, color=array([1., 1., 1.]), colorSpace='rgb', contrast=1.0, depth=-1.0, draggable=False, flipHoriz=False, flipVert=False, font='Arial', fontFiles=[], height=np.float64(0.025), italic=False, languageStyle='LTR', name='Boton', opacity=1, ori=0.0, pos=array([ 0.45, -0.45]), rgb=UNKNOWN, text='Hace click izquierdo para continuar\n', units='height', win=Window(...), wrapWidth=1)
9.8649 	EXP 	Created spacebar_text = TextStim(__class__=<class 'psychopy.visual.text.TextStim'>, alignHoriz=method-wrapper(...), alignText='center', alignVert=method-wrapper(...), anchorHoriz='center', anchorVert='center', antialias=True, autoDraw=False, autoLog=True, bold=False, color=array([1., 1., 1.]), colorSpace='rgb', contrast=1.0, depth=0.0, draggable=False, flipHoriz=False, flipVert=False, font='Arial', fontFiles=[], height=0.05, italic=False, languageStyle='LTR', name='spacebar_text', opacity=1, ori=0.0, pos=array([0. , 0.1]), rgb=UNKNOWN, text='', units='height', win=Window(...), wrapWidth=1)
9.8690 	WARNING 	No default speaker specified in Preferences / Hardware, using first speaker found: Speakers (Realtek(R) Audio)
9.8690 	DEBUG 	Found speaker device: Speakers (Realtek(R) Audio) (2.0)
9.8717 	INFO 	Created stream for speaker device: Speakers (Realtek(R) Audio) (2.0)
9.8724 	EXP 	pip: sampleRate = 48000
9.8724 	EXP 	pip: channels = None
9.8756 	DEBUG 	Converted audio clip from mono to stereo
9.8771 	EXP 	Sound pip set volume 1.000
9.8781 	EXP 	Created polygon = ShapeStim(__class__=<class 'psychopy.visual.shape.ShapeStim'>, anchor=('center', 'center'), autoDraw=False, autoLog=True, closeShape=True, color=method-wrapper(...), colorSpace='rgb', contrast=None, depth=-1.0, draggable=False, fillColor=array([1, 1, 1]), fillColorSpace='rgb', fillRGB=array([1, 1, 1]), interpolate=True, lineColor=array([-1., -1., -1.]), lineColorSpace='rgb', lineRGB=array([-1, -1, -1]), lineWidth=1.0, name='polygon', opacity=1, ori=0.0, pos=array([0., 0.]), size=array([0.1, 0.1]), units='height', vertices=ndarray(...), win=Window(...), windingRule=None)
9.8831 	EXP 	Created last_prompt_text = TextStim(__class__=<class 'psychopy.visual.text.TextStim'>, alignHoriz=method-wrapper(...), alignText='center', alignVert=method-wrapper(...), anchorHoriz='center', anchorVert='center', antialias=True, autoDraw=False, autoLog=True, bold=False, color=array([1., 1., 1.]), colorSpace='rgb', contrast=1.0, depth=0.0, draggable=False, flipHoriz=False, flipVert=False, font='Arial', fontFiles=[], height=np.float64(0.05), italic=False, languageStyle='LTR', name='last_prompt_text', opacity=1, ori=0.0, pos=array([0., 0.]), rgb=UNKNOWN, text=str(...), units='height', win=Window(...), wrapWidth=1)
9.8867 	EXP 	Created congrats_text = TextStim(__class__=<class 'psychopy.visual.text.TextStim'>, alignHoriz=method-wrapper(...), alignText='center', alignVert=method-wrapper(...), anchorHoriz='center', anchorVert='center', antialias=True, autoDraw=False, autoLog=True, bold=False, color=array([1., 1., 1.]), colorSpace='rgb', contrast=1.0, depth=0.0, draggable=False, flipHoriz=False, flipVert=False, font='Arial', fontFiles=[], height=np.float64(0.05), italic=False, languageStyle='LTR', name='congrats_text', opacity=1, ori=0.0, pos=array([0., 0.]), rgb=UNKNOWN, text=str(...), units='height', win=Window(...), wrapWidth=1)
0.0790 	EXP 	answer: autoLog = True
0.1132 	INFO 	Keyboard events cleared
0.1130 	EXP 	instruction_text: autoDraw = True
1.5326 	EXP 	Device response: <KeyPress from None: t=1.5278959999850485, value=space, duration=None>
1.5359 	DEBUG 	Read csv file with pandas: AudioBookLoop_pruebas.csv
1.5365 	DEBUG 	Clearing unnamed columns from AudioBookLoop_pruebas.csv
1.5367 	EXP 	Imported AudioBookLoop_pruebas.csv as conditions, 2 conditions, 4 params
1.5368 	EXP 	New trial (rep=0, index=0): <Trial 0 (0 in rep 0) data={'Book': 'kafka', 'AudioFile': '..\\audiobook_stimuli\\stimuli_audiobook\\prueba.wav', 'Question': '¿Quiénes son los protagonistas de esta historia? \n\n Escribí una respuesta de hasta 10 palabras.', 'EndTrial': 'Apretá la barra espaciadora para continuar con el segundo cuento...', 'thisN': 0, 'thisTrialN': 0, 'thisRepN': 0}>
1.5369 	EXP 	New trial (rep=0, index=0): <Trial 0 (0 in rep 0) data={'thisN': 0, 'thisTrialN': 0, 'thisRepN': 0}>
1.5371 	EXP 	pip: sampleRate = 44100
1.5403 	INFO 	Resampled audio from 44100Hz to 48000Hz using method 'default'.
1.5403 	DEBUG 	Converted audio clip from mono to stereo
1.5406 	EXP 	Sound pip reached end of file
1.5461 	EXP 	Playing sound pip on speaker Speakers (Realtek(R) Audio)
1.5418 	DATA 	Keypress: space
1.5422 	DEBUG 	TextBox2 loaded 1 chars with 0 blanks and 1 valid
1.5424 	DEBUG 	TextBox2 loaded 1 chars with 0 blanks and 1 valid
1.5425 	DEBUG 	Uploading Texture Font fontname to graphics card
1.5435 	DEBUG 	Upload of Texture Font fontname complete
1.5470 	EXP 	instruction_text: autoDraw = False
1.5470 	EXP 	polygon: autoDraw = True
1.6313 	EXP 	Device response: <KeyPress from None: t=1.5278959999850485, value=space, duration=0.08807070000329986>
2.5517 	EXP 	Sound pip reached end of file
2.5643 	EXP 	Sound pip reached end of file
2.5657 	EXP 	window1: Attempting to measure frame rate of screen (0) ...
2.5657 	EXP 	window1: recordFrameIntervals = False
2.5795 	EXP 	polygon: autoDraw = False
2.5795 	EXP 	polygon: autoDraw = False
2.7311 	EXP 	window1: recordFrameIntervals = True
2.9144 	EXP 	Screen (0) actual frame rate measured at 59.91Hz
2.9144 	EXP 	window1: recordFrameIntervals = False
2.9147 	EXP 	audiobook: sampleRate = 44100
2.9255 	INFO 	Resampled audio from 44100Hz to 48000Hz using method 'default'.
2.9260 	EXP 	Sound audiobook reached end of file
2.9299 	EXP 	Playing sound audiobook on speaker Speakers (Realtek(R) Audio)
2.9300 	EXP 	fixation: autoDraw = True
8.4975 	EXP 	Sound audiobook reached end of file
8.5140 	EXP 	Sound audiobook reached end of file
8.5308 	EXP 	fixation: autoDraw = False
8.5308 	EXP 	fixation: autoDraw = False
8.5308 	EXP 	question: height = np.float64(0.05)
8.5308 	EXP 	question: height = np.float64(0.05)
8.5308 	EXP 	question: height = np.float64(0.05)
8.5308 	EXP 	question: text = '¿Cuántas veces estuvo la cruz en color azul?'
8.5308 	EXP 	answer: placeholder = ''
8.5308 	EXP 	question: autoDraw = True
8.5308 	EXP 	Boton: autoDraw = True
8.5308 	EXP 	answer: autoDraw = True
13.2647 	DATA 	Keypress: num_1
13.2653 	DEBUG 	TextBox2 loaded 1 chars with 0 blanks and 1 valid
13.2654 	DEBUG 	Uploading Texture Font fontname to graphics card
13.2657 	DEBUG 	Upload of Texture Font fontname complete
13.2661 	EXP 	Device response: <KeyPress from None: t=13.25615359999938, value=num_1, duration=None>
13.3485 	EXP 	Device response: <KeyPress from None: t=13.25615359999938, value=num_1, duration=0.08807939998223446>
15.1155 	DATA 	Mouse: Left button down, pos=(501,223)
15.1308 	EXP 	question: autoDraw = False
15.1308 	EXP 	Boton: autoDraw = False
15.1308 	EXP 	answer: autoDraw = False
15.1308 	EXP 	spacebar_text: height = np.float64(0.05)
15.1308 	EXP 	spacebar_text: height = np.float64(0.05)
15.1308 	EXP 	spacebar_text: height = np.float64(0.05)
15.1308 	EXP 	spacebar_text: text = 'Apretá la barra espaciadora para continuar con el segundo cuento...'
15.2152 	DATA 	Mouse:  Left button up, pos=(501,223)
15.3802 	EXP 	spacebar_text: autoDraw = True
15.6312 	INFO 	Keyboard events cleared
16.5648 	EXP 	Device response: <KeyPress from None: t=16.560268600005656, value=space, duration=None>
16.5651 	EXP 	New trial (rep=0, index=0): <Trial 0 (0 in rep 0) data={'thisN': 0, 'thisTrialN': 0, 'thisRepN': 0}>
16.5654 	EXP 	pip: sampleRate = 44100
16.5671 	INFO 	Resampled audio from 44100Hz to 48000Hz using method 'default'.
16.5671 	DEBUG 	Converted audio clip from mono to stereo
16.5672 	EXP 	Sound pip reached end of file
16.5801 	EXP 	Playing sound pip on speaker Speakers (Realtek(R) Audio)
16.5679 	DATA 	Keypress: space
16.5804 	EXP 	spacebar_text: autoDraw = False
16.5804 	EXP 	polygon: autoDraw = True
16.6650 	EXP 	Device response: <KeyPress from None: t=16.560268600005656, value=space, duration=0.10404710000148043>
17.5832 	EXP 	Sound pip reached end of file
17.5982 	EXP 	Sound pip reached end of file
17.5989 	EXP 	New trial (rep=0, index=1): <Trial 1 (1 in rep 0) data={'Book': 'lugones', 'AudioFile': '..\\audiobook_stimuli\\stimuli_audiobook\\prueba.wav', 'Question': '¿Cómo muere el protagonista de la historia? \n\n Escribí una respuesta de hasta 10 palabras', 'EndTrial': 'Apretá la barra espaciadora para continuar...', 'thisN': 1, 'thisTrialN': 1, 'thisRepN': 0}>
17.5990 	EXP 	New trial (rep=0, index=0): <Trial 0 (0 in rep 0) data={'thisN': 0, 'thisTrialN': 0, 'thisRepN': 0}>
17.5993 	EXP 	pip: sampleRate = 44100
17.6009 	INFO 	Resampled audio from 44100Hz to 48000Hz using method 'default'.
17.6010 	DEBUG 	Converted audio clip from mono to stereo
17.6011 	EXP 	Sound pip reached end of file
17.6137 	EXP 	Playing sound pip on speaker Speakers (Realtek(R) Audio)
17.6136 	EXP 	polygon: autoDraw = False
17.6136 	EXP 	polygon: autoDraw = False
17.6136 	EXP 	polygon: autoDraw = True
18.6178 	EXP 	Sound pip reached end of file
18.6320 	EXP 	Sound pip reached end of file
18.6335 	EXP 	window1: Attempting to measure frame rate of screen (0) ...
18.6335 	EXP 	window1: recordFrameIntervals = False
18.6472 	EXP 	polygon: autoDraw = False
18.6472 	EXP 	polygon: autoDraw = False
18.7986 	EXP 	window1: recordFrameIntervals = True
18.9818 	EXP 	Screen (0) actual frame rate measured at 59.93Hz
18.9818 	EXP 	window1: recordFrameIntervals = False
18.9821 	EXP 	audiobook: sampleRate = 44100
18.9924 	INFO 	Resampled audio from 44100Hz to 48000Hz using method 'default'.
18.9927 	EXP 	Sound audiobook reached end of file
18.9972 	EXP 	Playing sound audiobook on speaker Speakers (Realtek(R) Audio)
18.9975 	EXP 	fixation: autoDraw = True
24.5678 	EXP 	Sound audiobook reached end of file
24.5819 	EXP 	Sound audiobook reached end of file
24.5981 	EXP 	fixation: autoDraw = False
24.5981 	EXP 	fixation: autoDraw = False
24.5981 	EXP 	question: text = '¿Cuántas veces estuvo la cruz en color azul?'
24.5981 	EXP 	answer: placeholder = ''
24.5981 	EXP 	question: autoDraw = True
24.5981 	EXP 	Boton: autoDraw = True
24.5981 	EXP 	answer: autoDraw = True
31.2329 	DATA 	Keypress: 1
31.2335 	EXP 	Device response: <KeyPress from None: t=31.232356299995445, value=1, duration=None>
31.3158 	EXP 	Device response: <KeyPress from None: t=31.232356299995445, value=1, duration=0.07204609998734668>
33.4990 	DATA 	Mouse: Left button down, pos=(494,223)
33.5144 	EXP 	question: autoDraw = False
33.5144 	EXP 	Boton: autoDraw = False
33.5144 	EXP 	answer: autoDraw = False
33.5144 	EXP 	spacebar_text: height = np.float64(0.05)
33.5144 	EXP 	spacebar_text: height = np.float64(0.05)
33.5144 	EXP 	spacebar_text: height = np.float64(0.05)
33.5144 	EXP 	spacebar_text: text = 'Apretá la barra espaciadora para continuar...'
33.5824 	DATA 	Mouse:  Left button up, pos=(494,223)
33.7642 	EXP 	spacebar_text: autoDraw = True
34.0143 	INFO 	Keyboard events cleared
35.7997 	DATA 	Mouse: Left button down, pos=(487,271)
35.8495 	DATA 	Mouse:  Left button up, pos=(488,271)
36.2329 	EXP 	Device response: <KeyPress from None: t=36.223661099997116, value=space, duration=None>
36.2332 	EXP 	New trial (rep=0, index=0): <Trial 0 (0 in rep 0) data={'thisN': 0, 'thisTrialN': 0, 'thisRepN': 0}>
36.2335 	EXP 	pip: sampleRate = 44100
36.2352 	INFO 	Resampled audio from 44100Hz to 48000Hz using method 'default'.
36.2352 	DEBUG 	Converted audio clip from mono to stereo
36.2353 	EXP 	Sound pip reached end of file
36.2483 	EXP 	Playing sound pip on speaker Speakers (Realtek(R) Audio)
36.2359 	DATA 	Keypress: space
36.2478 	EXP 	spacebar_text: autoDraw = False
36.2478 	EXP 	polygon: autoDraw = True
36.3160 	EXP 	Device response: <KeyPress from None: t=36.223661099997116, value=space, duration=0.08873369998764247>
37.2475 	EXP 	Sound pip reached end of file
37.2652 	EXP 	Sound pip reached end of file
37.2809 	EXP 	polygon: autoDraw = False
37.2809 	EXP 	polygon: autoDraw = False
37.2809 	EXP 	last_prompt_text: autoDraw = True
37.4646 	INFO 	Keyboard events cleared
37.6990 	EXP 	Device response: <KeyPress from None: t=37.69653789998847, value=space, duration=None>
37.6997 	DATA 	Keypress: space
37.8664 	EXP 	Device response: <KeyPress from None: t=37.69653789998847, value=space, duration=0.16798960001324303>
38.4490 	EXP 	Device response: <KeyPress from None: t=38.43969549998292, value=f2, duration=None>
38.4498 	DATA 	Keypress: f2
38.6490 	EXP 	Device response: <KeyPress from None: t=38.43969549998292, value=f2, duration=0.20833700001821853>
39.6161 	EXP 	Device response: <KeyPress from None: t=39.60853050000151, value=3, duration=None>
39.6172 	DATA 	Keypress: 3
39.6180 	DEBUG 	TextBox2 loaded 1 chars with 0 blanks and 1 valid
39.6181 	DEBUG 	Uploading Texture Font fontname to graphics card
39.6184 	DEBUG 	Upload of Texture Font fontname complete
39.6331 	INFO 	Keyboard events cleared
39.6329 	EXP 	last_prompt_text: autoDraw = False
39.6329 	EXP 	congrats_text: autoDraw = True
39.7492 	EXP 	Device response: <KeyPress from None: t=39.60853050000151, value=3, duration=0.1358884999935981>
40.8492 	EXP 	Device response: <KeyPress from None: t=40.84144610000658, value=space, duration=None>
40.8497 	DATA 	Keypress: space
40.8645 	EXP 	congrats_text: autoDraw = False
40.8655 	EXP 	audiobook_uncomitted_experiment: status = STOPPED
40.8688 	INFO 	saved data to 'C:\\Users\\jocta\\repos\\speech-engagement\\unengaged_audiobook_experiment\\data\\pilot_audiobook_uncomitted_experiment_2025-12-16_18h54.12.909.csv'
40.8694 	INFO 	saved data to C:\Users\jocta\repos\speech-engagement\unengaged_audiobook_experiment\data\pilot_audiobook_uncomitted_experiment_2025-12-16_18h54.12.909.psydat
41.1905 	DEBUG 	Saving data for audiobook_uncomitted_experiment ExperimentHandler
