1.1133 	WARNING 	psychopy.parallel has been imported but no parallel port driver found. Install either inpout32, inpoutx64 or dlportio
2.3745 	DEBUG 	Fullscreen settings ignored as running in pilot mode.
2.3750 	INFO 	Loaded monitor calibration from ['2025_12_16 10:09']
2.5780 	INFO 	Using renderer 'NVIDIA GeForce RTX 5070 Ti/PCIe/SSE2' for graphics
2.5780 	INFO 	OpenGL version supported by driver is 4..
2.5858 	EXP 	Created window1 = Window(allowGUI=False, allowStencil=True, autoLog=True, backendConf=UNKNOWN, backgroundFit=<method-wrapper '__getattribute__' of attributeSetter object at 0x00000222A30CFC10>, backgroundImage=<method-wrapper '__getattribute__' of attributeSetter object at 0x00000222A30CFBB0>, bitsMode=UNKNOWN, blendMode='avg', bpc=(8, 8, 8), color=array([0, 0, 0]), colorSpace='rgb', depthBits=8, fullscr=False, gamma=None, gammaErrorPolicy='raise', infoMsg=UNKNOWN, lms=UNKNOWN, monitor=<psychopy.monitors.calibTools.Monitor object at 0x00000222A28945E0>, multiSample=False, name='window1', numSamples=2, pos=[np.float64(560.0), np.float64(240.0)], screen=0, size=array([800, 600]), stencilBits=8, stereo=False, title='PsychoPy', units='height', useFBO=True, useRetina=False, viewOri=0.0, viewPos=None, viewScale=None, waitBlanking=True, winType='pyglet')
2.5859 	EXP 	window1: backgroundImage = ''
2.5859 	EXP 	window1: backgroundFit = 'none'
2.5952 	DEBUG 	TextBox2 loaded 1 chars with 0 blanks and 1 valid
2.6016 	DEBUG 	TextBox2 loaded 1 chars with 0 blanks and 1 valid
2.6074 	DEBUG 	TextBox2 loaded 1 chars with 0 blanks and 1 valid
2.6134 	DEBUG 	TextBox2 loaded 1 chars with 0 blanks and 1 valid
2.6193 	DEBUG 	TextBox2 loaded 1 chars with 0 blanks and 1 valid
2.6252 	DEBUG 	TextBox2 loaded 1 chars with 0 blanks and 1 valid
2.6311 	DEBUG 	TextBox2 loaded 1 chars with 0 blanks and 1 valid
2.6371 	DEBUG 	TextBox2 loaded 1 chars with 0 blanks and 1 valid
2.6430 	DEBUG 	TextBox2 loaded 1 chars with 0 blanks and 1 valid
2.6488 	DEBUG 	TextBox2 loaded 1 chars with 0 blanks and 1 valid
2.6549 	DEBUG 	TextBox2 loaded 1 chars with 0 blanks and 1 valid
2.6608 	DEBUG 	TextBox2 loaded 1 chars with 0 blanks and 1 valid
2.6668 	DEBUG 	TextBox2 loaded 1 chars with 0 blanks and 1 valid
2.6727 	DEBUG 	TextBox2 loaded 1 chars with 0 blanks and 1 valid
2.6788 	DEBUG 	TextBox2 loaded 1 chars with 0 blanks and 1 valid
2.6848 	DEBUG 	TextBox2 loaded 1 chars with 0 blanks and 1 valid
2.6908 	DEBUG 	TextBox2 loaded 1 chars with 0 blanks and 1 valid
2.6965 	DEBUG 	TextBox2 loaded 1 chars with 0 blanks and 1 valid
2.7022 	DEBUG 	TextBox2 loaded 1 chars with 0 blanks and 1 valid
2.7082 	DEBUG 	TextBox2 loaded 1 chars with 0 blanks and 1 valid
2.7140 	DEBUG 	TextBox2 loaded 1 chars with 0 blanks and 1 valid
2.7142 	DEBUG 	Uploading Texture Font fontname to graphics card
2.7154 	DEBUG 	Upload of Texture Font fontname complete
2.7239 	DEBUG 	TextBox2 loaded 1 chars with 0 blanks and 1 valid
2.7299 	DEBUG 	TextBox2 loaded 1 chars with 0 blanks and 1 valid
2.7360 	DEBUG 	TextBox2 loaded 1 chars with 0 blanks and 1 valid
2.7362 	DEBUG 	Uploading Texture Font fontname to graphics card
2.7372 	DEBUG 	Upload of Texture Font fontname complete
2.7382 	EXP 	window1: Attempting to measure frame rate of screen (0) ...
2.7382 	EXP 	window1: recordFrameIntervals = False
2.8952 	EXP 	window1: recordFrameIntervals = True
3.0788 	EXP 	Screen (0) actual frame rate measured at 59.90Hz
3.0788 	EXP 	window1: recordFrameIntervals = False
3.0868 	DEBUG 	TextBox2 loaded 1 chars with 0 blanks and 1 valid
3.0930 	DEBUG 	TextBox2 loaded 1 chars with 0 blanks and 1 valid
3.0996 	DEBUG 	TextBox2 loaded 1 chars with 0 blanks and 1 valid
3.1060 	DEBUG 	TextBox2 loaded 1 chars with 0 blanks and 1 valid
3.1123 	DEBUG 	TextBox2 loaded 1 chars with 0 blanks and 1 valid
3.1184 	DEBUG 	TextBox2 loaded 1 chars with 0 blanks and 1 valid
3.1243 	DEBUG 	TextBox2 loaded 1 chars with 0 blanks and 1 valid
3.1303 	DEBUG 	TextBox2 loaded 1 chars with 0 blanks and 1 valid
3.1364 	DEBUG 	TextBox2 loaded 1 chars with 0 blanks and 1 valid
3.1426 	DEBUG 	TextBox2 loaded 1 chars with 0 blanks and 1 valid
3.1427 	DEBUG 	Uploading Texture Font fontname to graphics card
3.1430 	DEBUG 	Upload of Texture Font fontname complete
3.1543 	WARNING 	launchHubServer: If using the iohub mouse or eyetracker devices, fullScr should be True.
9.1088 	INFO 	keyboard.Keyboard is using iohub backend.
9.1088 	EXP 	audiobook_uncomitted_experiment: status = STARTED
9.1756 	EXP 	Created instruction_text = TextStim(__class__=<class 'psychopy.visual.text.TextStim'>, alignHoriz=method-wrapper(...), alignText='center', alignVert=method-wrapper(...), anchorHoriz='center', anchorVert='center', antialias=True, autoDraw=False, autoLog=True, bold=False, color=array([1., 1., 1.]), colorSpace='rgb', contrast=1.0, depth=0.0, draggable=False, flipHoriz=False, flipVert=False, font='Arial', fontFiles=[], height=np.float64(0.05), italic=False, languageStyle='LTR', name='instruction_text', opacity=1, ori=0.0, pos=array([0., 0.]), rgb=UNKNOWN, text=str(...), units='height', win=Window(...), wrapWidth=1)
9.3029 	INFO 	Loaded psychtoolbox audio version 3.0.19.696976569
9.3227 	WARNING 	No default speaker specified in Preferences / Hardware, using first speaker found: Speakers (Realtek(R) Audio)
9.3227 	DEBUG 	Found speaker device: Speakers (Realtek(R) Audio) (2.0)
9.3271 	INFO 	Created stream for speaker device: Speakers (Realtek(R) Audio) (2.0)
9.3280 	EXP 	pip: sampleRate = 48000
9.3280 	EXP 	pip: channels = None
9.3316 	DEBUG 	Converted audio clip from mono to stereo
9.3331 	EXP 	Sound pip set volume 1.000
9.3350 	EXP 	Created polygon = ShapeStim(__class__=<class 'psychopy.visual.shape.ShapeStim'>, anchor=('center', 'center'), autoDraw=False, autoLog=True, closeShape=True, color=method-wrapper(...), colorSpace='rgb', contrast=None, depth=-1.0, draggable=False, fillColor=array([1, 1, 1]), fillColorSpace='rgb', fillRGB=array([1, 1, 1]), interpolate=True, lineColor=array([-1., -1., -1.]), lineColorSpace='rgb', lineRGB=array([-1, -1, -1]), lineWidth=1.0, name='polygon', opacity=1, ori=0.0, pos=array([0., 0.]), size=array([0.1, 0.1]), units='height', vertices=ndarray(...), win=Window(...), windingRule=None)
9.3392 	WARNING 	No default speaker specified in Preferences / Hardware, using first speaker found: Speakers (Realtek(R) Audio)
9.3392 	DEBUG 	Found speaker device: Speakers (Realtek(R) Audio) (2.0)
9.3422 	INFO 	Created stream for speaker device: Speakers (Realtek(R) Audio) (2.0)
9.3430 	EXP 	audiobook: sampleRate = 48000
9.3430 	EXP 	audiobook: channels = None
9.3456 	DEBUG 	Converted audio clip from mono to stereo
9.3471 	EXP 	Sound audiobook set volume 1.000
9.3483 	EXP 	Created fixation = ShapeStim(__class__=<class 'psychopy.visual.shape.ShapeStim'>, anchor=('center', 'center'), autoDraw=False, autoLog=True, closeShape=True, color=method-wrapper(...), colorSpace='rgb', contrast=None, depth=-2.0, draggable=False, fillColor=array([1, 1, 1]), fillColorSpace='rgb', fillRGB=array([1, 1, 1]), interpolate=True, lineColor=array([-1., -1., -1.]), lineColorSpace='rgb', lineRGB=array([-1, -1, -1]), lineWidth=1.0, name='fixation', opacity=1, ori=0.0, pos=array([0., 0.]), size=array([0.1, 0.1]), units='height', vertices=ndarray(...), win=Window(...), windingRule=None)
9.3487 	EXP 	Created question = TextStim(__class__=<class 'psychopy.visual.text.TextStim'>, alignHoriz=method-wrapper(...), alignText='center', alignVert=method-wrapper(...), anchorHoriz='center', anchorVert='center', antialias=True, autoDraw=False, autoLog=True, bold=False, color=array([1., 1., 1.]), colorSpace='rgb', contrast=1.0, depth=0.0, draggable=False, flipHoriz=False, flipVert=False, font='Arial', fontFiles=[], height=0.05, italic=False, languageStyle='LTR', name='question', opacity=1, ori=0.0, pos=array([0. , 0.1]), rgb=UNKNOWN, text='', units='height', win=Window(...), wrapWidth=1)
9.3531 	EXP 	Created Boton = TextStim(__class__=<class 'psychopy.visual.text.TextStim'>, alignHoriz=method-wrapper(...), alignText='center', alignVert=method-wrapper(...), anchorHoriz='center', anchorVert='center', antialias=True, autoDraw=False, autoLog=True, bold=False, color=array([1., 1., 1.]), colorSpace='rgb', contrast=1.0, depth=-1.0, draggable=False, flipHoriz=False, flipVert=False, font='Arial', fontFiles=[], height=np.float64(0.025), italic=False, languageStyle='LTR', name='Boton', opacity=1, ori=0.0, pos=array([ 0.45, -0.45]), rgb=UNKNOWN, text='Hace click izquierdo para continuar\n', units='height', win=Window(...), wrapWidth=1)
9.3576 	EXP 	Created spacebar_text = TextStim(__class__=<class 'psychopy.visual.text.TextStim'>, alignHoriz=method-wrapper(...), alignText='center', alignVert=method-wrapper(...), anchorHoriz='center', anchorVert='center', antialias=True, autoDraw=False, autoLog=True, bold=False, color=array([1., 1., 1.]), colorSpace='rgb', contrast=1.0, depth=0.0, draggable=False, flipHoriz=False, flipVert=False, font='Arial', fontFiles=[], height=0.05, italic=False, languageStyle='LTR', name='spacebar_text', opacity=1, ori=0.0, pos=array([0. , 0.1]), rgb=UNKNOWN, text='', units='height', win=Window(...), wrapWidth=1)
9.3617 	WARNING 	No default speaker specified in Preferences / Hardware, using first speaker found: Speakers (Realtek(R) Audio)
9.3617 	DEBUG 	Found speaker device: Speakers (Realtek(R) Audio) (2.0)
9.3645 	INFO 	Created stream for speaker device: Speakers (Realtek(R) Audio) (2.0)
9.3653 	EXP 	pip: sampleRate = 48000
9.3653 	EXP 	pip: channels = None
9.3685 	DEBUG 	Converted audio clip from mono to stereo
9.3701 	EXP 	Sound pip set volume 1.000
9.3712 	EXP 	Created polygon = ShapeStim(__class__=<class 'psychopy.visual.shape.ShapeStim'>, anchor=('center', 'center'), autoDraw=False, autoLog=True, closeShape=True, color=method-wrapper(...), colorSpace='rgb', contrast=None, depth=-1.0, draggable=False, fillColor=array([1, 1, 1]), fillColorSpace='rgb', fillRGB=array([1, 1, 1]), interpolate=True, lineColor=array([-1., -1., -1.]), lineColorSpace='rgb', lineRGB=array([-1, -1, -1]), lineWidth=1.0, name='polygon', opacity=1, ori=0.0, pos=array([0., 0.]), size=array([0.1, 0.1]), units='height', vertices=ndarray(...), win=Window(...), windingRule=None)
9.3763 	EXP 	Created last_prompt_text = TextStim(__class__=<class 'psychopy.visual.text.TextStim'>, alignHoriz=method-wrapper(...), alignText='center', alignVert=method-wrapper(...), anchorHoriz='center', anchorVert='center', antialias=True, autoDraw=False, autoLog=True, bold=False, color=array([1., 1., 1.]), colorSpace='rgb', contrast=1.0, depth=0.0, draggable=False, flipHoriz=False, flipVert=False, font='Arial', fontFiles=[], height=np.float64(0.05), italic=False, languageStyle='LTR', name='last_prompt_text', opacity=1, ori=0.0, pos=array([0., 0.]), rgb=UNKNOWN, text=str(...), units='height', win=Window(...), wrapWidth=1)
9.3797 	EXP 	Created congrats_text = TextStim(__class__=<class 'psychopy.visual.text.TextStim'>, alignHoriz=method-wrapper(...), alignText='center', alignVert=method-wrapper(...), anchorHoriz='center', anchorVert='center', antialias=True, autoDraw=False, autoLog=True, bold=False, color=array([1., 1., 1.]), colorSpace='rgb', contrast=1.0, depth=0.0, draggable=False, flipHoriz=False, flipVert=False, font='Arial', fontFiles=[], height=np.float64(0.05), italic=False, languageStyle='LTR', name='congrats_text', opacity=1, ori=0.0, pos=array([0., 0.]), rgb=UNKNOWN, text=str(...), units='height', win=Window(...), wrapWidth=1)
0.0824 	EXP 	answer: autoLog = True
0.0991 	INFO 	Keyboard events cleared
0.0989 	EXP 	instruction_text: autoDraw = True
3.0356 	EXP 	Device response: <KeyPress from None: t=3.0263790000171866, value=space, duration=None>
3.0384 	DEBUG 	Read csv file with pandas: AudioBookLoop_pruebas.csv
3.0389 	DEBUG 	Clearing unnamed columns from AudioBookLoop_pruebas.csv
3.0392 	EXP 	Imported AudioBookLoop_pruebas.csv as conditions, 2 conditions, 4 params
3.0393 	EXP 	New trial (rep=0, index=0): <Trial 0 (0 in rep 0) data={'Book': 'kafka', 'AudioFile': '..\\audiobook_stimuli\\stimuli_audiobook\\prueba.wav', 'Question': '¿Quiénes son los protagonistas de esta historia? \n\n Escribí una respuesta de hasta 10 palabras.', 'EndTrial': 'Apretá la barra espaciadora para continuar con el segundo cuento...', 'thisN': 0, 'thisTrialN': 0, 'thisRepN': 0}>
3.0394 	EXP 	New trial (rep=0, index=0): <Trial 0 (0 in rep 0) data={'thisN': 0, 'thisTrialN': 0, 'thisRepN': 0}>
3.0396 	EXP 	pip: sampleRate = 44100
3.0428 	INFO 	Resampled audio from 44100Hz to 48000Hz using method 'default'.
3.0428 	DEBUG 	Converted audio clip from mono to stereo
3.0431 	EXP 	Sound pip reached end of file
3.0492 	EXP 	Playing sound pip on speaker Speakers (Realtek(R) Audio)
3.0444 	DATA 	Keypress: space
3.0448 	DEBUG 	TextBox2 loaded 1 chars with 0 blanks and 1 valid
3.0450 	DEBUG 	TextBox2 loaded 1 chars with 0 blanks and 1 valid
3.0451 	DEBUG 	Uploading Texture Font fontname to graphics card
3.0460 	DEBUG 	Upload of Texture Font fontname complete
3.0497 	EXP 	instruction_text: autoDraw = False
3.0497 	EXP 	polygon: autoDraw = True
3.1338 	EXP 	Device response: <KeyPress from None: t=3.0263790000171866, value=space, duration=0.09625219998997636>
4.0641 	EXP 	Sound pip reached end of file
4.0667 	EXP 	Sound pip reached end of file
4.0682 	EXP 	window1: Attempting to measure frame rate of screen (0) ...
4.0682 	EXP 	window1: recordFrameIntervals = False
4.0824 	EXP 	polygon: autoDraw = False
4.0824 	EXP 	polygon: autoDraw = False
4.2335 	EXP 	window1: recordFrameIntervals = True
4.4172 	EXP 	Screen (0) actual frame rate measured at 59.89Hz
4.4173 	EXP 	window1: recordFrameIntervals = False
4.4176 	EXP 	audiobook: sampleRate = 44100
4.4286 	INFO 	Resampled audio from 44100Hz to 48000Hz using method 'default'.
4.4292 	EXP 	Sound audiobook reached end of file
4.4328 	EXP 	Playing sound audiobook on speaker Speakers (Realtek(R) Audio)
4.4327 	EXP 	fixation: autoDraw = True
10.0031 	EXP 	Sound audiobook reached end of file
10.0174 	EXP 	Sound audiobook reached end of file
10.0326 	EXP 	fixation: autoDraw = False
10.0326 	EXP 	fixation: autoDraw = False
10.0326 	EXP 	question: height = np.float64(0.05)
10.0326 	EXP 	question: height = np.float64(0.05)
10.0326 	EXP 	question: height = np.float64(0.05)
10.0326 	EXP 	question: text = '¿Cuántas veces estuvo la cruz en color azul?'
10.0326 	EXP 	answer: placeholder = ''
10.0326 	EXP 	question: autoDraw = True
10.0326 	EXP 	Boton: autoDraw = True
10.0326 	EXP 	answer: autoDraw = True
13.0345 	EXP 	Device response: <KeyPress from None: t=13.034068500011927, value=num_1, duration=None>
13.0374 	DATA 	Keypress: num_1
13.0380 	DEBUG 	TextBox2 loaded 1 chars with 0 blanks and 1 valid
13.0382 	DEBUG 	Uploading Texture Font fontname to graphics card
13.0384 	DEBUG 	Upload of Texture Font fontname complete
13.1349 	EXP 	Device response: <KeyPress from None: t=13.034068500011927, value=num_1, duration=0.0894313000026159>
13.4510 	DATA 	Keypress: return
13.4515 	EXP 	Device response: <KeyPress from None: t=13.442940300010378, value=return, duration=None>
13.5344 	EXP 	Device response: <KeyPress from None: t=13.442940300010378, value=return, duration=0.07950319998781197>
15.1684 	DATA 	Mouse: Left button down, pos=(665,53)
15.1831 	EXP 	question: autoDraw = False
15.1831 	EXP 	Boton: autoDraw = False
15.1831 	EXP 	answer: autoDraw = False
15.1831 	EXP 	spacebar_text: height = np.float64(0.05)
15.1831 	EXP 	spacebar_text: height = np.float64(0.05)
15.1831 	EXP 	spacebar_text: height = np.float64(0.05)
15.1831 	EXP 	spacebar_text: text = 'Apretá la barra espaciadora para continuar con el segundo cuento...'
15.2683 	DATA 	Mouse:  Left button up, pos=(665,52)
15.4332 	EXP 	spacebar_text: autoDraw = True
15.6833 	INFO 	Keyboard events cleared
21.2179 	EXP 	Device response: <KeyPress from None: t=21.21091660001548, value=escape, duration=None>
21.2186 	DATA 	Keypress: escape
21.4512 	EXP 	Device response: <KeyPress from None: t=21.21091660001548, value=escape, duration=0.23193469998659566>
21.4513 	EXP 	audiobook_uncomitted_experiment: status = STOPPED
21.4662 	EXP 	spacebar_text: autoDraw = False
21.4673 	EXP 	audiobook_uncomitted_experiment: status = STOPPED
21.4709 	INFO 	saved data to 'C:\\Users\\jocta\\repos\\speech-engagement\\unengaged_audiobook_experiment\\data\\pilot_audiobook_uncomitted_experiment_2025-12-16_18h59.51.185.csv'
21.4715 	INFO 	saved data to C:\Users\jocta\repos\speech-engagement\unengaged_audiobook_experiment\data\pilot_audiobook_uncomitted_experiment_2025-12-16_18h59.51.185.psydat
21.6834 	DEBUG 	Saving data for audiobook_uncomitted_experiment ExperimentHandler
