1.1327 	WARNING 	psychopy.parallel has been imported but no parallel port driver found. Install either inpout32, inpoutx64 or dlportio
2.6127 	DEBUG 	Fullscreen settings ignored as running in pilot mode.
2.6132 	INFO 	Loaded monitor calibration from ['2025_12_16 10:09']
2.8141 	INFO 	Using renderer 'NVIDIA GeForce RTX 5070 Ti/PCIe/SSE2' for graphics
2.8141 	INFO 	OpenGL version supported by driver is 4..
2.8223 	EXP 	Created window1 = Window(allowGUI=False, allowStencil=True, autoLog=True, backendConf=UNKNOWN, backgroundFit=<method-wrapper '__getattribute__' of attributeSetter object at 0x0000027E192DF3D0>, backgroundImage=<method-wrapper '__getattribute__' of attributeSetter object at 0x0000027E192DF370>, bitsMode=UNKNOWN, blendMode='avg', bpc=(8, 8, 8), color=array([0, 0, 0]), colorSpace='rgb', depthBits=8, fullscr=False, gamma=None, gammaErrorPolicy='raise', infoMsg=UNKNOWN, lms=UNKNOWN, monitor=<psychopy.monitors.calibTools.Monitor object at 0x0000027E18A9FD60>, multiSample=False, name='window1', numSamples=2, pos=[np.float64(560.0), np.float64(240.0)], screen=0, size=array([800, 600]), stencilBits=8, stereo=False, title='PsychoPy', units='height', useFBO=True, useRetina=False, viewOri=0.0, viewPos=None, viewScale=None, waitBlanking=True, winType='pyglet')
2.8224 	EXP 	window1: backgroundImage = ''
2.8224 	EXP 	window1: backgroundFit = 'none'
2.8323 	DEBUG 	TextBox2 loaded 1 chars with 0 blanks and 1 valid
2.8391 	DEBUG 	TextBox2 loaded 1 chars with 0 blanks and 1 valid
2.8458 	DEBUG 	TextBox2 loaded 1 chars with 0 blanks and 1 valid
2.8528 	DEBUG 	TextBox2 loaded 1 chars with 0 blanks and 1 valid
2.8591 	DEBUG 	TextBox2 loaded 1 chars with 0 blanks and 1 valid
2.8650 	DEBUG 	TextBox2 loaded 1 chars with 0 blanks and 1 valid
2.8709 	DEBUG 	TextBox2 loaded 1 chars with 0 blanks and 1 valid
2.8771 	DEBUG 	TextBox2 loaded 1 chars with 0 blanks and 1 valid
2.8830 	DEBUG 	TextBox2 loaded 1 chars with 0 blanks and 1 valid
2.8889 	DEBUG 	TextBox2 loaded 1 chars with 0 blanks and 1 valid
2.8949 	DEBUG 	TextBox2 loaded 1 chars with 0 blanks and 1 valid
2.9008 	DEBUG 	TextBox2 loaded 1 chars with 0 blanks and 1 valid
2.9069 	DEBUG 	TextBox2 loaded 1 chars with 0 blanks and 1 valid
2.9128 	DEBUG 	TextBox2 loaded 1 chars with 0 blanks and 1 valid
2.9190 	DEBUG 	TextBox2 loaded 1 chars with 0 blanks and 1 valid
2.9252 	DEBUG 	TextBox2 loaded 1 chars with 0 blanks and 1 valid
2.9312 	DEBUG 	TextBox2 loaded 1 chars with 0 blanks and 1 valid
2.9371 	DEBUG 	TextBox2 loaded 1 chars with 0 blanks and 1 valid
2.9432 	DEBUG 	TextBox2 loaded 1 chars with 0 blanks and 1 valid
2.9492 	DEBUG 	TextBox2 loaded 1 chars with 0 blanks and 1 valid
2.9555 	DEBUG 	TextBox2 loaded 1 chars with 0 blanks and 1 valid
2.9557 	DEBUG 	Uploading Texture Font fontname to graphics card
2.9573 	DEBUG 	Upload of Texture Font fontname complete
2.9663 	DEBUG 	TextBox2 loaded 1 chars with 0 blanks and 1 valid
2.9723 	DEBUG 	TextBox2 loaded 1 chars with 0 blanks and 1 valid
2.9784 	DEBUG 	TextBox2 loaded 1 chars with 0 blanks and 1 valid
2.9785 	DEBUG 	Uploading Texture Font fontname to graphics card
2.9789 	DEBUG 	Upload of Texture Font fontname complete
2.9799 	EXP 	window1: Attempting to measure frame rate of screen (0) ...
2.9799 	EXP 	window1: recordFrameIntervals = False
3.1445 	EXP 	window1: recordFrameIntervals = True
3.3277 	EXP 	Screen (0) actual frame rate measured at 60.00Hz
3.3277 	EXP 	window1: recordFrameIntervals = False
3.3357 	DEBUG 	TextBox2 loaded 1 chars with 0 blanks and 1 valid
3.3417 	DEBUG 	TextBox2 loaded 1 chars with 0 blanks and 1 valid
3.3478 	DEBUG 	TextBox2 loaded 1 chars with 0 blanks and 1 valid
3.3538 	DEBUG 	TextBox2 loaded 1 chars with 0 blanks and 1 valid
3.3600 	DEBUG 	TextBox2 loaded 1 chars with 0 blanks and 1 valid
3.3660 	DEBUG 	TextBox2 loaded 1 chars with 0 blanks and 1 valid
3.3718 	DEBUG 	TextBox2 loaded 1 chars with 0 blanks and 1 valid
3.3779 	DEBUG 	TextBox2 loaded 1 chars with 0 blanks and 1 valid
3.3840 	DEBUG 	TextBox2 loaded 1 chars with 0 blanks and 1 valid
3.3900 	DEBUG 	TextBox2 loaded 1 chars with 0 blanks and 1 valid
3.3901 	DEBUG 	Uploading Texture Font fontname to graphics card
3.3904 	DEBUG 	Upload of Texture Font fontname complete
3.4016 	WARNING 	launchHubServer: If using the iohub mouse or eyetracker devices, fullScr should be True.
9.3534 	INFO 	keyboard.Keyboard is using iohub backend.
9.3534 	EXP 	audiobook_uncomitted_experiment: status = STARTED
9.4242 	EXP 	Created instruction_text = TextStim(__class__=<class 'psychopy.visual.text.TextStim'>, alignHoriz=method-wrapper(...), alignText='center', alignVert=method-wrapper(...), anchorHoriz='center', anchorVert='center', antialias=True, autoDraw=False, autoLog=True, bold=False, color=array([1., 1., 1.]), colorSpace='rgb', contrast=1.0, depth=0.0, draggable=False, flipHoriz=False, flipVert=False, font='Arial', fontFiles=[], height=np.float64(0.05), italic=False, languageStyle='LTR', name='instruction_text', opacity=1, ori=0.0, pos=array([0., 0.]), rgb=UNKNOWN, text=str(...), units='height', win=Window(...), wrapWidth=1)
9.5518 	INFO 	Loaded psychtoolbox audio version 3.0.19.696976569
9.5709 	WARNING 	No default speaker specified in Preferences / Hardware, using first speaker found: Speakers (Realtek(R) Audio)
9.5709 	DEBUG 	Found speaker device: Speakers (Realtek(R) Audio) (2.0)
9.5752 	INFO 	Created stream for speaker device: Speakers (Realtek(R) Audio) (2.0)
9.5760 	EXP 	pip: sampleRate = 48000
9.5761 	EXP 	pip: channels = None
9.5794 	DEBUG 	Converted audio clip from mono to stereo
9.5811 	EXP 	Sound pip set volume 1.000
9.5829 	EXP 	Created polygon = ShapeStim(__class__=<class 'psychopy.visual.shape.ShapeStim'>, anchor=('center', 'center'), autoDraw=False, autoLog=True, closeShape=True, color=method-wrapper(...), colorSpace='rgb', contrast=None, depth=-1.0, draggable=False, fillColor=array([1, 1, 1]), fillColorSpace='rgb', fillRGB=array([1, 1, 1]), interpolate=True, lineColor=array([-1., -1., -1.]), lineColorSpace='rgb', lineRGB=array([-1, -1, -1]), lineWidth=1.0, name='polygon', opacity=1, ori=0.0, pos=array([0., 0.]), size=array([0.1, 0.1]), units='height', vertices=ndarray(...), win=Window(...), windingRule=None)
9.5871 	WARNING 	No default speaker specified in Preferences / Hardware, using first speaker found: Speakers (Realtek(R) Audio)
9.5871 	DEBUG 	Found speaker device: Speakers (Realtek(R) Audio) (2.0)
9.5896 	INFO 	Created stream for speaker device: Speakers (Realtek(R) Audio) (2.0)
9.5903 	EXP 	audiobook: sampleRate = 48000
9.5903 	EXP 	audiobook: channels = None
9.5930 	DEBUG 	Converted audio clip from mono to stereo
9.5946 	EXP 	Sound audiobook set volume 1.000
9.7723 	DEBUG 	Saving data for audiobook_uncomitted_experiment ExperimentHandler
9.7728 	INFO 	saved data to C:\Users\jocta\repos\speech-engagement\unengaged_audiobook_experiment\data\pilot_audiobook_uncomitted_experiment_2025-12-16_18h26.26.755.psydat
9.7732 	INFO 	saved data to 'C:\\Users\\jocta\\repos\\speech-engagement\\unengaged_audiobook_experiment\\data\\pilot_audiobook_uncomitted_experiment_2025-12-16_18h26.26.755.csv'
