1.0998 	WARNING 	psychopy.parallel has been imported but no parallel port driver found. Install either inpout32, inpoutx64 or dlportio
2.3558 	DEBUG 	Fullscreen settings ignored as running in pilot mode.
2.3563 	INFO 	Loaded monitor calibration from ['2025_12_16 10:09']
2.5454 	INFO 	Using renderer 'NVIDIA GeForce RTX 5070 Ti/PCIe/SSE2' for graphics
2.5455 	INFO 	OpenGL version supported by driver is 4..
2.5541 	EXP 	Created window1 = Window(allowGUI=False, allowStencil=True, autoLog=True, backendConf=UNKNOWN, backgroundFit=<method-wrapper '__getattribute__' of attributeSetter object at 0x0000020BA757FC40>, backgroundImage=<method-wrapper '__getattribute__' of attributeSetter object at 0x0000020BA757FBE0>, bitsMode=UNKNOWN, blendMode='avg', bpc=(8, 8, 8), color=array([0, 0, 0]), colorSpace='rgb', depthBits=8, fullscr=False, gamma=None, gammaErrorPolicy='raise', infoMsg=UNKNOWN, lms=UNKNOWN, monitor=<psychopy.monitors.calibTools.Monitor object at 0x0000020BA6D48610>, multiSample=False, name='window1', numSamples=2, pos=[np.float64(560.0), np.float64(240.0)], screen=0, size=array([800, 600]), stencilBits=8, stereo=False, title='PsychoPy', units='height', useFBO=True, useRetina=False, viewOri=0.0, viewPos=None, viewScale=None, waitBlanking=True, winType='pyglet')
2.5542 	EXP 	window1: backgroundImage = ''
2.5542 	EXP 	window1: backgroundFit = 'none'
2.5642 	DEBUG 	TextBox2 loaded 1 chars with 0 blanks and 1 valid
2.5708 	DEBUG 	TextBox2 loaded 1 chars with 0 blanks and 1 valid
2.5773 	DEBUG 	TextBox2 loaded 1 chars with 0 blanks and 1 valid
2.5834 	DEBUG 	TextBox2 loaded 1 chars with 0 blanks and 1 valid
2.5894 	DEBUG 	TextBox2 loaded 1 chars with 0 blanks and 1 valid
2.5953 	DEBUG 	TextBox2 loaded 1 chars with 0 blanks and 1 valid
2.6012 	DEBUG 	TextBox2 loaded 1 chars with 0 blanks and 1 valid
2.6073 	DEBUG 	TextBox2 loaded 1 chars with 0 blanks and 1 valid
2.6132 	DEBUG 	TextBox2 loaded 1 chars with 0 blanks and 1 valid
2.6193 	DEBUG 	TextBox2 loaded 1 chars with 0 blanks and 1 valid
2.6251 	DEBUG 	TextBox2 loaded 1 chars with 0 blanks and 1 valid
2.6313 	DEBUG 	TextBox2 loaded 1 chars with 0 blanks and 1 valid
2.6372 	DEBUG 	TextBox2 loaded 1 chars with 0 blanks and 1 valid
2.6432 	DEBUG 	TextBox2 loaded 1 chars with 0 blanks and 1 valid
2.6491 	DEBUG 	TextBox2 loaded 1 chars with 0 blanks and 1 valid
2.6550 	DEBUG 	TextBox2 loaded 1 chars with 0 blanks and 1 valid
2.6613 	DEBUG 	TextBox2 loaded 1 chars with 0 blanks and 1 valid
2.6673 	DEBUG 	TextBox2 loaded 1 chars with 0 blanks and 1 valid
2.6736 	DEBUG 	TextBox2 loaded 1 chars with 0 blanks and 1 valid
2.6798 	DEBUG 	TextBox2 loaded 1 chars with 0 blanks and 1 valid
2.6859 	DEBUG 	TextBox2 loaded 1 chars with 0 blanks and 1 valid
2.6861 	DEBUG 	Uploading Texture Font fontname to graphics card
2.6877 	DEBUG 	Upload of Texture Font fontname complete
2.6962 	DEBUG 	TextBox2 loaded 1 chars with 0 blanks and 1 valid
2.7023 	DEBUG 	TextBox2 loaded 1 chars with 0 blanks and 1 valid
2.7084 	DEBUG 	TextBox2 loaded 1 chars with 0 blanks and 1 valid
2.7086 	DEBUG 	Uploading Texture Font fontname to graphics card
2.7090 	DEBUG 	Upload of Texture Font fontname complete
2.7105 	EXP 	window1: Attempting to measure frame rate of screen (0) ...
2.7105 	EXP 	window1: recordFrameIntervals = False
2.8784 	EXP 	window1: recordFrameIntervals = True
3.0618 	EXP 	Screen (0) actual frame rate measured at 59.94Hz
3.0618 	EXP 	window1: recordFrameIntervals = False
3.0698 	DEBUG 	TextBox2 loaded 1 chars with 0 blanks and 1 valid
3.0757 	DEBUG 	TextBox2 loaded 1 chars with 0 blanks and 1 valid
3.0816 	DEBUG 	TextBox2 loaded 1 chars with 0 blanks and 1 valid
3.0878 	DEBUG 	TextBox2 loaded 1 chars with 0 blanks and 1 valid
3.0939 	DEBUG 	TextBox2 loaded 1 chars with 0 blanks and 1 valid
3.1000 	DEBUG 	TextBox2 loaded 1 chars with 0 blanks and 1 valid
3.1059 	DEBUG 	TextBox2 loaded 1 chars with 0 blanks and 1 valid
3.1120 	DEBUG 	TextBox2 loaded 1 chars with 0 blanks and 1 valid
3.1183 	DEBUG 	TextBox2 loaded 1 chars with 0 blanks and 1 valid
3.1244 	DEBUG 	TextBox2 loaded 1 chars with 0 blanks and 1 valid
3.1245 	DEBUG 	Uploading Texture Font fontname to graphics card
3.1248 	DEBUG 	Upload of Texture Font fontname complete
3.1365 	WARNING 	launchHubServer: If using the iohub mouse or eyetracker devices, fullScr should be True.
9.0993 	INFO 	keyboard.Keyboard is using iohub backend.
9.0993 	EXP 	audiobook_uncomitted_experiment: status = STARTED
9.1714 	EXP 	Created instruction_text = TextStim(__class__=<class 'psychopy.visual.text.TextStim'>, alignHoriz=method-wrapper(...), alignText='center', alignVert=method-wrapper(...), anchorHoriz='center', anchorVert='center', antialias=True, autoDraw=False, autoLog=True, bold=False, color=array([1., 1., 1.]), colorSpace='rgb', contrast=1.0, depth=0.0, draggable=False, flipHoriz=False, flipVert=False, font='Arial', fontFiles=[], height=np.float64(0.05), italic=False, languageStyle='LTR', name='instruction_text', opacity=1, ori=0.0, pos=array([0., 0.]), rgb=UNKNOWN, text=str(...), units='height', win=Window(...), wrapWidth=1)
9.2994 	INFO 	Loaded psychtoolbox audio version 3.0.19.696976569
9.3179 	WARNING 	No default speaker specified in Preferences / Hardware, using first speaker found: Speakers (Realtek(R) Audio)
9.3180 	DEBUG 	Found speaker device: Speakers (Realtek(R) Audio) (2.0)
9.3222 	INFO 	Created stream for speaker device: Speakers (Realtek(R) Audio) (2.0)
9.3230 	EXP 	pip: sampleRate = 48000
9.3230 	EXP 	pip: channels = None
9.3263 	DEBUG 	Converted audio clip from mono to stereo
9.3278 	EXP 	Sound pip set volume 1.000
9.3297 	EXP 	Created polygon = ShapeStim(__class__=<class 'psychopy.visual.shape.ShapeStim'>, anchor=('center', 'center'), autoDraw=False, autoLog=True, closeShape=True, color=method-wrapper(...), colorSpace='rgb', contrast=None, depth=-1.0, draggable=False, fillColor=array([1, 1, 1]), fillColorSpace='rgb', fillRGB=array([1, 1, 1]), interpolate=True, lineColor=array([-1., -1., -1.]), lineColorSpace='rgb', lineRGB=array([-1, -1, -1]), lineWidth=1.0, name='polygon', opacity=1, ori=0.0, pos=array([0., 0.]), size=array([0.1, 0.1]), units='height', vertices=ndarray(...), win=Window(...), windingRule=None)
9.3340 	WARNING 	No default speaker specified in Preferences / Hardware, using first speaker found: Speakers (Realtek(R) Audio)
9.3340 	DEBUG 	Found speaker device: Speakers (Realtek(R) Audio) (2.0)
9.3368 	INFO 	Created stream for speaker device: Speakers (Realtek(R) Audio) (2.0)
9.3375 	EXP 	audiobook: sampleRate = 48000
9.3375 	EXP 	audiobook: channels = None
9.3402 	DEBUG 	Converted audio clip from mono to stereo
9.3417 	EXP 	Sound audiobook set volume 1.000
9.3428 	EXP 	Created fixation = ShapeStim(__class__=<class 'psychopy.visual.shape.ShapeStim'>, anchor=('center', 'center'), autoDraw=False, autoLog=True, closeShape=True, color=method-wrapper(...), colorSpace='rgb', contrast=None, depth=-2.0, draggable=False, fillColor=array([1, 1, 1]), fillColorSpace='rgb', fillRGB=array([1, 1, 1]), interpolate=True, lineColor=array([-1., -1., -1.]), lineColorSpace='rgb', lineRGB=array([-1, -1, -1]), lineWidth=1.0, name='fixation', opacity=1, ori=0.0, pos=array([0., 0.]), size=array([0.1, 0.1]), units='height', vertices=ndarray(...), win=Window(...), windingRule=None)
9.3432 	EXP 	Created question = TextStim(__class__=<class 'psychopy.visual.text.TextStim'>, alignHoriz=method-wrapper(...), alignText='center', alignVert=method-wrapper(...), anchorHoriz='center', anchorVert='center', antialias=True, autoDraw=False, autoLog=True, bold=False, color=array([1., 1., 1.]), colorSpace='rgb', contrast=1.0, depth=0.0, draggable=False, flipHoriz=False, flipVert=False, font='Arial', fontFiles=[], height=0.05, italic=False, languageStyle='LTR', name='question', opacity=1, ori=0.0, pos=array([0. , 0.1]), rgb=UNKNOWN, text='', units='height', win=Window(...), wrapWidth=1)
9.3481 	EXP 	Created Boton = TextStim(__class__=<class 'psychopy.visual.text.TextStim'>, alignHoriz=method-wrapper(...), alignText='center', alignVert=method-wrapper(...), anchorHoriz='center', anchorVert='center', antialias=True, autoDraw=False, autoLog=True, bold=False, color=array([1., 1., 1.]), colorSpace='rgb', contrast=1.0, depth=-1.0, draggable=False, flipHoriz=False, flipVert=False, font='Arial', fontFiles=[], height=np.float64(0.025), italic=False, languageStyle='LTR', name='Boton', opacity=1, ori=0.0, pos=array([ 0.45, -0.45]), rgb=UNKNOWN, text='Hace click izquierdo para continuar\n', units='height', win=Window(...), wrapWidth=1)
9.3526 	EXP 	Created spacebar_text = TextStim(__class__=<class 'psychopy.visual.text.TextStim'>, alignHoriz=method-wrapper(...), alignText='center', alignVert=method-wrapper(...), anchorHoriz='center', anchorVert='center', antialias=True, autoDraw=False, autoLog=True, bold=False, color=array([1., 1., 1.]), colorSpace='rgb', contrast=1.0, depth=0.0, draggable=False, flipHoriz=False, flipVert=False, font='Arial', fontFiles=[], height=0.05, italic=False, languageStyle='LTR', name='spacebar_text', opacity=1, ori=0.0, pos=array([0. , 0.1]), rgb=UNKNOWN, text='', units='height', win=Window(...), wrapWidth=1)
9.3568 	WARNING 	No default speaker specified in Preferences / Hardware, using first speaker found: Speakers (Realtek(R) Audio)
9.3568 	DEBUG 	Found speaker device: Speakers (Realtek(R) Audio) (2.0)
9.3595 	INFO 	Created stream for speaker device: Speakers (Realtek(R) Audio) (2.0)
9.3603 	EXP 	pip: sampleRate = 48000
9.3603 	EXP 	pip: channels = None
9.3635 	DEBUG 	Converted audio clip from mono to stereo
9.3650 	EXP 	Sound pip set volume 1.000
9.3662 	EXP 	Created polygon = ShapeStim(__class__=<class 'psychopy.visual.shape.ShapeStim'>, anchor=('center', 'center'), autoDraw=False, autoLog=True, closeShape=True, color=method-wrapper(...), colorSpace='rgb', contrast=None, depth=-1.0, draggable=False, fillColor=array([1, 1, 1]), fillColorSpace='rgb', fillRGB=array([1, 1, 1]), interpolate=True, lineColor=array([-1., -1., -1.]), lineColorSpace='rgb', lineRGB=array([-1, -1, -1]), lineWidth=1.0, name='polygon', opacity=1, ori=0.0, pos=array([0., 0.]), size=array([0.1, 0.1]), units='height', vertices=ndarray(...), win=Window(...), windingRule=None)
9.3709 	EXP 	Created last_prompt_text = TextStim(__class__=<class 'psychopy.visual.text.TextStim'>, alignHoriz=method-wrapper(...), alignText='center', alignVert=method-wrapper(...), anchorHoriz='center', anchorVert='center', antialias=True, autoDraw=False, autoLog=True, bold=False, color=array([1., 1., 1.]), colorSpace='rgb', contrast=1.0, depth=0.0, draggable=False, flipHoriz=False, flipVert=False, font='Arial', fontFiles=[], height=np.float64(0.05), italic=False, languageStyle='LTR', name='last_prompt_text', opacity=1, ori=0.0, pos=array([0., 0.]), rgb=UNKNOWN, text=str(...), units='height', win=Window(...), wrapWidth=1)
9.3744 	EXP 	Created congrats_text = TextStim(__class__=<class 'psychopy.visual.text.TextStim'>, alignHoriz=method-wrapper(...), alignText='center', alignVert=method-wrapper(...), anchorHoriz='center', anchorVert='center', antialias=True, autoDraw=False, autoLog=True, bold=False, color=array([1., 1., 1.]), colorSpace='rgb', contrast=1.0, depth=0.0, draggable=False, flipHoriz=False, flipVert=False, font='Arial', fontFiles=[], height=np.float64(0.05), italic=False, languageStyle='LTR', name='congrats_text', opacity=1, ori=0.0, pos=array([0., 0.]), rgb=UNKNOWN, text=str(...), units='height', win=Window(...), wrapWidth=1)
0.0864 	EXP 	answer: autoLog = True
0.1043 	INFO 	Keyboard events cleared
0.1041 	EXP 	instruction_text: autoDraw = True
2.0728 	DATA 	Mouse: Left button down, pos=(272,173)
2.2559 	DATA 	Mouse:  Left button up, pos=(272,173)
2.8240 	EXP 	Device response: <KeyPress from None: t=2.8195803000126034, value=space, duration=None>
2.8268 	DEBUG 	Read csv file with pandas: AudioBookLoop_pruebas.csv
2.8273 	DEBUG 	Clearing unnamed columns from AudioBookLoop_pruebas.csv
2.8275 	EXP 	Imported AudioBookLoop_pruebas.csv as conditions, 2 conditions, 4 params
2.8276 	EXP 	New trial (rep=0, index=0): <Trial 0 (0 in rep 0) data={'Book': 'kafka', 'AudioFile': '..\\audiobook_stimuli\\stimuli_audiobook\\prueba.wav', 'Question': '¿Quiénes son los protagonistas de esta historia? \n\n Escribí una respuesta de hasta 10 palabras.', 'EndTrial': 'Apretá la barra espaciadora para continuar con el segundo cuento...', 'thisN': 0, 'thisTrialN': 0, 'thisRepN': 0}>
2.8277 	EXP 	New trial (rep=0, index=0): <Trial 0 (0 in rep 0) data={'thisN': 0, 'thisTrialN': 0, 'thisRepN': 0}>
2.8280 	EXP 	pip: sampleRate = 44100
2.8311 	INFO 	Resampled audio from 44100Hz to 48000Hz using method 'default'.
2.8311 	DEBUG 	Converted audio clip from mono to stereo
2.8313 	EXP 	Sound pip reached end of file
2.8376 	EXP 	Playing sound pip on speaker Speakers (Realtek(R) Audio)
2.8325 	DATA 	Keypress: space
2.8329 	DEBUG 	TextBox2 loaded 1 chars with 0 blanks and 1 valid
2.8331 	DEBUG 	TextBox2 loaded 1 chars with 0 blanks and 1 valid
2.8333 	DEBUG 	Uploading Texture Font fontname to graphics card
2.8341 	DEBUG 	Upload of Texture Font fontname complete
2.8383 	EXP 	instruction_text: autoDraw = False
2.8383 	EXP 	polygon: autoDraw = True
2.9058 	EXP 	Device response: <KeyPress from None: t=2.8195803000126034, value=space, duration=0.07988840001053177>
3.8467 	EXP 	Sound pip reached end of file
3.8564 	EXP 	Sound pip reached end of file
3.8579 	EXP 	window1: Attempting to measure frame rate of screen (0) ...
3.8579 	EXP 	window1: recordFrameIntervals = False
3.8713 	EXP 	polygon: autoDraw = False
3.8713 	EXP 	polygon: autoDraw = False
4.0226 	EXP 	window1: recordFrameIntervals = True
4.2059 	EXP 	Screen (0) actual frame rate measured at 60.05Hz
4.2059 	EXP 	window1: recordFrameIntervals = False
4.6478 	DEBUG 	Saving data for audiobook_uncomitted_experiment ExperimentHandler
4.6484 	INFO 	saved data to C:\Users\jocta\repos\speech-engagement\unengaged_audiobook_experiment\data\pilot_audiobook_uncomitted_experiment_2025-12-16_18h49.59.268.psydat
4.6488 	INFO 	saved data to 'C:\\Users\\jocta\\repos\\speech-engagement\\unengaged_audiobook_experiment\\data\\pilot_audiobook_uncomitted_experiment_2025-12-16_18h49.59.268.csv'
