1.1040 	WARNING 	psychopy.parallel has been imported but no parallel port driver found. Install either inpout32, inpoutx64 or dlportio
2.3058 	DEBUG 	Fullscreen settings ignored as running in pilot mode.
2.3063 	INFO 	Loaded monitor calibration from ['2025_12_16 10:09']
2.4998 	INFO 	Using renderer 'NVIDIA GeForce RTX 5070 Ti/PCIe/SSE2' for graphics
2.4998 	INFO 	OpenGL version supported by driver is 4..
2.5086 	EXP 	Created window1 = Window(allowGUI=False, allowStencil=True, autoLog=True, backendConf=UNKNOWN, backgroundFit=<method-wrapper '__getattribute__' of attributeSetter object at 0x0000024D3F0DFB50>, backgroundImage=<method-wrapper '__getattribute__' of attributeSetter object at 0x0000024D3F0DFAF0>, bitsMode=UNKNOWN, blendMode='avg', bpc=(8, 8, 8), color=array([0, 0, 0]), colorSpace='rgb', depthBits=8, fullscr=False, gamma=None, gammaErrorPolicy='raise', infoMsg=UNKNOWN, lms=UNKNOWN, monitor=<psychopy.monitors.calibTools.Monitor object at 0x0000024D3E8A4520>, multiSample=False, name='window1', numSamples=2, pos=[np.float64(560.0), np.float64(240.0)], screen=0, size=array([800, 600]), stencilBits=8, stereo=False, title='PsychoPy', units='height', useFBO=True, useRetina=False, viewOri=0.0, viewPos=None, viewScale=None, waitBlanking=True, winType='pyglet')
2.5086 	EXP 	window1: backgroundImage = ''
2.5087 	EXP 	window1: backgroundFit = 'none'
2.5184 	DEBUG 	TextBox2 loaded 1 chars with 0 blanks and 1 valid
2.5251 	DEBUG 	TextBox2 loaded 1 chars with 0 blanks and 1 valid
2.5317 	DEBUG 	TextBox2 loaded 1 chars with 0 blanks and 1 valid
2.5377 	DEBUG 	TextBox2 loaded 1 chars with 0 blanks and 1 valid
2.5437 	DEBUG 	TextBox2 loaded 1 chars with 0 blanks and 1 valid
2.5495 	DEBUG 	TextBox2 loaded 1 chars with 0 blanks and 1 valid
2.5558 	DEBUG 	TextBox2 loaded 1 chars with 0 blanks and 1 valid
2.5620 	DEBUG 	TextBox2 loaded 1 chars with 0 blanks and 1 valid
2.5681 	DEBUG 	TextBox2 loaded 1 chars with 0 blanks and 1 valid
2.5739 	DEBUG 	TextBox2 loaded 1 chars with 0 blanks and 1 valid
2.5802 	DEBUG 	TextBox2 loaded 1 chars with 0 blanks and 1 valid
2.5861 	DEBUG 	TextBox2 loaded 1 chars with 0 blanks and 1 valid
2.5921 	DEBUG 	TextBox2 loaded 1 chars with 0 blanks and 1 valid
2.5981 	DEBUG 	TextBox2 loaded 1 chars with 0 blanks and 1 valid
2.6042 	DEBUG 	TextBox2 loaded 1 chars with 0 blanks and 1 valid
2.6101 	DEBUG 	TextBox2 loaded 1 chars with 0 blanks and 1 valid
2.6163 	DEBUG 	TextBox2 loaded 1 chars with 0 blanks and 1 valid
2.6222 	DEBUG 	TextBox2 loaded 1 chars with 0 blanks and 1 valid
2.6280 	DEBUG 	TextBox2 loaded 1 chars with 0 blanks and 1 valid
2.6340 	DEBUG 	TextBox2 loaded 1 chars with 0 blanks and 1 valid
2.6397 	DEBUG 	TextBox2 loaded 1 chars with 0 blanks and 1 valid
2.6399 	DEBUG 	Uploading Texture Font fontname to graphics card
2.6409 	DEBUG 	Upload of Texture Font fontname complete
2.6495 	DEBUG 	TextBox2 loaded 1 chars with 0 blanks and 1 valid
2.6557 	DEBUG 	TextBox2 loaded 1 chars with 0 blanks and 1 valid
2.6617 	DEBUG 	TextBox2 loaded 1 chars with 0 blanks and 1 valid
2.6618 	DEBUG 	Uploading Texture Font fontname to graphics card
2.6622 	DEBUG 	Upload of Texture Font fontname complete
2.6635 	EXP 	window1: Attempting to measure frame rate of screen (0) ...
2.6635 	EXP 	window1: recordFrameIntervals = False
2.8276 	EXP 	window1: recordFrameIntervals = True
3.0110 	EXP 	Screen (0) actual frame rate measured at 59.92Hz
3.0110 	EXP 	window1: recordFrameIntervals = False
3.0192 	DEBUG 	TextBox2 loaded 1 chars with 0 blanks and 1 valid
3.0250 	DEBUG 	TextBox2 loaded 1 chars with 0 blanks and 1 valid
3.0310 	DEBUG 	TextBox2 loaded 1 chars with 0 blanks and 1 valid
3.0372 	DEBUG 	TextBox2 loaded 1 chars with 0 blanks and 1 valid
3.0433 	DEBUG 	TextBox2 loaded 1 chars with 0 blanks and 1 valid
3.0495 	DEBUG 	TextBox2 loaded 1 chars with 0 blanks and 1 valid
3.0554 	DEBUG 	TextBox2 loaded 1 chars with 0 blanks and 1 valid
3.0614 	DEBUG 	TextBox2 loaded 1 chars with 0 blanks and 1 valid
3.0675 	DEBUG 	TextBox2 loaded 1 chars with 0 blanks and 1 valid
3.0738 	DEBUG 	TextBox2 loaded 1 chars with 0 blanks and 1 valid
3.0740 	DEBUG 	Uploading Texture Font fontname to graphics card
3.0743 	DEBUG 	Upload of Texture Font fontname complete
3.0857 	WARNING 	launchHubServer: If using the iohub mouse or eyetracker devices, fullScr should be True.
9.0452 	INFO 	keyboard.Keyboard is using iohub backend.
9.0452 	EXP 	audiobook_uncomitted_experiment: status = STARTED
9.1116 	EXP 	Created instruction_text = TextStim(__class__=<class 'psychopy.visual.text.TextStim'>, alignHoriz=method-wrapper(...), alignText='center', alignVert=method-wrapper(...), anchorHoriz='center', anchorVert='center', antialias=True, autoDraw=False, autoLog=True, bold=False, color=array([1., 1., 1.]), colorSpace='rgb', contrast=1.0, depth=0.0, draggable=False, flipHoriz=False, flipVert=False, font='Arial', fontFiles=[], height=np.float64(0.05), italic=False, languageStyle='LTR', name='instruction_text', opacity=1, ori=0.0, pos=array([0., 0.]), rgb=UNKNOWN, text=str(...), units='height', win=Window(...), wrapWidth=1)
9.2400 	INFO 	Loaded psychtoolbox audio version 3.0.19.696976569
9.2605 	WARNING 	No default speaker specified in Preferences / Hardware, using first speaker found: Speakers (Realtek(R) Audio)
9.2605 	DEBUG 	Found speaker device: Speakers (Realtek(R) Audio) (2.0)
9.2649 	INFO 	Created stream for speaker device: Speakers (Realtek(R) Audio) (2.0)
9.2659 	EXP 	pip: sampleRate = 48000
9.2659 	EXP 	pip: channels = None
9.2692 	DEBUG 	Converted audio clip from mono to stereo
9.2708 	EXP 	Sound pip set volume 1.000
9.2725 	EXP 	Created polygon = ShapeStim(__class__=<class 'psychopy.visual.shape.ShapeStim'>, anchor=('center', 'center'), autoDraw=False, autoLog=True, closeShape=True, color=method-wrapper(...), colorSpace='rgb', contrast=None, depth=-1.0, draggable=False, fillColor=array([1, 1, 1]), fillColorSpace='rgb', fillRGB=array([1, 1, 1]), interpolate=True, lineColor=array([-1., -1., -1.]), lineColorSpace='rgb', lineRGB=array([-1, -1, -1]), lineWidth=1.0, name='polygon', opacity=1, ori=0.0, pos=array([0., 0.]), size=array([0.1, 0.1]), units='height', vertices=ndarray(...), win=Window(...), windingRule=None)
9.2767 	WARNING 	No default speaker specified in Preferences / Hardware, using first speaker found: Speakers (Realtek(R) Audio)
9.2767 	DEBUG 	Found speaker device: Speakers (Realtek(R) Audio) (2.0)
9.2794 	INFO 	Created stream for speaker device: Speakers (Realtek(R) Audio) (2.0)
9.2804 	EXP 	audiobook: sampleRate = 48000
9.2805 	EXP 	audiobook: channels = None
9.2831 	DEBUG 	Converted audio clip from mono to stereo
9.2846 	EXP 	Sound audiobook set volume 1.000
9.2858 	EXP 	Created fixation = ShapeStim(__class__=<class 'psychopy.visual.shape.ShapeStim'>, anchor=('center', 'center'), autoDraw=False, autoLog=True, closeShape=True, color=method-wrapper(...), colorSpace='rgb', contrast=None, depth=-2.0, draggable=False, fillColor=array([1, 1, 1]), fillColorSpace='rgb', fillRGB=array([1, 1, 1]), interpolate=True, lineColor=array([-1., -1., -1.]), lineColorSpace='rgb', lineRGB=array([-1, -1, -1]), lineWidth=1.0, name='fixation', opacity=1, ori=0.0, pos=array([0., 0.]), size=array([0.1, 0.1]), units='height', vertices=ndarray(...), win=Window(...), windingRule=None)
9.2861 	EXP 	Created question = TextStim(__class__=<class 'psychopy.visual.text.TextStim'>, alignHoriz=method-wrapper(...), alignText='center', alignVert=method-wrapper(...), anchorHoriz='center', anchorVert='center', antialias=True, autoDraw=False, autoLog=True, bold=False, color=array([1., 1., 1.]), colorSpace='rgb', contrast=1.0, depth=0.0, draggable=False, flipHoriz=False, flipVert=False, font='Arial', fontFiles=[], height=0.05, italic=False, languageStyle='LTR', name='question', opacity=1, ori=0.0, pos=array([0. , 0.1]), rgb=UNKNOWN, text='', units='height', win=Window(...), wrapWidth=1)
9.2906 	EXP 	Created Boton = TextStim(__class__=<class 'psychopy.visual.text.TextStim'>, alignHoriz=method-wrapper(...), alignText='center', alignVert=method-wrapper(...), anchorHoriz='center', anchorVert='center', antialias=True, autoDraw=False, autoLog=True, bold=False, color=array([1., 1., 1.]), colorSpace='rgb', contrast=1.0, depth=-1.0, draggable=False, flipHoriz=False, flipVert=False, font='Arial', fontFiles=[], height=np.float64(0.025), italic=False, languageStyle='LTR', name='Boton', opacity=1, ori=0.0, pos=array([ 0.45, -0.45]), rgb=UNKNOWN, text='Hace click izquierdo para continuar\n', units='height', win=Window(...), wrapWidth=1)
9.2953 	EXP 	Created spacebar_text = TextStim(__class__=<class 'psychopy.visual.text.TextStim'>, alignHoriz=method-wrapper(...), alignText='center', alignVert=method-wrapper(...), anchorHoriz='center', anchorVert='center', antialias=True, autoDraw=False, autoLog=True, bold=False, color=array([1., 1., 1.]), colorSpace='rgb', contrast=1.0, depth=0.0, draggable=False, flipHoriz=False, flipVert=False, font='Arial', fontFiles=[], height=0.05, italic=False, languageStyle='LTR', name='spacebar_text', opacity=1, ori=0.0, pos=array([0. , 0.1]), rgb=UNKNOWN, text='', units='height', win=Window(...), wrapWidth=1)
9.2994 	WARNING 	No default speaker specified in Preferences / Hardware, using first speaker found: Speakers (Realtek(R) Audio)
9.2994 	DEBUG 	Found speaker device: Speakers (Realtek(R) Audio) (2.0)
9.3021 	INFO 	Created stream for speaker device: Speakers (Realtek(R) Audio) (2.0)
9.3028 	EXP 	pip: sampleRate = 48000
9.3028 	EXP 	pip: channels = None
9.3061 	DEBUG 	Converted audio clip from mono to stereo
9.3077 	EXP 	Sound pip set volume 1.000
9.3088 	EXP 	Created polygon = ShapeStim(__class__=<class 'psychopy.visual.shape.ShapeStim'>, anchor=('center', 'center'), autoDraw=False, autoLog=True, closeShape=True, color=method-wrapper(...), colorSpace='rgb', contrast=None, depth=-1.0, draggable=False, fillColor=array([1, 1, 1]), fillColorSpace='rgb', fillRGB=array([1, 1, 1]), interpolate=True, lineColor=array([-1., -1., -1.]), lineColorSpace='rgb', lineRGB=array([-1, -1, -1]), lineWidth=1.0, name='polygon', opacity=1, ori=0.0, pos=array([0., 0.]), size=array([0.1, 0.1]), units='height', vertices=ndarray(...), win=Window(...), windingRule=None)
9.3138 	EXP 	Created last_prompt_text = TextStim(__class__=<class 'psychopy.visual.text.TextStim'>, alignHoriz=method-wrapper(...), alignText='center', alignVert=method-wrapper(...), anchorHoriz='center', anchorVert='center', antialias=True, autoDraw=False, autoLog=True, bold=False, color=array([1., 1., 1.]), colorSpace='rgb', contrast=1.0, depth=0.0, draggable=False, flipHoriz=False, flipVert=False, font='Arial', fontFiles=[], height=np.float64(0.05), italic=False, languageStyle='LTR', name='last_prompt_text', opacity=1, ori=0.0, pos=array([0., 0.]), rgb=UNKNOWN, text=str(...), units='height', win=Window(...), wrapWidth=1)
9.3175 	EXP 	Created congrats_text = TextStim(__class__=<class 'psychopy.visual.text.TextStim'>, alignHoriz=method-wrapper(...), alignText='center', alignVert=method-wrapper(...), anchorHoriz='center', anchorVert='center', antialias=True, autoDraw=False, autoLog=True, bold=False, color=array([1., 1., 1.]), colorSpace='rgb', contrast=1.0, depth=0.0, draggable=False, flipHoriz=False, flipVert=False, font='Arial', fontFiles=[], height=np.float64(0.05), italic=False, languageStyle='LTR', name='congrats_text', opacity=1, ori=0.0, pos=array([0., 0.]), rgb=UNKNOWN, text=str(...), units='height', win=Window(...), wrapWidth=1)
0.0922 	EXP 	answer: autoLog = True
0.1268 	INFO 	Keyboard events cleared
0.1267 	EXP 	instruction_text: autoDraw = True
7.6638 	EXP 	Device response: <KeyPress from None: t=7.660861200012732, value=space, duration=None>
7.6664 	DEBUG 	Read csv file with pandas: AudioBookLoop_pruebas.csv
7.6670 	DEBUG 	Clearing unnamed columns from AudioBookLoop_pruebas.csv
7.6672 	EXP 	Imported AudioBookLoop_pruebas.csv as conditions, 2 conditions, 4 params
7.6673 	EXP 	New trial (rep=0, index=0): <Trial 0 (0 in rep 0) data={'Book': 'kafka', 'AudioFile': '..\\audiobook_stimuli\\stimuli_audiobook\\prueba.wav', 'Question': '¿Quiénes son los protagonistas de esta historia? \n\n Escribí una respuesta de hasta 10 palabras.', 'EndTrial': 'Apretá la barra espaciadora para continuar con el segundo cuento...', 'thisN': 0, 'thisTrialN': 0, 'thisRepN': 0}>
7.6674 	EXP 	New trial (rep=0, index=0): <Trial 0 (0 in rep 0) data={'thisN': 0, 'thisTrialN': 0, 'thisRepN': 0}>
7.6677 	EXP 	pip: sampleRate = 44100
7.6708 	INFO 	Resampled audio from 44100Hz to 48000Hz using method 'default'.
7.6708 	DEBUG 	Converted audio clip from mono to stereo
7.6710 	EXP 	Sound pip reached end of file
7.6772 	EXP 	Playing sound pip on speaker Speakers (Realtek(R) Audio)
7.6719 	DATA 	Keypress: space
7.6726 	DEBUG 	TextBox2 loaded 1 chars with 0 blanks and 1 valid
7.6732 	DEBUG 	TextBox2 loaded 1 chars with 0 blanks and 1 valid
7.6733 	DEBUG 	Uploading Texture Font fontname to graphics card
7.6756 	DEBUG 	Upload of Texture Font fontname complete
7.6786 	EXP 	instruction_text: autoDraw = False
7.6786 	EXP 	polygon: autoDraw = True
7.7788 	EXP 	Device response: <KeyPress from None: t=7.660861200012732, value=space, duration=0.1108012999757193>
8.6860 	EXP 	Sound pip reached end of file
8.6957 	EXP 	Sound pip reached end of file
8.6973 	EXP 	window1: Attempting to measure frame rate of screen (0) ...
8.6973 	EXP 	window1: recordFrameIntervals = False
8.7110 	EXP 	polygon: autoDraw = False
8.7110 	EXP 	polygon: autoDraw = False
8.8617 	EXP 	window1: recordFrameIntervals = True
9.0452 	EXP 	Screen (0) actual frame rate measured at 60.00Hz
9.0452 	EXP 	window1: recordFrameIntervals = False
9.0456 	EXP 	audiobook: sampleRate = 44100
9.0564 	INFO 	Resampled audio from 44100Hz to 48000Hz using method 'default'.
9.0569 	EXP 	Sound audiobook reached end of file
9.0608 	EXP 	Playing sound audiobook on speaker Speakers (Realtek(R) Audio)
9.0614 	EXP 	fixation: autoDraw = True
10.1637 	DEBUG 	Saving data for audiobook_uncomitted_experiment ExperimentHandler
10.1644 	INFO 	saved data to C:\Users\jocta\repos\speech-engagement\unengaged_audiobook_experiment\data\pilot_audiobook_uncomitted_experiment_2025-12-16_18h56.34.003.psydat
10.1649 	INFO 	saved data to 'C:\\Users\\jocta\\repos\\speech-engagement\\unengaged_audiobook_experiment\\data\\pilot_audiobook_uncomitted_experiment_2025-12-16_18h56.34.003.csv'
