1.1240 	WARNING 	psychopy.parallel has been imported but no parallel port driver found. Install either inpout32, inpoutx64 or dlportio
2.2434 	DEBUG 	Fullscreen settings ignored as running in pilot mode.
2.2439 	INFO 	Loaded monitor calibration from ['2025_12_16 10:09']
2.4223 	INFO 	Using renderer 'NVIDIA GeForce RTX 5070 Ti/PCIe/SSE2' for graphics
2.4223 	INFO 	OpenGL version supported by driver is 4..
2.4310 	EXP 	Created window1 = Window(allowGUI=False, allowStencil=True, autoLog=True, backendConf=UNKNOWN, backgroundFit=<method-wrapper '__getattribute__' of attributeSetter object at 0x000001EE5A1EFCA0>, backgroundImage=<method-wrapper '__getattribute__' of attributeSetter object at 0x000001EE5A1EFC40>, bitsMode=UNKNOWN, blendMode='avg', bpc=(8, 8, 8), color=array([0, 0, 0]), colorSpace='rgb', depthBits=8, fullscr=False, gamma=None, gammaErrorPolicy='raise', infoMsg=UNKNOWN, lms=UNKNOWN, monitor=<psychopy.monitors.calibTools.Monitor object at 0x000001EE599B8670>, multiSample=False, name='window1', numSamples=2, pos=[np.float64(560.0), np.float64(240.0)], screen=0, size=array([800, 600]), stencilBits=8, stereo=False, title='PsychoPy', units='height', useFBO=True, useRetina=False, viewOri=0.0, viewPos=None, viewScale=None, waitBlanking=True, winType='pyglet')
2.4311 	EXP 	window1: backgroundImage = ''
2.4311 	EXP 	window1: backgroundFit = 'none'
2.4410 	DEBUG 	TextBox2 loaded 1 chars with 0 blanks and 1 valid
2.4474 	DEBUG 	TextBox2 loaded 1 chars with 0 blanks and 1 valid
2.4534 	DEBUG 	TextBox2 loaded 1 chars with 0 blanks and 1 valid
2.4597 	DEBUG 	TextBox2 loaded 1 chars with 0 blanks and 1 valid
2.4657 	DEBUG 	TextBox2 loaded 1 chars with 0 blanks and 1 valid
2.4718 	DEBUG 	TextBox2 loaded 1 chars with 0 blanks and 1 valid
2.4779 	DEBUG 	TextBox2 loaded 1 chars with 0 blanks and 1 valid
2.4840 	DEBUG 	TextBox2 loaded 1 chars with 0 blanks and 1 valid
2.4899 	DEBUG 	TextBox2 loaded 1 chars with 0 blanks and 1 valid
2.4959 	DEBUG 	TextBox2 loaded 1 chars with 0 blanks and 1 valid
2.5020 	DEBUG 	TextBox2 loaded 1 chars with 0 blanks and 1 valid
2.5082 	DEBUG 	TextBox2 loaded 1 chars with 0 blanks and 1 valid
2.5143 	DEBUG 	TextBox2 loaded 1 chars with 0 blanks and 1 valid
2.5205 	DEBUG 	TextBox2 loaded 1 chars with 0 blanks and 1 valid
2.5267 	DEBUG 	TextBox2 loaded 1 chars with 0 blanks and 1 valid
2.5329 	DEBUG 	TextBox2 loaded 1 chars with 0 blanks and 1 valid
2.5392 	DEBUG 	TextBox2 loaded 1 chars with 0 blanks and 1 valid
2.5453 	DEBUG 	TextBox2 loaded 1 chars with 0 blanks and 1 valid
2.5515 	DEBUG 	TextBox2 loaded 1 chars with 0 blanks and 1 valid
2.5575 	DEBUG 	TextBox2 loaded 1 chars with 0 blanks and 1 valid
2.5633 	DEBUG 	TextBox2 loaded 1 chars with 0 blanks and 1 valid
2.5635 	DEBUG 	Uploading Texture Font fontname to graphics card
2.5647 	DEBUG 	Upload of Texture Font fontname complete
2.5734 	DEBUG 	TextBox2 loaded 1 chars with 0 blanks and 1 valid
2.5795 	DEBUG 	TextBox2 loaded 1 chars with 0 blanks and 1 valid
2.5857 	DEBUG 	TextBox2 loaded 1 chars with 0 blanks and 1 valid
2.5858 	DEBUG 	Uploading Texture Font fontname to graphics card
2.5864 	DEBUG 	Upload of Texture Font fontname complete
2.5874 	EXP 	window1: Attempting to measure frame rate of screen (0) ...
2.5874 	EXP 	window1: recordFrameIntervals = False
2.5907 	DATA 	Keypress: lctrl
2.5910 	DATA 	Keypress: s
2.7576 	EXP 	window1: recordFrameIntervals = True
2.9407 	EXP 	Screen (0) actual frame rate measured at 60.05Hz
2.9408 	EXP 	window1: recordFrameIntervals = False
2.9491 	DEBUG 	TextBox2 loaded 1 chars with 0 blanks and 1 valid
2.9552 	DEBUG 	TextBox2 loaded 1 chars with 0 blanks and 1 valid
2.9615 	DEBUG 	TextBox2 loaded 1 chars with 0 blanks and 1 valid
2.9676 	DEBUG 	TextBox2 loaded 1 chars with 0 blanks and 1 valid
2.9739 	DEBUG 	TextBox2 loaded 1 chars with 0 blanks and 1 valid
2.9801 	DEBUG 	TextBox2 loaded 1 chars with 0 blanks and 1 valid
2.9861 	DEBUG 	TextBox2 loaded 1 chars with 0 blanks and 1 valid
2.9923 	DEBUG 	TextBox2 loaded 1 chars with 0 blanks and 1 valid
2.9989 	DEBUG 	TextBox2 loaded 1 chars with 0 blanks and 1 valid
3.0051 	DEBUG 	TextBox2 loaded 1 chars with 0 blanks and 1 valid
3.0052 	DEBUG 	Uploading Texture Font fontname to graphics card
3.0055 	DEBUG 	Upload of Texture Font fontname complete
3.0169 	WARNING 	launchHubServer: If using the iohub mouse or eyetracker devices, fullScr should be True.
8.9714 	INFO 	keyboard.Keyboard is using iohub backend.
8.9714 	EXP 	audiobook_uncomitted_experiment: status = STARTED
9.0419 	EXP 	Created instruction_text = TextStim(__class__=<class 'psychopy.visual.text.TextStim'>, alignHoriz=method-wrapper(...), alignText='center', alignVert=method-wrapper(...), anchorHoriz='center', anchorVert='center', antialias=True, autoDraw=False, autoLog=True, bold=False, color=array([1., 1., 1.]), colorSpace='rgb', contrast=1.0, depth=0.0, draggable=False, flipHoriz=False, flipVert=False, font='Arial', fontFiles=[], height=np.float64(0.05), italic=False, languageStyle='LTR', name='instruction_text', opacity=1, ori=0.0, pos=array([0., 0.]), rgb=UNKNOWN, text=str(...), units='height', win=Window(...), wrapWidth=1)
9.1689 	INFO 	Loaded psychtoolbox audio version 3.0.19.696976569
9.1880 	WARNING 	No default speaker specified in Preferences / Hardware, using first speaker found: Speakers (Realtek(R) Audio)
9.1880 	DEBUG 	Found speaker device: Speakers (Realtek(R) Audio) (2.0)
9.1923 	INFO 	Created stream for speaker device: Speakers (Realtek(R) Audio) (2.0)
9.1931 	EXP 	pip: sampleRate = 48000
9.1932 	EXP 	pip: channels = None
9.1964 	DEBUG 	Converted audio clip from mono to stereo
9.1978 	EXP 	Sound pip set volume 1.000
9.1996 	EXP 	Created polygon = ShapeStim(__class__=<class 'psychopy.visual.shape.ShapeStim'>, anchor=('center', 'center'), autoDraw=False, autoLog=True, closeShape=True, color=method-wrapper(...), colorSpace='rgb', contrast=None, depth=-1.0, draggable=False, fillColor=array([1, 1, 1]), fillColorSpace='rgb', fillRGB=array([1, 1, 1]), interpolate=True, lineColor=array([-1., -1., -1.]), lineColorSpace='rgb', lineRGB=array([-1, -1, -1]), lineWidth=1.0, name='polygon', opacity=1, ori=0.0, pos=array([0., 0.]), size=array([0.1, 0.1]), units='height', vertices=ndarray(...), win=Window(...), windingRule=None)
9.2038 	WARNING 	No default speaker specified in Preferences / Hardware, using first speaker found: Speakers (Realtek(R) Audio)
9.2038 	DEBUG 	Found speaker device: Speakers (Realtek(R) Audio) (2.0)
9.2066 	INFO 	Created stream for speaker device: Speakers (Realtek(R) Audio) (2.0)
9.2073 	EXP 	audiobook: sampleRate = 48000
9.2073 	EXP 	audiobook: channels = None
9.2100 	DEBUG 	Converted audio clip from mono to stereo
9.2115 	EXP 	Sound audiobook set volume 1.000
9.2125 	EXP 	Created fixation = ShapeStim(__class__=<class 'psychopy.visual.shape.ShapeStim'>, anchor=('center', 'center'), autoDraw=False, autoLog=True, closeShape=True, color=method-wrapper(...), colorSpace='rgb', contrast=None, depth=-2.0, draggable=False, fillColor=array([1, 1, 1]), fillColorSpace='rgb', fillRGB=array([1, 1, 1]), interpolate=True, lineColor=array([-1., -1., -1.]), lineColorSpace='rgb', lineRGB=array([-1, -1, -1]), lineWidth=1.0, name='fixation', opacity=1, ori=0.0, pos=array([0., 0.]), size=array([0.1, 0.1]), units='height', vertices=ndarray(...), win=Window(...), windingRule=None)
9.2129 	EXP 	Created question = TextStim(__class__=<class 'psychopy.visual.text.TextStim'>, alignHoriz=method-wrapper(...), alignText='center', alignVert=method-wrapper(...), anchorHoriz='center', anchorVert='center', antialias=True, autoDraw=False, autoLog=True, bold=False, color=array([1., 1., 1.]), colorSpace='rgb', contrast=1.0, depth=0.0, draggable=False, flipHoriz=False, flipVert=False, font='Arial', fontFiles=[], height=0.05, italic=False, languageStyle='LTR', name='question', opacity=1, ori=0.0, pos=array([0. , 0.1]), rgb=UNKNOWN, text='', units='height', win=Window(...), wrapWidth=1)
9.2173 	EXP 	Created Boton = TextStim(__class__=<class 'psychopy.visual.text.TextStim'>, alignHoriz=method-wrapper(...), alignText='center', alignVert=method-wrapper(...), anchorHoriz='center', anchorVert='center', antialias=True, autoDraw=False, autoLog=True, bold=False, color=array([1., 1., 1.]), colorSpace='rgb', contrast=1.0, depth=-1.0, draggable=False, flipHoriz=False, flipVert=False, font='Arial', fontFiles=[], height=np.float64(0.025), italic=False, languageStyle='LTR', name='Boton', opacity=1, ori=0.0, pos=array([ 0.45, -0.45]), rgb=UNKNOWN, text='Hace click izquierdo para continuar\n', units='height', win=Window(...), wrapWidth=1)
9.2219 	EXP 	Created spacebar_text = TextStim(__class__=<class 'psychopy.visual.text.TextStim'>, alignHoriz=method-wrapper(...), alignText='center', alignVert=method-wrapper(...), anchorHoriz='center', anchorVert='center', antialias=True, autoDraw=False, autoLog=True, bold=False, color=array([1., 1., 1.]), colorSpace='rgb', contrast=1.0, depth=0.0, draggable=False, flipHoriz=False, flipVert=False, font='Arial', fontFiles=[], height=0.05, italic=False, languageStyle='LTR', name='spacebar_text', opacity=1, ori=0.0, pos=array([0. , 0.1]), rgb=UNKNOWN, text='', units='height', win=Window(...), wrapWidth=1)
9.2259 	WARNING 	No default speaker specified in Preferences / Hardware, using first speaker found: Speakers (Realtek(R) Audio)
9.2259 	DEBUG 	Found speaker device: Speakers (Realtek(R) Audio) (2.0)
9.2286 	INFO 	Created stream for speaker device: Speakers (Realtek(R) Audio) (2.0)
9.2293 	EXP 	pip: sampleRate = 48000
9.2293 	EXP 	pip: channels = None
9.2325 	DEBUG 	Converted audio clip from mono to stereo
9.2339 	EXP 	Sound pip set volume 1.000
9.2350 	EXP 	Created polygon = ShapeStim(__class__=<class 'psychopy.visual.shape.ShapeStim'>, anchor=('center', 'center'), autoDraw=False, autoLog=True, closeShape=True, color=method-wrapper(...), colorSpace='rgb', contrast=None, depth=-1.0, draggable=False, fillColor=array([1, 1, 1]), fillColorSpace='rgb', fillRGB=array([1, 1, 1]), interpolate=True, lineColor=array([-1., -1., -1.]), lineColorSpace='rgb', lineRGB=array([-1, -1, -1]), lineWidth=1.0, name='polygon', opacity=1, ori=0.0, pos=array([0., 0.]), size=array([0.1, 0.1]), units='height', vertices=ndarray(...), win=Window(...), windingRule=None)
9.2397 	EXP 	Created last_prompt_text = TextStim(__class__=<class 'psychopy.visual.text.TextStim'>, alignHoriz=method-wrapper(...), alignText='center', alignVert=method-wrapper(...), anchorHoriz='center', anchorVert='center', antialias=True, autoDraw=False, autoLog=True, bold=False, color=array([1., 1., 1.]), colorSpace='rgb', contrast=1.0, depth=0.0, draggable=False, flipHoriz=False, flipVert=False, font='Arial', fontFiles=[], height=np.float64(0.05), italic=False, languageStyle='LTR', name='last_prompt_text', opacity=1, ori=0.0, pos=array([0., 0.]), rgb=UNKNOWN, text=str(...), units='height', win=Window(...), wrapWidth=1)
9.2433 	EXP 	Created congrats_text = TextStim(__class__=<class 'psychopy.visual.text.TextStim'>, alignHoriz=method-wrapper(...), alignText='center', alignVert=method-wrapper(...), anchorHoriz='center', anchorVert='center', antialias=True, autoDraw=False, autoLog=True, bold=False, color=array([1., 1., 1.]), colorSpace='rgb', contrast=1.0, depth=0.0, draggable=False, flipHoriz=False, flipVert=False, font='Arial', fontFiles=[], height=np.float64(0.05), italic=False, languageStyle='LTR', name='congrats_text', opacity=1, ori=0.0, pos=array([0., 0.]), rgb=UNKNOWN, text=str(...), units='height', win=Window(...), wrapWidth=1)
0.0801 	EXP 	answer: autoLog = True
0.1144 	INFO 	Keyboard events cleared
0.1142 	EXP 	instruction_text: autoDraw = True
1.4020 	EXP 	Device response: <KeyPress from None: t=1.3990912000008393, value=space, duration=None>
1.4026 	DATA 	Keypress: space
1.4030 	DEBUG 	TextBox2 loaded 1 chars with 0 blanks and 1 valid
1.4033 	DEBUG 	TextBox2 loaded 1 chars with 0 blanks and 1 valid
1.4034 	DEBUG 	Uploading Texture Font fontname to graphics card
1.4043 	DEBUG 	Upload of Texture Font fontname complete
1.4183 	DEBUG 	Read csv file with pandas: AudioBookLoop_pruebas.csv
1.4188 	DEBUG 	Clearing unnamed columns from AudioBookLoop_pruebas.csv
1.4190 	EXP 	Imported AudioBookLoop_pruebas.csv as conditions, 2 conditions, 4 params
1.4191 	EXP 	New trial (rep=0, index=0): <Trial 0 (0 in rep 0) data={'Book': 'kafka', 'AudioFile': '..\\audiobook_stimuli\\stimuli_audiobook\\prueba.wav', 'Question': '¿Quiénes son los protagonistas de esta historia? \n\n Escribí una respuesta de hasta 10 palabras.', 'EndTrial': 'Apretá la barra espaciadora para continuar con el segundo cuento...', 'thisN': 0, 'thisTrialN': 0, 'thisRepN': 0}>
1.4192 	EXP 	New trial (rep=0, index=0): <Trial 0 (0 in rep 0) data={'thisN': 0, 'thisTrialN': 0, 'thisRepN': 0}>
1.4195 	EXP 	pip: sampleRate = 44100
1.4225 	INFO 	Resampled audio from 44100Hz to 48000Hz using method 'default'.
1.4225 	DEBUG 	Converted audio clip from mono to stereo
1.4228 	EXP 	Sound pip reached end of file
1.4311 	EXP 	Playing sound pip on speaker Speakers (Realtek(R) Audio)
1.4312 	EXP 	instruction_text: autoDraw = False
1.4312 	EXP 	polygon: autoDraw = True
1.5328 	EXP 	Device response: <KeyPress from None: t=1.3990912000008393, value=space, duration=0.12078759999712929>
2.4385 	EXP 	Sound pip reached end of file
2.4486 	EXP 	Sound pip reached end of file
2.4501 	EXP 	window1: Attempting to measure frame rate of screen (0) ...
2.4501 	EXP 	window1: recordFrameIntervals = False
2.4645 	EXP 	polygon: autoDraw = False
2.4645 	EXP 	polygon: autoDraw = False
2.6153 	EXP 	window1: recordFrameIntervals = True
2.7987 	EXP 	Screen (0) actual frame rate measured at 60.01Hz
2.7988 	EXP 	window1: recordFrameIntervals = False
2.7990 	EXP 	audiobook: sampleRate = 44100
2.8098 	INFO 	Resampled audio from 44100Hz to 48000Hz using method 'default'.
3.1555 	DEBUG 	Saving data for audiobook_uncomitted_experiment ExperimentHandler
3.1561 	INFO 	saved data to C:\Users\jocta\repos\speech-engagement\unengaged_audiobook_experiment\data\pilot_audiobook_uncomitted_experiment_2025-12-16_18h51.06.532.psydat
3.1566 	INFO 	saved data to 'C:\\Users\\jocta\\repos\\speech-engagement\\unengaged_audiobook_experiment\\data\\pilot_audiobook_uncomitted_experiment_2025-12-16_18h51.06.532.csv'
