1.1090 	WARNING 	psychopy.parallel has been imported but no parallel port driver found. Install either inpout32, inpoutx64 or dlportio
2.5405 	DEBUG 	Fullscreen settings ignored as running in pilot mode.
2.5411 	INFO 	Loaded monitor calibration from ['2025_12_16 10:09']
2.7318 	INFO 	Using renderer 'NVIDIA GeForce RTX 5070 Ti/PCIe/SSE2' for graphics
2.7318 	INFO 	OpenGL version supported by driver is 4..
2.7402 	EXP 	Created window1 = Window(allowGUI=False, allowStencil=True, autoLog=True, backendConf=UNKNOWN, backgroundFit=<method-wrapper '__getattribute__' of attributeSetter object at 0x0000028AFFDDFCA0>, backgroundImage=<method-wrapper '__getattribute__' of attributeSetter object at 0x0000028AFFDDFC40>, bitsMode=UNKNOWN, blendMode='avg', bpc=(8, 8, 8), color=array([0, 0, 0]), colorSpace='rgb', depthBits=8, fullscr=False, gamma=None, gammaErrorPolicy='raise', infoMsg=UNKNOWN, lms=UNKNOWN, monitor=<psychopy.monitors.calibTools.Monitor object at 0x0000028A823E4670>, multiSample=False, name='window1', numSamples=2, pos=[np.float64(560.0), np.float64(240.0)], screen=0, size=array([800, 600]), stencilBits=8, stereo=False, title='PsychoPy', units='height', useFBO=True, useRetina=False, viewOri=0.0, viewPos=None, viewScale=None, waitBlanking=True, winType='pyglet')
2.7402 	EXP 	window1: backgroundImage = ''
2.7402 	EXP 	window1: backgroundFit = 'none'
2.7501 	DEBUG 	TextBox2 loaded 1 chars with 0 blanks and 1 valid
2.7568 	DEBUG 	TextBox2 loaded 1 chars with 0 blanks and 1 valid
2.7634 	DEBUG 	TextBox2 loaded 1 chars with 0 blanks and 1 valid
2.7700 	DEBUG 	TextBox2 loaded 1 chars with 0 blanks and 1 valid
2.7761 	DEBUG 	TextBox2 loaded 1 chars with 0 blanks and 1 valid
2.7820 	DEBUG 	TextBox2 loaded 1 chars with 0 blanks and 1 valid
2.7879 	DEBUG 	TextBox2 loaded 1 chars with 0 blanks and 1 valid
2.7941 	DEBUG 	TextBox2 loaded 1 chars with 0 blanks and 1 valid
2.7999 	DEBUG 	TextBox2 loaded 1 chars with 0 blanks and 1 valid
2.8056 	DEBUG 	TextBox2 loaded 1 chars with 0 blanks and 1 valid
2.8117 	DEBUG 	TextBox2 loaded 1 chars with 0 blanks and 1 valid
2.8180 	DEBUG 	TextBox2 loaded 1 chars with 0 blanks and 1 valid
2.8240 	DEBUG 	TextBox2 loaded 1 chars with 0 blanks and 1 valid
2.8301 	DEBUG 	TextBox2 loaded 1 chars with 0 blanks and 1 valid
2.8362 	DEBUG 	TextBox2 loaded 1 chars with 0 blanks and 1 valid
2.8422 	DEBUG 	TextBox2 loaded 1 chars with 0 blanks and 1 valid
2.8483 	DEBUG 	TextBox2 loaded 1 chars with 0 blanks and 1 valid
2.8541 	DEBUG 	TextBox2 loaded 1 chars with 0 blanks and 1 valid
2.8599 	DEBUG 	TextBox2 loaded 1 chars with 0 blanks and 1 valid
2.8661 	DEBUG 	TextBox2 loaded 1 chars with 0 blanks and 1 valid
2.8718 	DEBUG 	TextBox2 loaded 1 chars with 0 blanks and 1 valid
2.8721 	DEBUG 	Uploading Texture Font fontname to graphics card
2.8736 	DEBUG 	Upload of Texture Font fontname complete
2.8823 	DEBUG 	TextBox2 loaded 1 chars with 0 blanks and 1 valid
2.8884 	DEBUG 	TextBox2 loaded 1 chars with 0 blanks and 1 valid
2.8944 	DEBUG 	TextBox2 loaded 1 chars with 0 blanks and 1 valid
2.8945 	DEBUG 	Uploading Texture Font fontname to graphics card
2.8950 	DEBUG 	Upload of Texture Font fontname complete
2.8960 	EXP 	window1: Attempting to measure frame rate of screen (0) ...
2.8960 	EXP 	window1: recordFrameIntervals = False
3.0589 	EXP 	window1: recordFrameIntervals = True
3.2419 	EXP 	Screen (0) actual frame rate measured at 60.04Hz
3.2420 	EXP 	window1: recordFrameIntervals = False
3.2499 	DEBUG 	TextBox2 loaded 1 chars with 0 blanks and 1 valid
3.2559 	DEBUG 	TextBox2 loaded 1 chars with 0 blanks and 1 valid
3.2618 	DEBUG 	TextBox2 loaded 1 chars with 0 blanks and 1 valid
3.2679 	DEBUG 	TextBox2 loaded 1 chars with 0 blanks and 1 valid
3.2739 	DEBUG 	TextBox2 loaded 1 chars with 0 blanks and 1 valid
3.2802 	DEBUG 	TextBox2 loaded 1 chars with 0 blanks and 1 valid
3.2862 	DEBUG 	TextBox2 loaded 1 chars with 0 blanks and 1 valid
3.2922 	DEBUG 	TextBox2 loaded 1 chars with 0 blanks and 1 valid
3.2983 	DEBUG 	TextBox2 loaded 1 chars with 0 blanks and 1 valid
3.3045 	DEBUG 	TextBox2 loaded 1 chars with 0 blanks and 1 valid
3.3047 	DEBUG 	Uploading Texture Font fontname to graphics card
3.3050 	DEBUG 	Upload of Texture Font fontname complete
3.3170 	WARNING 	launchHubServer: If using the iohub mouse or eyetracker devices, fullScr should be True.
9.2691 	INFO 	keyboard.Keyboard is using iohub backend.
9.2691 	EXP 	audiobook_uncomitted_experiment: status = STARTED
9.3417 	EXP 	Created instruction_text = TextStim(__class__=<class 'psychopy.visual.text.TextStim'>, alignHoriz=method-wrapper(...), alignText='center', alignVert=method-wrapper(...), anchorHoriz='center', anchorVert='center', antialias=True, autoDraw=False, autoLog=True, bold=False, color=array([1., 1., 1.]), colorSpace='rgb', contrast=1.0, depth=0.0, draggable=False, flipHoriz=False, flipVert=False, font='Arial', fontFiles=[], height=np.float64(0.05), italic=False, languageStyle='LTR', name='instruction_text', opacity=1, ori=0.0, pos=array([0., 0.]), rgb=UNKNOWN, text=str(...), units='height', win=Window(...), wrapWidth=1)
9.4701 	INFO 	Loaded psychtoolbox audio version 3.0.19.696976569
9.4898 	WARNING 	No default speaker specified in Preferences / Hardware, using first speaker found: Speakers (Realtek(R) Audio)
9.4898 	DEBUG 	Found speaker device: Speakers (Realtek(R) Audio) (2.0)
9.4944 	INFO 	Created stream for speaker device: Speakers (Realtek(R) Audio) (2.0)
9.4952 	EXP 	pip: sampleRate = 48000
9.4952 	EXP 	pip: channels = None
9.4993 	DEBUG 	Converted audio clip from mono to stereo
9.5010 	EXP 	Sound pip set volume 1.000
9.5027 	EXP 	Created polygon = ShapeStim(__class__=<class 'psychopy.visual.shape.ShapeStim'>, anchor=('center', 'center'), autoDraw=False, autoLog=True, closeShape=True, color=method-wrapper(...), colorSpace='rgb', contrast=None, depth=-1.0, draggable=False, fillColor=array([1, 1, 1]), fillColorSpace='rgb', fillRGB=array([1, 1, 1]), interpolate=True, lineColor=array([-1., -1., -1.]), lineColorSpace='rgb', lineRGB=array([-1, -1, -1]), lineWidth=1.0, name='polygon', opacity=1, ori=0.0, pos=array([0., 0.]), size=array([0.1, 0.1]), units='height', vertices=ndarray(...), win=Window(...), windingRule=None)
9.5068 	WARNING 	No default speaker specified in Preferences / Hardware, using first speaker found: Speakers (Realtek(R) Audio)
9.5069 	DEBUG 	Found speaker device: Speakers (Realtek(R) Audio) (2.0)
9.5095 	INFO 	Created stream for speaker device: Speakers (Realtek(R) Audio) (2.0)
9.5101 	EXP 	audiobook: sampleRate = 48000
9.5102 	EXP 	audiobook: channels = None
9.5129 	DEBUG 	Converted audio clip from mono to stereo
9.5145 	EXP 	Sound audiobook set volume 1.000
9.5156 	EXP 	Created fixation = ShapeStim(__class__=<class 'psychopy.visual.shape.ShapeStim'>, anchor=('center', 'center'), autoDraw=False, autoLog=True, closeShape=True, color=method-wrapper(...), colorSpace='rgb', contrast=None, depth=-2.0, draggable=False, fillColor=array([1, 1, 1]), fillColorSpace='rgb', fillRGB=array([1, 1, 1]), interpolate=True, lineColor=array([-1., -1., -1.]), lineColorSpace='rgb', lineRGB=array([-1, -1, -1]), lineWidth=1.0, name='fixation', opacity=1, ori=0.0, pos=array([0., 0.]), size=array([0.1, 0.1]), units='height', vertices=ndarray(...), win=Window(...), windingRule=None)
9.5159 	EXP 	Created question = TextStim(__class__=<class 'psychopy.visual.text.TextStim'>, alignHoriz=method-wrapper(...), alignText='center', alignVert=method-wrapper(...), anchorHoriz='center', anchorVert='center', antialias=True, autoDraw=False, autoLog=True, bold=False, color=array([1., 1., 1.]), colorSpace='rgb', contrast=1.0, depth=0.0, draggable=False, flipHoriz=False, flipVert=False, font='Arial', fontFiles=[], height=0.05, italic=False, languageStyle='LTR', name='question', opacity=1, ori=0.0, pos=array([0. , 0.1]), rgb=UNKNOWN, text='', units='height', win=Window(...), wrapWidth=1)
9.5204 	EXP 	Created Boton = TextStim(__class__=<class 'psychopy.visual.text.TextStim'>, alignHoriz=method-wrapper(...), alignText='center', alignVert=method-wrapper(...), anchorHoriz='center', anchorVert='center', antialias=True, autoDraw=False, autoLog=True, bold=False, color=array([1., 1., 1.]), colorSpace='rgb', contrast=1.0, depth=-1.0, draggable=False, flipHoriz=False, flipVert=False, font='Arial', fontFiles=[], height=np.float64(0.025), italic=False, languageStyle='LTR', name='Boton', opacity=1, ori=0.0, pos=array([ 0.45, -0.45]), rgb=UNKNOWN, text='Hace click izquierdo para continuar\n', units='height', win=Window(...), wrapWidth=1)
9.5248 	EXP 	Created spacebar_text = TextStim(__class__=<class 'psychopy.visual.text.TextStim'>, alignHoriz=method-wrapper(...), alignText='center', alignVert=method-wrapper(...), anchorHoriz='center', anchorVert='center', antialias=True, autoDraw=False, autoLog=True, bold=False, color=array([1., 1., 1.]), colorSpace='rgb', contrast=1.0, depth=0.0, draggable=False, flipHoriz=False, flipVert=False, font='Arial', fontFiles=[], height=0.05, italic=False, languageStyle='LTR', name='spacebar_text', opacity=1, ori=0.0, pos=array([0. , 0.1]), rgb=UNKNOWN, text='', units='height', win=Window(...), wrapWidth=1)
9.5289 	WARNING 	No default speaker specified in Preferences / Hardware, using first speaker found: Speakers (Realtek(R) Audio)
9.5289 	DEBUG 	Found speaker device: Speakers (Realtek(R) Audio) (2.0)
9.5316 	INFO 	Created stream for speaker device: Speakers (Realtek(R) Audio) (2.0)
9.5323 	EXP 	pip: sampleRate = 48000
9.5324 	EXP 	pip: channels = None
9.5356 	DEBUG 	Converted audio clip from mono to stereo
9.5372 	EXP 	Sound pip set volume 1.000
9.5383 	EXP 	Created polygon = ShapeStim(__class__=<class 'psychopy.visual.shape.ShapeStim'>, anchor=('center', 'center'), autoDraw=False, autoLog=True, closeShape=True, color=method-wrapper(...), colorSpace='rgb', contrast=None, depth=-1.0, draggable=False, fillColor=array([1, 1, 1]), fillColorSpace='rgb', fillRGB=array([1, 1, 1]), interpolate=True, lineColor=array([-1., -1., -1.]), lineColorSpace='rgb', lineRGB=array([-1, -1, -1]), lineWidth=1.0, name='polygon', opacity=1, ori=0.0, pos=array([0., 0.]), size=array([0.1, 0.1]), units='height', vertices=ndarray(...), win=Window(...), windingRule=None)
9.5430 	EXP 	Created last_prompt_text = TextStim(__class__=<class 'psychopy.visual.text.TextStim'>, alignHoriz=method-wrapper(...), alignText='center', alignVert=method-wrapper(...), anchorHoriz='center', anchorVert='center', antialias=True, autoDraw=False, autoLog=True, bold=False, color=array([1., 1., 1.]), colorSpace='rgb', contrast=1.0, depth=0.0, draggable=False, flipHoriz=False, flipVert=False, font='Arial', fontFiles=[], height=np.float64(0.05), italic=False, languageStyle='LTR', name='last_prompt_text', opacity=1, ori=0.0, pos=array([0., 0.]), rgb=UNKNOWN, text=str(...), units='height', win=Window(...), wrapWidth=1)
9.5464 	EXP 	Created congrats_text = TextStim(__class__=<class 'psychopy.visual.text.TextStim'>, alignHoriz=method-wrapper(...), alignText='center', alignVert=method-wrapper(...), anchorHoriz='center', anchorVert='center', antialias=True, autoDraw=False, autoLog=True, bold=False, color=array([1., 1., 1.]), colorSpace='rgb', contrast=1.0, depth=0.0, draggable=False, flipHoriz=False, flipVert=False, font='Arial', fontFiles=[], height=np.float64(0.05), italic=False, languageStyle='LTR', name='congrats_text', opacity=1, ori=0.0, pos=array([0., 0.]), rgb=UNKNOWN, text=str(...), units='height', win=Window(...), wrapWidth=1)
0.0783 	EXP 	answer: autoLog = True
0.1125 	INFO 	Keyboard events cleared
0.1123 	EXP 	instruction_text: autoDraw = True
0.9324 	EXP 	Device response: <KeyPress from None: t=0.9295650999993086, value=space, duration=None>
0.9359 	DEBUG 	Read csv file with pandas: AudioBookLoop_pruebas.csv
0.9364 	DEBUG 	Clearing unnamed columns from AudioBookLoop_pruebas.csv
0.9366 	EXP 	Imported AudioBookLoop_pruebas.csv as conditions, 2 conditions, 4 params
0.9367 	EXP 	New trial (rep=0, index=0): <Trial 0 (0 in rep 0) data={'Book': 'kafka', 'AudioFile': '..\\audiobook_stimuli\\stimuli_audiobook\\prueba.wav', 'Question': '¿Quiénes son los protagonistas de esta historia? \n\n Escribí una respuesta de hasta 10 palabras.', 'EndTrial': 'Apretá la barra espaciadora para continuar con el segundo cuento...', 'thisN': 0, 'thisTrialN': 0, 'thisRepN': 0}>
0.9368 	EXP 	New trial (rep=0, index=0): <Trial 0 (0 in rep 0) data={'thisN': 0, 'thisTrialN': 0, 'thisRepN': 0}>
0.9371 	EXP 	pip: sampleRate = 44100
0.9403 	INFO 	Resampled audio from 44100Hz to 48000Hz using method 'default'.
0.9403 	DEBUG 	Converted audio clip from mono to stereo
0.9405 	EXP 	Sound pip reached end of file
0.9459 	EXP 	Playing sound pip on speaker Speakers (Realtek(R) Audio)
0.9414 	DATA 	Keypress: space
0.9418 	DEBUG 	TextBox2 loaded 1 chars with 0 blanks and 1 valid
0.9420 	DEBUG 	TextBox2 loaded 1 chars with 0 blanks and 1 valid
0.9422 	DEBUG 	Uploading Texture Font fontname to graphics card
0.9431 	DEBUG 	Upload of Texture Font fontname complete
0.9467 	EXP 	instruction_text: autoDraw = False
0.9467 	EXP 	polygon: autoDraw = True
0.9483 	EXP 	Device response: <KeyPress from None: t=0.946581199998036, value=v, duration=None>
0.9486 	DATA 	Keypress: v
0.9492 	DEBUG 	TextBox2 loaded 1 chars with 0 blanks and 1 valid
0.9493 	DEBUG 	Uploading Texture Font fontname to graphics card
0.9495 	DEBUG 	Upload of Texture Font fontname complete
1.0308 	EXP 	Device response: <KeyPress from None: t=0.946581199998036, value=v, duration=0.07900430000154302>
1.0641 	EXP 	Device response: <KeyPress from None: t=0.9295650999993086, value=space, duration=0.12030450001475401>
1.9636 	EXP 	Sound pip reached end of file
1.9798 	EXP 	Sound pip reached end of file
1.9813 	EXP 	window1: Attempting to measure frame rate of screen (0) ...
1.9813 	EXP 	window1: recordFrameIntervals = False
1.9959 	EXP 	polygon: autoDraw = False
1.9959 	EXP 	polygon: autoDraw = False
2.1469 	EXP 	window1: recordFrameIntervals = True
2.3302 	EXP 	Screen (0) actual frame rate measured at 60.13Hz
2.3302 	EXP 	window1: recordFrameIntervals = False
2.3305 	EXP 	audiobook: sampleRate = 44100
2.3416 	INFO 	Resampled audio from 44100Hz to 48000Hz using method 'default'.
2.3421 	EXP 	Sound audiobook reached end of file
2.3457 	EXP 	Playing sound audiobook on speaker Speakers (Realtek(R) Audio)
2.3463 	EXP 	fixation: autoDraw = True
7.9193 	EXP 	Sound audiobook reached end of file
7.9306 	EXP 	Sound audiobook reached end of file
7.9463 	EXP 	fixation: autoDraw = False
7.9463 	EXP 	fixation: autoDraw = False
7.9463 	EXP 	question: height = np.float64(0.05)
7.9463 	EXP 	question: height = np.float64(0.05)
7.9463 	EXP 	question: height = np.float64(0.05)
7.9463 	EXP 	question: text = '¿Quiénes son los protagonistas de esta historia? \n\n Escribí una respuesta de hasta 10 palabras.'
7.9463 	EXP 	answer: placeholder = ''
7.9463 	EXP 	question: autoDraw = True
7.9463 	EXP 	Boton: autoDraw = True
7.9463 	EXP 	answer: autoDraw = True
11.4641 	DATA 	Keypress: f
11.4648 	DEBUG 	TextBox2 loaded 1 chars with 0 blanks and 1 valid
11.4649 	DEBUG 	Uploading Texture Font fontname to graphics card
11.4651 	DEBUG 	Upload of Texture Font fontname complete
11.4656 	EXP 	Device response: <KeyPress from None: t=11.45909049999318, value=f, duration=None>
11.4827 	DATA 	Keypress: d
11.4833 	DEBUG 	TextBox2 loaded 1 chars with 0 blanks and 1 valid
11.4834 	DEBUG 	Uploading Texture Font fontname to graphics card
11.4838 	DEBUG 	Upload of Texture Font fontname complete
11.4842 	EXP 	Device response: <KeyPress from None: t=11.482115199993132, value=d, duration=None>
11.4993 	DATA 	Keypress: a
11.4999 	DEBUG 	TextBox2 loaded 1 chars with 0 blanks and 1 valid
11.5000 	DEBUG 	Uploading Texture Font fontname to graphics card
11.5002 	DEBUG 	Upload of Texture Font fontname complete
11.5155 	EXP 	Device response: <KeyPress from None: t=11.498150300001726, value=a, duration=None>
11.5313 	DATA 	Keypress: g
11.5319 	DEBUG 	TextBox2 loaded 1 chars with 0 blanks and 1 valid
11.5321 	DEBUG 	Uploading Texture Font fontname to graphics card
11.5323 	DEBUG 	Upload of Texture Font fontname complete
11.5329 	EXP 	Device response: <KeyPress from None: t=11.522118399996543, value=g, duration=None>
11.5489 	DATA 	Keypress: k
11.5495 	DEBUG 	TextBox2 loaded 1 chars with 0 blanks and 1 valid
11.5496 	DEBUG 	Uploading Texture Font fontname to graphics card
11.5498 	DEBUG 	Upload of Texture Font fontname complete
11.5503 	EXP 	Device response: <KeyPress from None: t=11.538245700008702, value=k, duration=None>
11.5816 	EXP 	Device response: <KeyPress from None: t=11.498150300001726, value=a, duration=0.0718668999907095>
11.6308 	DATA 	Keypress: n
11.6313 	DEBUG 	TextBox2 loaded 1 chars with 0 blanks and 1 valid
11.6314 	DEBUG 	Uploading Texture Font fontname to graphics card
11.6316 	DEBUG 	Upload of Texture Font fontname complete
11.6321 	EXP 	Device response: <KeyPress from None: t=11.618379699997604, value=n, duration=None>
11.6493 	EXP 	Device response: <KeyPress from None: t=11.45909049999318, value=f, duration=0.18279469999833964>
11.6813 	DATA 	Keypress: a
11.6819 	EXP 	Device response: <KeyPress from None: t=11.665898800012656, value=a, duration=None>
11.6981 	EXP 	Device response: <KeyPress from None: t=11.538245700008702, value=k, duration=0.1519710999855306>
11.7305 	DATA 	Keypress: f
11.7312 	EXP 	Device response: <KeyPress from None: t=11.729859400016721, value=f, duration=None>
11.7639 	DATA 	Keypress: k
11.7645 	EXP 	Device response: <KeyPress from None: t=11.761990300001344, value=k, duration=None>
11.8145 	EXP 	Device response: <KeyPress from None: t=11.665898800012656, value=a, duration=0.13567889999831095>
11.8312 	EXP 	Device response: <KeyPress from None: t=11.618379699997604, value=n, duration=0.20713510000496171>
11.8645 	EXP 	Device response: <KeyPress from None: t=11.482115199993132, value=d, duration=0.3759362999990117>
11.8977 	EXP 	Device response: <KeyPress from None: t=11.761990300001344, value=k, duration=0.12008339999010786>
11.9140 	EXP 	Device response: <KeyPress from None: t=11.729859400016721, value=f, duration=0.16828489999170415>
11.9644 	EXP 	Device response: <KeyPress from None: t=11.522118399996543, value=g, duration=0.43143660001805983>
12.2662 	DATA 	Keypress: return
12.2816 	EXP 	Device response: <KeyPress from None: t=12.26593320001848, value=return, duration=None>
12.3818 	EXP 	Device response: <KeyPress from None: t=12.26593320001848, value=return, duration=0.10383009997894987>
13.3143 	DATA 	Keypress: a
13.3150 	EXP 	Device response: <KeyPress from None: t=13.313919200008968, value=a, duration=None>
13.4981 	EXP 	Device response: <KeyPress from None: t=13.313919200008968, value=a, duration=0.17589759998372756>
13.5143 	DATA 	Keypress: f
13.5153 	EXP 	Device response: <KeyPress from None: t=13.506007399992086, value=f, duration=None>
13.5310 	DATA 	Keypress: space
13.5317 	EXP 	Device response: <KeyPress from None: t=13.530089700012468, value=space, duration=None>
13.6982 	EXP 	Device response: <KeyPress from None: t=13.506007399992086, value=f, duration=0.18403390000457875>
13.7146 	EXP 	Device response: <KeyPress from None: t=13.530089700012468, value=space, duration=0.17601019999710843>
14.2310 	DATA 	Keypress: escape
14.2313 	EXP 	Device response: <KeyPress from None: t=14.225441100017633, value=escape, duration=None>
14.4482 	EXP 	Device response: <KeyPress from None: t=14.225441100017633, value=escape, duration=0.20862779999151826>
14.4482 	EXP 	audiobook_uncomitted_experiment: status = STOPPED
14.4631 	EXP 	question: autoDraw = False
14.4631 	EXP 	Boton: autoDraw = False
14.4631 	EXP 	answer: autoDraw = False
14.4642 	EXP 	audiobook_uncomitted_experiment: status = STOPPED
14.4681 	INFO 	saved data to 'C:\\Users\\jocta\\repos\\speech-engagement\\unengaged_audiobook_experiment\\data\\pilot_audiobook_uncomitted_experiment_2025-12-16_18h51.38.883.csv'
14.4686 	INFO 	saved data to C:\Users\jocta\repos\speech-engagement\unengaged_audiobook_experiment\data\pilot_audiobook_uncomitted_experiment_2025-12-16_18h51.38.883.psydat
14.6767 	DEBUG 	Saving data for audiobook_uncomitted_experiment ExperimentHandler
