1.1820 	WARNING 	psychopy.parallel has been imported but no parallel port driver found. Install either inpout32, inpoutx64 or dlportio
2.4508 	DEBUG 	Fullscreen settings ignored as running in pilot mode.
2.4513 	INFO 	Loaded monitor calibration from ['2025_12_16 10:09']
2.6435 	INFO 	Using renderer 'NVIDIA GeForce RTX 5070 Ti/PCIe/SSE2' for graphics
2.6435 	INFO 	OpenGL version supported by driver is 4..
2.6521 	EXP 	Created window1 = Window(allowGUI=False, allowStencil=True, autoLog=True, backendConf=UNKNOWN, backgroundFit=<method-wrapper '__getattribute__' of attributeSetter object at 0x00000207FCA4FC40>, backgroundImage=<method-wrapper '__getattribute__' of attributeSetter object at 0x00000207FCA4FBE0>, bitsMode=UNKNOWN, blendMode='avg', bpc=(8, 8, 8), color=array([0, 0, 0]), colorSpace='rgb', depthBits=8, fullscr=False, gamma=None, gammaErrorPolicy='raise', infoMsg=UNKNOWN, lms=UNKNOWN, monitor=<psychopy.monitors.calibTools.Monitor object at 0x00000207803E4610>, multiSample=False, name='window1', numSamples=2, pos=[np.float64(560.0), np.float64(240.0)], screen=0, size=array([800, 600]), stencilBits=8, stereo=False, title='PsychoPy', units='height', useFBO=True, useRetina=False, viewOri=0.0, viewPos=None, viewScale=None, waitBlanking=True, winType='pyglet')
2.6521 	EXP 	window1: backgroundImage = ''
2.6522 	EXP 	window1: backgroundFit = 'none'
2.6624 	DEBUG 	TextBox2 loaded 1 chars with 0 blanks and 1 valid
2.6690 	DEBUG 	TextBox2 loaded 1 chars with 0 blanks and 1 valid
2.6756 	DEBUG 	TextBox2 loaded 1 chars with 0 blanks and 1 valid
2.6817 	DEBUG 	TextBox2 loaded 1 chars with 0 blanks and 1 valid
2.6879 	DEBUG 	TextBox2 loaded 1 chars with 0 blanks and 1 valid
2.6936 	DEBUG 	TextBox2 loaded 1 chars with 0 blanks and 1 valid
2.6994 	DEBUG 	TextBox2 loaded 1 chars with 0 blanks and 1 valid
2.7056 	DEBUG 	TextBox2 loaded 1 chars with 0 blanks and 1 valid
2.7116 	DEBUG 	TextBox2 loaded 1 chars with 0 blanks and 1 valid
2.7173 	DEBUG 	TextBox2 loaded 1 chars with 0 blanks and 1 valid
2.7233 	DEBUG 	TextBox2 loaded 1 chars with 0 blanks and 1 valid
2.7293 	DEBUG 	TextBox2 loaded 1 chars with 0 blanks and 1 valid
2.7353 	DEBUG 	TextBox2 loaded 1 chars with 0 blanks and 1 valid
2.7412 	DEBUG 	TextBox2 loaded 1 chars with 0 blanks and 1 valid
2.7473 	DEBUG 	TextBox2 loaded 1 chars with 0 blanks and 1 valid
2.7533 	DEBUG 	TextBox2 loaded 1 chars with 0 blanks and 1 valid
2.7593 	DEBUG 	TextBox2 loaded 1 chars with 0 blanks and 1 valid
2.7652 	DEBUG 	TextBox2 loaded 1 chars with 0 blanks and 1 valid
2.7712 	DEBUG 	TextBox2 loaded 1 chars with 0 blanks and 1 valid
2.7773 	DEBUG 	TextBox2 loaded 1 chars with 0 blanks and 1 valid
2.7832 	DEBUG 	TextBox2 loaded 1 chars with 0 blanks and 1 valid
2.7834 	DEBUG 	Uploading Texture Font fontname to graphics card
2.7847 	DEBUG 	Upload of Texture Font fontname complete
2.7932 	DEBUG 	TextBox2 loaded 1 chars with 0 blanks and 1 valid
2.7992 	DEBUG 	TextBox2 loaded 1 chars with 0 blanks and 1 valid
2.8056 	DEBUG 	TextBox2 loaded 1 chars with 0 blanks and 1 valid
2.8057 	DEBUG 	Uploading Texture Font fontname to graphics card
2.8061 	DEBUG 	Upload of Texture Font fontname complete
2.8071 	EXP 	window1: Attempting to measure frame rate of screen (0) ...
2.8071 	EXP 	window1: recordFrameIntervals = False
2.9770 	EXP 	window1: recordFrameIntervals = True
3.1604 	EXP 	Screen (0) actual frame rate measured at 60.13Hz
3.1604 	EXP 	window1: recordFrameIntervals = False
3.1682 	DEBUG 	TextBox2 loaded 1 chars with 0 blanks and 1 valid
3.1741 	DEBUG 	TextBox2 loaded 1 chars with 0 blanks and 1 valid
3.1801 	DEBUG 	TextBox2 loaded 1 chars with 0 blanks and 1 valid
3.1862 	DEBUG 	TextBox2 loaded 1 chars with 0 blanks and 1 valid
3.1924 	DEBUG 	TextBox2 loaded 1 chars with 0 blanks and 1 valid
3.1986 	DEBUG 	TextBox2 loaded 1 chars with 0 blanks and 1 valid
3.2048 	DEBUG 	TextBox2 loaded 1 chars with 0 blanks and 1 valid
3.2111 	DEBUG 	TextBox2 loaded 1 chars with 0 blanks and 1 valid
3.2175 	DEBUG 	TextBox2 loaded 1 chars with 0 blanks and 1 valid
3.2237 	DEBUG 	TextBox2 loaded 1 chars with 0 blanks and 1 valid
3.2238 	DEBUG 	Uploading Texture Font fontname to graphics card
3.2241 	DEBUG 	Upload of Texture Font fontname complete
3.2365 	WARNING 	launchHubServer: If using the iohub mouse or eyetracker devices, fullScr should be True.
9.1929 	INFO 	keyboard.Keyboard is using iohub backend.
9.1929 	EXP 	audiobook_uncomitted_experiment: status = STARTED
9.2642 	EXP 	Created instruction_text = TextStim(__class__=<class 'psychopy.visual.text.TextStim'>, alignHoriz=method-wrapper(...), alignText='center', alignVert=method-wrapper(...), anchorHoriz='center', anchorVert='center', antialias=True, autoDraw=False, autoLog=True, bold=False, color=array([1., 1., 1.]), colorSpace='rgb', contrast=1.0, depth=0.0, draggable=False, flipHoriz=False, flipVert=False, font='Arial', fontFiles=[], height=np.float64(0.05), italic=False, languageStyle='LTR', name='instruction_text', opacity=1, ori=0.0, pos=array([0., 0.]), rgb=UNKNOWN, text=str(...), units='height', win=Window(...), wrapWidth=1)
9.3912 	INFO 	Loaded psychtoolbox audio version 3.0.19.696976569
9.4109 	WARNING 	No default speaker specified in Preferences / Hardware, using first speaker found: Speakers (Realtek(R) Audio)
9.4109 	DEBUG 	Found speaker device: Speakers (Realtek(R) Audio) (2.0)
9.4151 	INFO 	Created stream for speaker device: Speakers (Realtek(R) Audio) (2.0)
9.4158 	EXP 	pip: sampleRate = 48000
9.4159 	EXP 	pip: channels = None
9.4192 	DEBUG 	Converted audio clip from mono to stereo
9.4207 	EXP 	Sound pip set volume 1.000
9.4226 	EXP 	Created polygon = ShapeStim(__class__=<class 'psychopy.visual.shape.ShapeStim'>, anchor=('center', 'center'), autoDraw=False, autoLog=True, closeShape=True, color=method-wrapper(...), colorSpace='rgb', contrast=None, depth=-1.0, draggable=False, fillColor=array([1, 1, 1]), fillColorSpace='rgb', fillRGB=array([1, 1, 1]), interpolate=True, lineColor=array([-1., -1., -1.]), lineColorSpace='rgb', lineRGB=array([-1, -1, -1]), lineWidth=1.0, name='polygon', opacity=1, ori=0.0, pos=array([0., 0.]), size=array([0.1, 0.1]), units='height', vertices=ndarray(...), win=Window(...), windingRule=None)
9.4269 	WARNING 	No default speaker specified in Preferences / Hardware, using first speaker found: Speakers (Realtek(R) Audio)
9.4270 	DEBUG 	Found speaker device: Speakers (Realtek(R) Audio) (2.0)
9.4297 	INFO 	Created stream for speaker device: Speakers (Realtek(R) Audio) (2.0)
9.4304 	EXP 	audiobook: sampleRate = 48000
9.4305 	EXP 	audiobook: channels = None
9.4332 	DEBUG 	Converted audio clip from mono to stereo
9.4349 	EXP 	Sound audiobook set volume 1.000
9.4359 	EXP 	Created fixation = ShapeStim(__class__=<class 'psychopy.visual.shape.ShapeStim'>, anchor=('center', 'center'), autoDraw=False, autoLog=True, closeShape=True, color=method-wrapper(...), colorSpace='rgb', contrast=None, depth=-2.0, draggable=False, fillColor=array([1, 1, 1]), fillColorSpace='rgb', fillRGB=array([1, 1, 1]), interpolate=True, lineColor=array([-1., -1., -1.]), lineColorSpace='rgb', lineRGB=array([-1, -1, -1]), lineWidth=1.0, name='fixation', opacity=1, ori=0.0, pos=array([0., 0.]), size=array([0.1, 0.1]), units='height', vertices=ndarray(...), win=Window(...), windingRule=None)
9.4363 	EXP 	Created question = TextStim(__class__=<class 'psychopy.visual.text.TextStim'>, alignHoriz=method-wrapper(...), alignText='center', alignVert=method-wrapper(...), anchorHoriz='center', anchorVert='center', antialias=True, autoDraw=False, autoLog=True, bold=False, color=array([1., 1., 1.]), colorSpace='rgb', contrast=1.0, depth=0.0, draggable=False, flipHoriz=False, flipVert=False, font='Arial', fontFiles=[], height=0.05, italic=False, languageStyle='LTR', name='question', opacity=1, ori=0.0, pos=array([0. , 0.1]), rgb=UNKNOWN, text='', units='height', win=Window(...), wrapWidth=1)
9.4449 	EXP 	Created Boton = TextStim(__class__=<class 'psychopy.visual.text.TextStim'>, alignHoriz=method-wrapper(...), alignText='center', alignVert=method-wrapper(...), anchorHoriz='center', anchorVert='center', antialias=True, autoDraw=False, autoLog=True, bold=False, color=array([1., 1., 1.]), colorSpace='rgb', contrast=1.0, depth=-1.0, draggable=False, flipHoriz=False, flipVert=False, font='Arial', fontFiles=[], height=np.float64(0.025), italic=False, languageStyle='LTR', name='Boton', opacity=1, ori=0.0, pos=array([ 0.45, -0.45]), rgb=UNKNOWN, text='Hace click izquierdo para continuar\n', units='height', win=Window(...), wrapWidth=1)
9.4495 	EXP 	Created spacebar_text = TextStim(__class__=<class 'psychopy.visual.text.TextStim'>, alignHoriz=method-wrapper(...), alignText='center', alignVert=method-wrapper(...), anchorHoriz='center', anchorVert='center', antialias=True, autoDraw=False, autoLog=True, bold=False, color=array([1., 1., 1.]), colorSpace='rgb', contrast=1.0, depth=0.0, draggable=False, flipHoriz=False, flipVert=False, font='Arial', fontFiles=[], height=0.05, italic=False, languageStyle='LTR', name='spacebar_text', opacity=1, ori=0.0, pos=array([0. , 0.1]), rgb=UNKNOWN, text='', units='height', win=Window(...), wrapWidth=1)
9.4537 	WARNING 	No default speaker specified in Preferences / Hardware, using first speaker found: Speakers (Realtek(R) Audio)
9.4537 	DEBUG 	Found speaker device: Speakers (Realtek(R) Audio) (2.0)
9.4563 	INFO 	Created stream for speaker device: Speakers (Realtek(R) Audio) (2.0)
9.4571 	EXP 	pip: sampleRate = 48000
9.4571 	EXP 	pip: channels = None
9.4605 	DEBUG 	Converted audio clip from mono to stereo
9.4621 	EXP 	Sound pip set volume 1.000
9.4632 	EXP 	Created polygon = ShapeStim(__class__=<class 'psychopy.visual.shape.ShapeStim'>, anchor=('center', 'center'), autoDraw=False, autoLog=True, closeShape=True, color=method-wrapper(...), colorSpace='rgb', contrast=None, depth=-1.0, draggable=False, fillColor=array([1, 1, 1]), fillColorSpace='rgb', fillRGB=array([1, 1, 1]), interpolate=True, lineColor=array([-1., -1., -1.]), lineColorSpace='rgb', lineRGB=array([-1, -1, -1]), lineWidth=1.0, name='polygon', opacity=1, ori=0.0, pos=array([0., 0.]), size=array([0.1, 0.1]), units='height', vertices=ndarray(...), win=Window(...), windingRule=None)
9.4678 	EXP 	Created last_prompt_text = TextStim(__class__=<class 'psychopy.visual.text.TextStim'>, alignHoriz=method-wrapper(...), alignText='center', alignVert=method-wrapper(...), anchorHoriz='center', anchorVert='center', antialias=True, autoDraw=False, autoLog=True, bold=False, color=array([1., 1., 1.]), colorSpace='rgb', contrast=1.0, depth=0.0, draggable=False, flipHoriz=False, flipVert=False, font='Arial', fontFiles=[], height=np.float64(0.05), italic=False, languageStyle='LTR', name='last_prompt_text', opacity=1, ori=0.0, pos=array([0., 0.]), rgb=UNKNOWN, text=str(...), units='height', win=Window(...), wrapWidth=1)
9.4714 	EXP 	Created congrats_text = TextStim(__class__=<class 'psychopy.visual.text.TextStim'>, alignHoriz=method-wrapper(...), alignText='center', alignVert=method-wrapper(...), anchorHoriz='center', anchorVert='center', antialias=True, autoDraw=False, autoLog=True, bold=False, color=array([1., 1., 1.]), colorSpace='rgb', contrast=1.0, depth=0.0, draggable=False, flipHoriz=False, flipVert=False, font='Arial', fontFiles=[], height=np.float64(0.05), italic=False, languageStyle='LTR', name='congrats_text', opacity=1, ori=0.0, pos=array([0., 0.]), rgb=UNKNOWN, text=str(...), units='height', win=Window(...), wrapWidth=1)
0.0938 	EXP 	answer: autoLog = True
0.1059 	INFO 	Keyboard events cleared
0.1057 	EXP 	instruction_text: autoDraw = True
1.5102 	EXP 	Device response: <KeyPress from None: t=1.5070427000173368, value=space, duration=None>
1.5129 	DEBUG 	Read csv file with pandas: AudioBookLoop_pruebas.csv
1.5134 	DEBUG 	Clearing unnamed columns from AudioBookLoop_pruebas.csv
1.5136 	EXP 	Imported AudioBookLoop_pruebas.csv as conditions, 2 conditions, 4 params
1.5138 	EXP 	New trial (rep=0, index=0): <Trial 0 (0 in rep 0) data={'Book': 'kafka', 'AudioFile': '..\\audiobook_stimuli\\stimuli_audiobook\\prueba.wav', 'Question': '¿Quiénes son los protagonistas de esta historia? \n\n Escribí una respuesta de hasta 10 palabras.', 'EndTrial': 'Apretá la barra espaciadora para continuar con el segundo cuento...', 'thisN': 0, 'thisTrialN': 0, 'thisRepN': 0}>
1.5138 	EXP 	New trial (rep=0, index=0): <Trial 0 (0 in rep 0) data={'thisN': 0, 'thisTrialN': 0, 'thisRepN': 0}>
1.6376 	DEBUG 	Saving data for audiobook_uncomitted_experiment ExperimentHandler
1.6382 	INFO 	saved data to C:\Users\jocta\repos\speech-engagement\unengaged_audiobook_experiment\data\pilot_audiobook_uncomitted_experiment_2025-12-16_18h49.19.135.psydat
1.6386 	INFO 	saved data to 'C:\\Users\\jocta\\repos\\speech-engagement\\unengaged_audiobook_experiment\\data\\pilot_audiobook_uncomitted_experiment_2025-12-16_18h49.19.135.csv'
