3.6193 	WARNING 	psychopy.parallel has been imported but no parallel port driver found. Install either inpout32, inpoutx64 or dlportio
39.6557 	DEBUG 	Fullscreen settings ignored as running in pilot mode.
39.6563 	INFO 	Loaded monitor calibration from ['2025_12_16 10:09']
39.8333 	INFO 	Using renderer 'NVIDIA GeForce RTX 5070 Ti/PCIe/SSE2' for graphics
39.8333 	INFO 	OpenGL version supported by driver is 4..
39.8477 	EXP 	Created window1 = Window(allowGUI=False, allowStencil=True, autoLog=True, backendConf=UNKNOWN, backgroundFit=<method-wrapper '__getattribute__' of attributeSetter object at 0x0000021F4964A9E0>, backgroundImage=<method-wrapper '__getattribute__' of attributeSetter object at 0x0000021F4964A980>, bitsMode=UNKNOWN, blendMode='avg', bpc=(8, 8, 8), color=array([0, 0, 0]), colorSpace='rgb', depthBits=8, fullscr=False, gamma=None, gammaErrorPolicy='raise', infoMsg=UNKNOWN, lms=UNKNOWN, monitor=<psychopy.monitors.calibTools.Monitor object at 0x0000021F48DFF280>, multiSample=False, name='window1', numSamples=2, pos=[np.float64(560.0), np.float64(240.0)], screen=0, size=array([800, 600]), stencilBits=8, stereo=False, title='PsychoPy', units='height', useFBO=True, useRetina=False, viewOri=0.0, viewPos=None, viewScale=None, waitBlanking=True, winType='pyglet')
39.8477 	EXP 	window1: backgroundImage = ''
39.8477 	EXP 	window1: backgroundFit = 'none'
39.8597 	DEBUG 	TextBox2 loaded 1 chars with 0 blanks and 1 valid
39.8657 	DEBUG 	TextBox2 loaded 1 chars with 0 blanks and 1 valid
39.8717 	DEBUG 	TextBox2 loaded 1 chars with 0 blanks and 1 valid
39.8778 	DEBUG 	TextBox2 loaded 1 chars with 0 blanks and 1 valid
39.8837 	DEBUG 	TextBox2 loaded 1 chars with 0 blanks and 1 valid
39.8897 	DEBUG 	TextBox2 loaded 1 chars with 0 blanks and 1 valid
39.8960 	DEBUG 	TextBox2 loaded 1 chars with 0 blanks and 1 valid
39.9022 	DEBUG 	TextBox2 loaded 1 chars with 0 blanks and 1 valid
39.9082 	DEBUG 	TextBox2 loaded 1 chars with 0 blanks and 1 valid
39.9143 	DEBUG 	TextBox2 loaded 1 chars with 0 blanks and 1 valid
39.9205 	DEBUG 	TextBox2 loaded 1 chars with 0 blanks and 1 valid
39.9268 	DEBUG 	TextBox2 loaded 1 chars with 0 blanks and 1 valid
39.9327 	DEBUG 	TextBox2 loaded 1 chars with 0 blanks and 1 valid
39.9389 	DEBUG 	TextBox2 loaded 1 chars with 0 blanks and 1 valid
39.9451 	DEBUG 	TextBox2 loaded 1 chars with 0 blanks and 1 valid
39.9513 	DEBUG 	TextBox2 loaded 1 chars with 0 blanks and 1 valid
39.9577 	DEBUG 	TextBox2 loaded 1 chars with 0 blanks and 1 valid
39.9636 	DEBUG 	TextBox2 loaded 1 chars with 0 blanks and 1 valid
39.9697 	DEBUG 	TextBox2 loaded 1 chars with 0 blanks and 1 valid
39.9761 	DEBUG 	TextBox2 loaded 1 chars with 0 blanks and 1 valid
39.9821 	DEBUG 	TextBox2 loaded 1 chars with 0 blanks and 1 valid
39.9824 	DEBUG 	Uploading Texture Font fontname to graphics card
39.9843 	DEBUG 	Upload of Texture Font fontname complete
39.9935 	DEBUG 	TextBox2 loaded 1 chars with 0 blanks and 1 valid
39.9999 	DEBUG 	TextBox2 loaded 1 chars with 0 blanks and 1 valid
40.0062 	DEBUG 	TextBox2 loaded 1 chars with 0 blanks and 1 valid
40.0064 	DEBUG 	Uploading Texture Font fontname to graphics card
40.0072 	DEBUG 	Upload of Texture Font fontname complete
40.0083 	EXP 	window1: Attempting to measure frame rate of screen (0) ...
40.0083 	EXP 	window1: recordFrameIntervals = False
40.1810 	EXP 	window1: recordFrameIntervals = True
40.3654 	EXP 	Screen (0) actual frame rate measured at 59.95Hz
40.3654 	EXP 	window1: recordFrameIntervals = False
40.3735 	DEBUG 	TextBox2 loaded 1 chars with 0 blanks and 1 valid
40.3795 	DEBUG 	TextBox2 loaded 1 chars with 0 blanks and 1 valid
40.3856 	DEBUG 	TextBox2 loaded 1 chars with 0 blanks and 1 valid
40.3918 	DEBUG 	TextBox2 loaded 1 chars with 0 blanks and 1 valid
40.3981 	DEBUG 	TextBox2 loaded 1 chars with 0 blanks and 1 valid
40.4042 	DEBUG 	TextBox2 loaded 1 chars with 0 blanks and 1 valid
40.4100 	DEBUG 	TextBox2 loaded 1 chars with 0 blanks and 1 valid
40.4160 	DEBUG 	TextBox2 loaded 1 chars with 0 blanks and 1 valid
40.4220 	DEBUG 	TextBox2 loaded 1 chars with 0 blanks and 1 valid
40.4280 	DEBUG 	TextBox2 loaded 1 chars with 0 blanks and 1 valid
40.4282 	DEBUG 	Uploading Texture Font fontname to graphics card
40.4285 	DEBUG 	Upload of Texture Font fontname complete
40.4433 	WARNING 	launchHubServer: If using the iohub mouse or eyetracker devices, fullScr should be True.
47.2510 	INFO 	keyboard.Keyboard is using iohub backend.
47.2510 	EXP 	audiobook_uncomitted_experiment: status = STARTED
47.3005 	EXP 	Created instruction_text = TextStim(__class__=<class 'psychopy.visual.text.TextStim'>, alignHoriz=method-wrapper(...), alignText='center', alignVert=method-wrapper(...), anchorHoriz='center', anchorVert='center', antialias=True, autoDraw=False, autoLog=True, bold=False, color=array([1., 1., 1.]), colorSpace='rgb', contrast=1.0, depth=0.0, draggable=False, flipHoriz=False, flipVert=False, font='Arial', fontFiles=[], height=np.float64(0.05), italic=False, languageStyle='LTR', name='instruction_text', opacity=1, ori=0.0, pos=array([0., 0.]), rgb=UNKNOWN, text=str(...), units='height', win=Window(...), wrapWidth=1)
47.3036 	EXP 	Created text = TextStim(__class__=<class 'psychopy.visual.text.TextStim'>, alignHoriz=method-wrapper(...), alignText='center', alignVert=method-wrapper(...), anchorHoriz='center', anchorVert='center', antialias=True, autoDraw=False, autoLog=True, bold=False, color=array([-1., -1.,  1.]), colorSpace='rgb', contrast=1.0, depth=-1.0, draggable=False, flipHoriz=False, flipVert=False, font='Arial', fontFiles=[], height=np.float64(0.05), italic=False, languageStyle='LTR', name='text', opacity=1, ori=0.0, pos=array([0.17 , 0.085]), rgb=UNKNOWN, text=str(...), units='height', win=Window(...), wrapWidth=1)
47.4470 	INFO 	Loaded psychtoolbox audio version 3.0.19.696976569
47.4740 	WARNING 	No default speaker specified in Preferences / Hardware, using first speaker found: Speakers (Realtek(R) Audio)
47.4740 	DEBUG 	Found speaker device: Speakers (Realtek(R) Audio) (2.0)
47.5710 	INFO 	Created stream for speaker device: Speakers (Realtek(R) Audio) (2.0)
47.5723 	EXP 	pip: sampleRate = 48000
47.5723 	EXP 	pip: channels = None
47.5758 	DEBUG 	Converted audio clip from mono to stereo
47.5774 	EXP 	Sound pip set volume 1.000
47.5801 	EXP 	Created polygon = ShapeStim(__class__=<class 'psychopy.visual.shape.ShapeStim'>, anchor=('center', 'center'), autoDraw=False, autoLog=True, closeShape=True, color=method-wrapper(...), colorSpace='rgb', contrast=None, depth=-1.0, draggable=False, fillColor=array([1, 1, 1]), fillColorSpace='rgb', fillRGB=array([1, 1, 1]), interpolate=True, lineColor=array([-1., -1., -1.]), lineColorSpace='rgb', lineRGB=array([-1, -1, -1]), lineWidth=1.0, name='polygon', opacity=1, ori=0.0, pos=array([0., 0.]), size=array([0.1, 0.1]), units='height', vertices=ndarray(...), win=Window(...), windingRule=None)
47.5846 	WARNING 	No default speaker specified in Preferences / Hardware, using first speaker found: Speakers (Realtek(R) Audio)
47.5846 	DEBUG 	Found speaker device: Speakers (Realtek(R) Audio) (2.0)
47.5875 	INFO 	Created stream for speaker device: Speakers (Realtek(R) Audio) (2.0)
47.5883 	EXP 	audiobook: sampleRate = 48000
47.5883 	EXP 	audiobook: channels = None
47.5910 	DEBUG 	Converted audio clip from mono to stereo
47.5925 	EXP 	Sound audiobook set volume 1.000
47.5938 	EXP 	Created fixation = ShapeStim(__class__=<class 'psychopy.visual.shape.ShapeStim'>, anchor=('center', 'center'), autoDraw=False, autoLog=True, closeShape=True, color=method-wrapper(...), colorSpace='rgb', contrast=None, depth=-2.0, draggable=False, fillColor=array([1, 1, 1]), fillColorSpace='rgb', fillRGB=array([1, 1, 1]), interpolate=True, lineColor=array([-1., -1., -1.]), lineColorSpace='rgb', lineRGB=array([-1, -1, -1]), lineWidth=1.0, name='fixation', opacity=1, ori=0.0, pos=array([0., 0.]), size=array([0.1, 0.1]), units='height', vertices=ndarray(...), win=Window(...), windingRule=None)
47.5942 	EXP 	Created question = TextStim(__class__=<class 'psychopy.visual.text.TextStim'>, alignHoriz=method-wrapper(...), alignText='center', alignVert=method-wrapper(...), anchorHoriz='center', anchorVert='center', antialias=True, autoDraw=False, autoLog=True, bold=False, color=array([1., 1., 1.]), colorSpace='rgb', contrast=1.0, depth=0.0, draggable=False, flipHoriz=False, flipVert=False, font='Arial', fontFiles=[], height=0.05, italic=False, languageStyle='LTR', name='question', opacity=1, ori=0.0, pos=array([0. , 0.1]), rgb=UNKNOWN, text='', units='height', win=Window(...), wrapWidth=1)
47.6017 	EXP 	Created Boton = TextStim(__class__=<class 'psychopy.visual.text.TextStim'>, alignHoriz=method-wrapper(...), alignText='center', alignVert=method-wrapper(...), anchorHoriz='center', anchorVert='center', antialias=True, autoDraw=False, autoLog=True, bold=False, color=array([1., 1., 1.]), colorSpace='rgb', contrast=1.0, depth=-1.0, draggable=False, flipHoriz=False, flipVert=False, font='Arial', fontFiles=[], height=np.float64(0.025), italic=False, languageStyle='LTR', name='Boton', opacity=1, ori=0.0, pos=array([ 0.45, -0.45]), rgb=UNKNOWN, text='Hace click izquierdo para continuar\n', units='height', win=Window(...), wrapWidth=1)
47.6062 	EXP 	Created spacebar_text = TextStim(__class__=<class 'psychopy.visual.text.TextStim'>, alignHoriz=method-wrapper(...), alignText='center', alignVert=method-wrapper(...), anchorHoriz='center', anchorVert='center', antialias=True, autoDraw=False, autoLog=True, bold=False, color=array([1., 1., 1.]), colorSpace='rgb', contrast=1.0, depth=0.0, draggable=False, flipHoriz=False, flipVert=False, font='Arial', fontFiles=[], height=0.05, italic=False, languageStyle='LTR', name='spacebar_text', opacity=1, ori=0.0, pos=array([0. , 0.1]), rgb=UNKNOWN, text='', units='height', win=Window(...), wrapWidth=1)
47.6108 	WARNING 	No default speaker specified in Preferences / Hardware, using first speaker found: Speakers (Realtek(R) Audio)
47.6108 	DEBUG 	Found speaker device: Speakers (Realtek(R) Audio) (2.0)
47.6138 	INFO 	Created stream for speaker device: Speakers (Realtek(R) Audio) (2.0)
47.6146 	EXP 	pip: sampleRate = 48000
47.6146 	EXP 	pip: channels = None
47.6178 	DEBUG 	Converted audio clip from mono to stereo
47.6193 	EXP 	Sound pip set volume 1.000
47.6207 	EXP 	Created polygon = ShapeStim(__class__=<class 'psychopy.visual.shape.ShapeStim'>, anchor=('center', 'center'), autoDraw=False, autoLog=True, closeShape=True, color=method-wrapper(...), colorSpace='rgb', contrast=None, depth=-1.0, draggable=False, fillColor=array([1, 1, 1]), fillColorSpace='rgb', fillRGB=array([1, 1, 1]), interpolate=True, lineColor=array([-1., -1., -1.]), lineColorSpace='rgb', lineRGB=array([-1, -1, -1]), lineWidth=1.0, name='polygon', opacity=1, ori=0.0, pos=array([0., 0.]), size=array([0.1, 0.1]), units='height', vertices=ndarray(...), win=Window(...), windingRule=None)
47.6279 	EXP 	Created last_prompt_text = TextStim(__class__=<class 'psychopy.visual.text.TextStim'>, alignHoriz=method-wrapper(...), alignText='center', alignVert=method-wrapper(...), anchorHoriz='center', anchorVert='center', antialias=True, autoDraw=False, autoLog=True, bold=False, color=array([1., 1., 1.]), colorSpace='rgb', contrast=1.0, depth=0.0, draggable=False, flipHoriz=False, flipVert=False, font='Arial', fontFiles=[], height=np.float64(0.05), italic=False, languageStyle='LTR', name='last_prompt_text', opacity=1, ori=0.0, pos=array([0., 0.]), rgb=UNKNOWN, text=str(...), units='height', win=Window(...), wrapWidth=1)
47.6321 	EXP 	Created congrats_text = TextStim(__class__=<class 'psychopy.visual.text.TextStim'>, alignHoriz=method-wrapper(...), alignText='center', alignVert=method-wrapper(...), anchorHoriz='center', anchorVert='center', antialias=True, autoDraw=False, autoLog=True, bold=False, color=array([1., 1., 1.]), colorSpace='rgb', contrast=1.0, depth=0.0, draggable=False, flipHoriz=False, flipVert=False, font='Arial', fontFiles=[], height=np.float64(0.05), italic=False, languageStyle='LTR', name='congrats_text', opacity=1, ori=0.0, pos=array([0., 0.]), rgb=UNKNOWN, text=str(...), units='height', win=Window(...), wrapWidth=1)
0.0696 	EXP 	answer: autoLog = True
0.0817 	INFO 	Keyboard events cleared
0.0815 	EXP 	instruction_text: autoDraw = True
0.0815 	EXP 	text: autoDraw = True
5.2173 	DATA 	Mouse: Left button down, pos=(485,66)
5.3191 	DATA 	Mouse:  Left button up, pos=(485,66)
5.9828 	EXP 	Device response: <KeyPress from None: t=5.974269199999981, value=space, duration=None>
5.9881 	DEBUG 	Read csv file with pandas: AudioBookLoop.csv
5.9894 	DEBUG 	Clearing unnamed columns from AudioBookLoop.csv
5.9896 	EXP 	Imported AudioBookLoop.csv as conditions, 2 conditions, 4 params
5.9899 	EXP 	New trial (rep=0, index=0): <Trial 0 (0 in rep 0) data={'Book': '25_canelones', 'AudioFile': '..\\audiobook_stimuli\\stimuli_audiobook\\audio02.wav', 'Question': '¿Cuantos minutos debía durar la llamada? \n\n Escribí una respuesta de hasta 10 palabras. Cuando termines apretá [Enter] para continuar...', 'EndTrial': 'Apretá la barra espaciadora para continuar con el segundo cuento...', 'thisN': 0, 'thisTrialN': 0, 'thisRepN': 0}>
5.9900 	EXP 	New trial (rep=0, index=0): <Trial 0 (0 in rep 0) data={'thisN': 0, 'thisTrialN': 0, 'thisRepN': 0}>
5.9909 	EXP 	pip: sampleRate = 48000
5.9912 	DEBUG 	Converted audio clip from mono to stereo
5.9915 	EXP 	Sound pip reached end of file
5.9982 	EXP 	Playing sound pip on speaker Speakers (Realtek(R) Audio)
5.9926 	DATA 	Keypress: space
5.9930 	DEBUG 	TextBox2 loaded 1 chars with 0 blanks and 1 valid
5.9933 	DEBUG 	TextBox2 loaded 1 chars with 0 blanks and 1 valid
5.9935 	DEBUG 	Uploading Texture Font fontname to graphics card
5.9943 	DEBUG 	Upload of Texture Font fontname complete
6.0010 	EXP 	instruction_text: autoDraw = False
6.0010 	EXP 	text: autoDraw = False
6.0010 	EXP 	polygon: autoDraw = True
6.0173 	EXP 	Device response: <KeyPress from None: t=6.006408700020984, value=lctrl, duration=None>
6.0173 	EXP 	Device response: <KeyPress from None: t=6.00742140004877, value=ralt, duration=None>
6.0176 	DATA 	Keypress: lctrl
6.0176 	DATA 	Keypress: ralt
6.1006 	EXP 	Device response: <KeyPress from None: t=6.006408700020984, value=lctrl, duration=0.07986800000071526>
6.1006 	EXP 	Device response: <KeyPress from None: t=6.00742140004877, value=ralt, duration=0.079818099969998>
6.1175 	EXP 	Device response: <KeyPress from None: t=5.974269199999981, value=space, duration=0.13551650004228577>
7.0011 	EXP 	Sound pip reached end of file
7.0183 	EXP 	Sound pip reached end of file
7.0217 	EXP 	window1: Attempting to measure frame rate of screen (0) ...
7.0217 	EXP 	window1: recordFrameIntervals = False
7.0316 	EXP 	polygon: autoDraw = False
7.0316 	EXP 	polygon: autoDraw = False
7.1828 	EXP 	window1: recordFrameIntervals = True
7.5016 	EXP 	Screen (0) actual frame rate measured at 59.28Hz
7.5017 	EXP 	window1: recordFrameIntervals = False
7.5055 	EXP 	audiobook: sampleRate = 48000
7.5903 	EXP 	Sound audiobook reached end of file
7.6003 	EXP 	Playing sound audiobook on speaker Speakers (Realtek(R) Audio)
7.5998 	EXP 	fixation: autoDraw = True
28.2178 	EXP 	Device response: <KeyPress from None: t=28.206110100029036, value=escape, duration=None>
28.2182 	DATA 	Keypress: escape
28.4180 	EXP 	Device response: <KeyPress from None: t=28.206110100029036, value=escape, duration=0.20020540000405163>
28.4180 	EXP 	audiobook_uncomitted_experiment: status = STOPPED
28.4318 	EXP 	fixation: autoDraw = False
28.4328 	EXP 	audiobook_uncomitted_experiment: status = STOPPED
28.4361 	INFO 	saved data to 'C:\\Users\\jocta\\repos\\speech-engagement\\unengaged_audiobook_experiment\\data\\pilot_audiobook_uncomitted_experiment_2025-12-18_22h02.14.391.csv'
28.4368 	INFO 	saved data to C:\Users\jocta\repos\speech-engagement\unengaged_audiobook_experiment\data\pilot_audiobook_uncomitted_experiment_2025-12-18_22h02.14.391.psydat
29.0187 	DEBUG 	Saving data for audiobook_uncomitted_experiment ExperimentHandler
