1.1116 	WARNING 	psychopy.parallel has been imported but no parallel port driver found. Install either inpout32, inpoutx64 or dlportio
16.5169 	INFO 	Loaded monitor calibration from ['2025_12_16 10:09']
16.6587 	INFO 	Using renderer 'NVIDIA GeForce RTX 5070 Ti/PCIe/SSE2' for graphics
16.6587 	INFO 	OpenGL version supported by driver is 4..
16.6680 	EXP 	Created window1 = Window(allowGUI=False, allowStencil=True, autoLog=True, backendConf=UNKNOWN, backgroundFit=<method-wrapper '__getattribute__' of attributeSetter object at 0x000002B07982F1C0>, backgroundImage=<method-wrapper '__getattribute__' of attributeSetter object at 0x000002B07982F160>, bitsMode=UNKNOWN, blendMode='avg', bpc=(8, 8, 8), color=array([0, 0, 0]), colorSpace='rgb', depthBits=8, fullscr=True, gamma=None, gammaErrorPolicy='raise', infoMsg=UNKNOWN, lms=UNKNOWN, monitor=<psychopy.monitors.calibTools.Monitor object at 0x000002B078FEBB20>, multiSample=False, name='window1', numSamples=2, pos=[np.float64(0.0), np.float64(0.0)], screen=0, size=array([1920, 1080]), stencilBits=8, stereo=False, title='PsychoPy', units='height', useFBO=True, useRetina=False, viewOri=0.0, viewPos=None, viewScale=None, waitBlanking=True, winType='pyglet')
16.6680 	EXP 	window1: backgroundImage = ''
16.6680 	EXP 	window1: backgroundFit = 'none'
16.8325 	EXP 	window1: Attempting to measure frame rate of screen (0) ...
16.8326 	EXP 	window1: recordFrameIntervals = False
17.0332 	EXP 	window1: recordFrameIntervals = True
17.2165 	EXP 	Screen (0) actual frame rate measured at 60.01Hz
17.2165 	EXP 	window1: recordFrameIntervals = False
23.1831 	INFO 	keyboard.Keyboard is using iohub backend.
23.1831 	EXP 	audiobook_experiment: status = STARTED
23.2582 	EXP 	Created instruction_text = TextStim(__class__=<class 'psychopy.visual.text.TextStim'>, alignHoriz=method-wrapper(...), alignText='center', alignVert=method-wrapper(...), anchorHoriz='center', anchorVert='center', antialias=True, autoDraw=False, autoLog=True, bold=False, color=array([1., 1., 1.]), colorSpace='rgb', contrast=1.0, depth=0.0, draggable=False, flipHoriz=False, flipVert=False, font='Arial', fontFiles=[], height=np.float64(0.05), italic=False, languageStyle='LTR', name='instruction_text', opacity=1, ori=0.0, pos=array([0., 0.]), rgb=UNKNOWN, text=str(...), units='height', win=Window(...), wrapWidth=1)
23.3855 	INFO 	Loaded psychtoolbox audio version 3.0.19.696976569
23.4055 	WARNING 	No default speaker specified in Preferences / Hardware, using first speaker found: Speakers (Realtek(R) Audio)
23.4102 	INFO 	Created stream for speaker device: Speakers (Realtek(R) Audio) (2.0)
23.4110 	EXP 	pip: sampleRate = 48000
23.4111 	EXP 	pip: channels = None
23.4164 	EXP 	Sound pip set volume 1.000
23.4181 	EXP 	Created polygon = ShapeStim(__class__=<class 'psychopy.visual.shape.ShapeStim'>, anchor=('center', 'center'), autoDraw=False, autoLog=True, closeShape=True, color=method-wrapper(...), colorSpace='rgb', contrast=None, depth=-1.0, draggable=False, fillColor=array([1, 1, 1]), fillColorSpace='rgb', fillRGB=array([1, 1, 1]), interpolate=True, lineColor=array([-1., -1., -1.]), lineColorSpace='rgb', lineRGB=array([-1, -1, -1]), lineWidth=1.0, name='polygon', opacity=1, ori=0.0, pos=array([0., 0.]), size=array([0.1, 0.1]), units='height', vertices=ndarray(...), win=Window(...), windingRule=None)
23.4223 	WARNING 	No default speaker specified in Preferences / Hardware, using first speaker found: Speakers (Realtek(R) Audio)
23.4248 	INFO 	Created stream for speaker device: Speakers (Realtek(R) Audio) (2.0)
23.4254 	EXP 	audiobook: sampleRate = 48000
23.4255 	EXP 	audiobook: channels = None
23.4297 	EXP 	Sound audiobook set volume 1.000
23.4309 	EXP 	Created fixation = ShapeStim(__class__=<class 'psychopy.visual.shape.ShapeStim'>, anchor=('center', 'center'), autoDraw=False, autoLog=True, closeShape=True, color=method-wrapper(...), colorSpace='rgb', contrast=None, depth=-1.0, draggable=False, fillColor=array([1, 1, 1]), fillColorSpace='rgb', fillRGB=array([1, 1, 1]), interpolate=True, lineColor=array([-1., -1., -1.]), lineColorSpace='rgb', lineRGB=array([-1, -1, -1]), lineWidth=1.0, name='fixation', opacity=1, ori=0.0, pos=array([0., 0.]), size=array([0.1, 0.1]), units='height', vertices=ndarray(...), win=Window(...), windingRule=None)
23.4313 	EXP 	Created question = TextStim(__class__=<class 'psychopy.visual.text.TextStim'>, alignHoriz=method-wrapper(...), alignText='center', alignVert=method-wrapper(...), anchorHoriz='center', anchorVert='center', antialias=True, autoDraw=False, autoLog=True, bold=False, color=array([1., 1., 1.]), colorSpace='rgb', contrast=1.0, depth=0.0, draggable=False, flipHoriz=False, flipVert=False, font='Arial', fontFiles=[], height=0.05, italic=False, languageStyle='LTR', name='question', opacity=1, ori=0.0, pos=array([0. , 0.1]), rgb=UNKNOWN, text='', units='height', win=Window(...), wrapWidth=1)
23.4365 	EXP 	Created Boton = TextStim(__class__=<class 'psychopy.visual.text.TextStim'>, alignHoriz=method-wrapper(...), alignText='center', alignVert=method-wrapper(...), anchorHoriz='center', anchorVert='center', antialias=True, autoDraw=False, autoLog=True, bold=False, color=array([1., 1., 1.]), colorSpace='rgb', contrast=1.0, depth=-1.0, draggable=False, flipHoriz=False, flipVert=False, font='Arial', fontFiles=[], height=np.float64(0.025), italic=False, languageStyle='LTR', name='Boton', opacity=1, ori=0.0, pos=array([ 0.45, -0.45]), rgb=UNKNOWN, text='Hace click izquierdo para continuar\n', units='height', win=Window(...), wrapWidth=1)
23.4409 	EXP 	Created spacebar_text = TextStim(__class__=<class 'psychopy.visual.text.TextStim'>, alignHoriz=method-wrapper(...), alignText='center', alignVert=method-wrapper(...), anchorHoriz='center', anchorVert='center', antialias=True, autoDraw=False, autoLog=True, bold=False, color=array([1., 1., 1.]), colorSpace='rgb', contrast=1.0, depth=0.0, draggable=False, flipHoriz=False, flipVert=False, font='Arial', fontFiles=[], height=0.05, italic=False, languageStyle='LTR', name='spacebar_text', opacity=1, ori=0.0, pos=array([0. , 0.1]), rgb=UNKNOWN, text='', units='height', win=Window(...), wrapWidth=1)
23.4448 	WARNING 	No default speaker specified in Preferences / Hardware, using first speaker found: Speakers (Realtek(R) Audio)
23.4475 	INFO 	Created stream for speaker device: Speakers (Realtek(R) Audio) (2.0)
23.4482 	EXP 	pip: sampleRate = 48000
23.4482 	EXP 	pip: channels = None
23.4531 	EXP 	Sound pip set volume 1.000
23.4541 	EXP 	Created polygon = ShapeStim(__class__=<class 'psychopy.visual.shape.ShapeStim'>, anchor=('center', 'center'), autoDraw=False, autoLog=True, closeShape=True, color=method-wrapper(...), colorSpace='rgb', contrast=None, depth=-1.0, draggable=False, fillColor=array([1, 1, 1]), fillColorSpace='rgb', fillRGB=array([1, 1, 1]), interpolate=True, lineColor=array([-1., -1., -1.]), lineColorSpace='rgb', lineRGB=array([-1, -1, -1]), lineWidth=1.0, name='polygon', opacity=1, ori=0.0, pos=array([0., 0.]), size=array([0.1, 0.1]), units='height', vertices=ndarray(...), win=Window(...), windingRule=None)
23.4592 	EXP 	Created last_prompt_text = TextStim(__class__=<class 'psychopy.visual.text.TextStim'>, alignHoriz=method-wrapper(...), alignText='center', alignVert=method-wrapper(...), anchorHoriz='center', anchorVert='center', antialias=True, autoDraw=False, autoLog=True, bold=False, color=array([1., 1., 1.]), colorSpace='rgb', contrast=1.0, depth=0.0, draggable=False, flipHoriz=False, flipVert=False, font='Arial', fontFiles=[], height=np.float64(0.05), italic=False, languageStyle='LTR', name='last_prompt_text', opacity=1, ori=0.0, pos=array([0., 0.]), rgb=UNKNOWN, text=str(...), units='height', win=Window(...), wrapWidth=1)
23.4632 	EXP 	Created congrats_text = TextStim(__class__=<class 'psychopy.visual.text.TextStim'>, alignHoriz=method-wrapper(...), alignText='center', alignVert=method-wrapper(...), anchorHoriz='center', anchorVert='center', antialias=True, autoDraw=False, autoLog=True, bold=False, color=array([1., 1., 1.]), colorSpace='rgb', contrast=1.0, depth=0.0, draggable=False, flipHoriz=False, flipVert=False, font='Arial', fontFiles=[], height=np.float64(0.05), italic=False, languageStyle='LTR', name='congrats_text', opacity=1, ori=0.0, pos=array([0., 0.]), rgb=UNKNOWN, text=str(...), units='height', win=Window(...), wrapWidth=1)
0.0804 	EXP 	answer: autoLog = True
0.0867 	INFO 	Keyboard events cleared
0.0865 	EXP 	instruction_text: autoDraw = True
4.8730 	EXP 	Device response: <KeyPress from None: t=4.870155000011437, value=space, duration=None>
4.8760 	EXP 	Imported AudioBookLoop_pruebas.csv as conditions, 2 conditions, 4 params
4.8761 	EXP 	New trial (rep=0, index=0): <Trial 0 (0 in rep 0) data={'Book': 'kafka', 'AudioFile': '..\\audiobook_stimuli\\stimuli_audiobook\\prueba.wav', 'Question': '¿Quiénes son los protagonistas de esta historia? \n\n Escribí una respuesta de hasta 10 palabras.', 'EndTrial': 'Apretá la barra espaciadora para continuar con el segundo cuento...', 'thisN': 0, 'thisTrialN': 0, 'thisRepN': 0}>
4.8762 	EXP 	New trial (rep=0, index=0): <Trial 0 (0 in rep 0) data={'thisN': 0, 'thisTrialN': 0, 'thisRepN': 0}>
4.8764 	EXP 	pip: sampleRate = 44100
4.8793 	INFO 	Resampled audio from 44100Hz to 48000Hz using method 'default'.
4.8796 	EXP 	Sound pip reached end of file
4.8868 	EXP 	Playing sound pip on speaker Speakers (Realtek(R) Audio)
4.8807 	DATA 	Keypress: space
4.8870 	EXP 	instruction_text: autoDraw = False
4.8870 	EXP 	polygon: autoDraw = True
5.0205 	EXP 	Device response: <KeyPress from None: t=4.870155000011437, value=space, duration=0.1444924999959767>
5.9000 	EXP 	Sound pip reached end of file
5.9036 	EXP 	Sound pip reached end of file
5.9045 	EXP 	audiobook: sampleRate = 44100
5.9148 	INFO 	Resampled audio from 44100Hz to 48000Hz using method 'default'.
5.9153 	EXP 	Sound audiobook reached end of file
5.9202 	EXP 	Playing sound audiobook on speaker Speakers (Realtek(R) Audio)
5.9204 	EXP 	polygon: autoDraw = False
5.9204 	EXP 	polygon: autoDraw = False
5.9204 	EXP 	fixation: autoDraw = True
11.4855 	EXP 	Sound audiobook reached end of file
11.4870 	EXP 	Sound audiobook reached end of file
11.5037 	EXP 	fixation: autoDraw = False
11.5037 	EXP 	fixation: autoDraw = False
11.5037 	EXP 	question: height = np.float64(0.05)
11.5037 	EXP 	question: height = np.float64(0.05)
11.5037 	EXP 	question: height = np.float64(0.05)
11.5037 	EXP 	question: text = '¿Quiénes son los protagonistas de esta historia? \n\n Escribí una respuesta de hasta 10 palabras.'
11.5037 	EXP 	answer: placeholder = ''
11.5037 	EXP 	question: autoDraw = True
11.5037 	EXP 	Boton: autoDraw = True
11.5037 	EXP 	answer: autoDraw = True
12.2387 	DATA 	Keypress: t
12.2541 	EXP 	Device response: <KeyPress from None: t=12.238282100006472, value=t, duration=None>
12.2706 	DATA 	Keypress: g
12.2722 	EXP 	Device response: <KeyPress from None: t=12.262269300001208, value=g, duration=None>
12.3706 	DATA 	Keypress: n
12.3722 	EXP 	Device response: <KeyPress from None: t=12.35791380002047, value=n, duration=None>
12.4706 	DATA 	Keypress: f
12.4720 	EXP 	Device response: <KeyPress from None: t=12.46235080002225, value=f, duration=None>
12.4872 	DATA 	Keypress: d
12.4888 	EXP 	Device response: <KeyPress from None: t=12.485874200006947, value=d, duration=None>
12.5710 	EXP 	Device response: <KeyPress from None: t=12.35791380002047, value=n, duration=0.20820319998892955>
12.6208 	EXP 	Device response: <KeyPress from None: t=12.485874200006947, value=d, duration=0.11977489999844693>
12.6374 	EXP 	Device response: <KeyPress from None: t=12.46235080002225, value=f, duration=0.16729599999962375>
12.6541 	EXP 	Device response: <KeyPress from None: t=12.262269300001208, value=g, duration=0.38343860002350993>
12.6710 	EXP 	Device response: <KeyPress from None: t=12.238282100006472, value=t, duration=0.4314029999950435>
14.0707 	DATA 	Mouse: Left button down, pos=(813,657)
14.0871 	EXP 	question: autoDraw = False
14.0871 	EXP 	Boton: autoDraw = False
14.0871 	EXP 	answer: autoDraw = False
14.0871 	EXP 	spacebar_text: height = np.float64(0.05)
14.0871 	EXP 	spacebar_text: height = np.float64(0.05)
14.0871 	EXP 	spacebar_text: height = np.float64(0.05)
14.0871 	EXP 	spacebar_text: text = 'Apretá la barra espaciadora para continuar con el segundo cuento...'
14.1709 	DATA 	Mouse:  Left button up, pos=(813,657)
14.3205 	EXP 	spacebar_text: autoDraw = True
14.5706 	INFO 	Keyboard events cleared
14.8874 	EXP 	Device response: <KeyPress from None: t=14.88587450000341, value=space, duration=None>
14.8877 	EXP 	New trial (rep=0, index=0): <Trial 0 (0 in rep 0) data={'thisN': 0, 'thisTrialN': 0, 'thisRepN': 0}>
14.8880 	EXP 	pip: sampleRate = 44100
14.8895 	INFO 	Resampled audio from 44100Hz to 48000Hz using method 'default'.
14.8896 	EXP 	Sound pip reached end of file
14.9038 	EXP 	Playing sound pip on speaker Speakers (Realtek(R) Audio)
14.8901 	DATA 	Keypress: space
14.9039 	EXP 	spacebar_text: autoDraw = False
14.9039 	EXP 	polygon: autoDraw = True
15.0875 	EXP 	Device response: <KeyPress from None: t=14.88587450000341, value=space, duration=0.20032329999958165>
15.9101 	EXP 	Sound pip reached end of file
15.9205 	EXP 	Sound pip reached end of file
15.9211 	EXP 	New trial (rep=0, index=1): <Trial 1 (1 in rep 0) data={'Book': 'lugones', 'AudioFile': '..\\audiobook_stimuli\\stimuli_audiobook\\prueba.wav', 'Question': '¿Cómo muere el protagonista de la historia? \n\n Escribí una respuesta de hasta 10 palabras', 'EndTrial': 'Apretá la barra espaciadora para continuar...', 'thisN': 1, 'thisTrialN': 1, 'thisRepN': 0}>
15.9212 	EXP 	New trial (rep=0, index=0): <Trial 0 (0 in rep 0) data={'thisN': 0, 'thisTrialN': 0, 'thisRepN': 0}>
15.9214 	EXP 	pip: sampleRate = 44100
15.9229 	INFO 	Resampled audio from 44100Hz to 48000Hz using method 'default'.
15.9230 	EXP 	Sound pip reached end of file
15.9371 	EXP 	Playing sound pip on speaker Speakers (Realtek(R) Audio)
15.9371 	EXP 	polygon: autoDraw = False
15.9371 	EXP 	polygon: autoDraw = False
15.9371 	EXP 	polygon: autoDraw = True
16.9378 	EXP 	Sound pip reached end of file
16.9540 	EXP 	Sound pip reached end of file
16.9550 	EXP 	audiobook: sampleRate = 44100
16.9645 	INFO 	Resampled audio from 44100Hz to 48000Hz using method 'default'.
16.9648 	EXP 	Sound audiobook reached end of file
16.9706 	EXP 	Playing sound audiobook on speaker Speakers (Realtek(R) Audio)
16.9706 	EXP 	polygon: autoDraw = False
16.9706 	EXP 	polygon: autoDraw = False
16.9706 	EXP 	fixation: autoDraw = True
22.5337 	EXP 	Sound audiobook reached end of file
22.5375 	EXP 	Sound audiobook reached end of file
22.5541 	EXP 	fixation: autoDraw = False
22.5541 	EXP 	fixation: autoDraw = False
22.5541 	EXP 	question: height = np.float64(0.05)
22.5541 	EXP 	question: height = np.float64(0.05)
22.5541 	EXP 	question: height = np.float64(0.05)
22.5541 	EXP 	question: text = '¿Cómo muere el protagonista de la historia? \n\n Escribí una respuesta de hasta 10 palabras'
22.5541 	EXP 	answer: placeholder = ''
22.5541 	EXP 	question: autoDraw = True
22.5541 	EXP 	Boton: autoDraw = True
22.5541 	EXP 	answer: autoDraw = True
23.0043 	DATA 	Keypress: u
23.0058 	EXP 	Device response: <KeyPress from None: t=22.99816690001171, value=u, duration=None>
23.1217 	EXP 	Device response: <KeyPress from None: t=22.99816690001171, value=u, duration=0.11183800001163036>
23.1709 	DATA 	Keypress: n
23.1714 	EXP 	Device response: <KeyPress from None: t=23.16602299999795, value=n, duration=None>
23.3043 	DATA 	Keypress: space
23.3048 	EXP 	Device response: <KeyPress from None: t=23.294654700002866, value=space, duration=None>
23.3378 	EXP 	Device response: <KeyPress from None: t=23.16602299999795, value=n, duration=0.1676430000225082>
23.4043 	DATA 	Keypress: a
23.4059 	EXP 	Device response: <KeyPress from None: t=23.397735300008208, value=a, duration=None>
23.4376 	EXP 	Device response: <KeyPress from None: t=23.294654700002866, value=space, duration=0.12702980000176467>
23.5876 	DATA 	Keypress: u
23.5882 	EXP 	Device response: <KeyPress from None: t=23.57375390001107, value=u, duration=None>
23.6045 	EXP 	Device response: <KeyPress from None: t=23.397735300008208, value=a, duration=0.19254109999747016>
23.7210 	EXP 	Device response: <KeyPress from None: t=23.57375390001107, value=u, duration=0.13615289999870583>
23.7375 	DATA 	Keypress: d
23.7380 	EXP 	Device response: <KeyPress from None: t=23.725886700005503, value=d, duration=None>
23.8543 	DATA 	Keypress: i
23.8556 	EXP 	Device response: <KeyPress from None: t=23.846338500006823, value=i, duration=None>
23.8878 	EXP 	Device response: <KeyPress from None: t=23.725886700005503, value=d, duration=0.15191950000007637>
23.9712 	EXP 	Device response: <KeyPress from None: t=23.846338500006823, value=i, duration=0.11200170000665821>
24.0384 	DATA 	Keypress: o
24.0544 	EXP 	Device response: <KeyPress from None: t=24.037932300008833, value=o, duration=None>
24.1377 	DATA 	Keypress: space
24.1386 	EXP 	Device response: <KeyPress from None: t=24.134449300006963, value=space, duration=None>
24.1878 	EXP 	Device response: <KeyPress from None: t=24.037932300008833, value=o, duration=0.14455460000317544>
24.2208 	DATA 	Keypress: d
24.2213 	EXP 	Device response: <KeyPress from None: t=24.214520600013202, value=d, duration=None>
24.2712 	EXP 	Device response: <KeyPress from None: t=24.134449300006963, value=space, duration=0.12807880001491867>
24.3543 	DATA 	Keypress: e
24.3559 	EXP 	Device response: <KeyPress from None: t=24.34208590001799, value=e, duration=None>
24.4375 	DATA 	Keypress: space
24.4381 	EXP 	Device response: <KeyPress from None: t=24.430145999998786, value=space, duration=None>
24.4713 	EXP 	Device response: <KeyPress from None: t=24.214520600013202, value=d, duration=0.2471378000045661>
24.5216 	EXP 	Device response: <KeyPress from None: t=24.34208590001799, value=e, duration=0.1761521000007633>
24.5546 	EXP 	Device response: <KeyPress from None: t=24.430145999998786, value=space, duration=0.11212170001817867>
24.5710 	DATA 	Keypress: p
24.5728 	EXP 	Device response: <KeyPress from None: t=24.56574879999971, value=p, duration=None>
24.7043 	DATA 	Keypress: r
24.7056 	EXP 	Device response: <KeyPress from None: t=24.70181960001355, value=r, duration=None>
24.7377 	EXP 	Device response: <KeyPress from None: t=24.56574879999971, value=p, duration=0.16012179999961518>
24.8543 	DATA 	Keypress: u
24.8548 	EXP 	Device response: <KeyPress from None: t=24.845925300003728, value=u, duration=None>
24.8713 	EXP 	Device response: <KeyPress from None: t=24.70181960001355, value=r, duration=0.1681133999954909>
24.9878 	EXP 	Device response: <KeyPress from None: t=24.845925300003728, value=u, duration=0.1286000999971293>
25.0043 	DATA 	Keypress: e
25.0049 	EXP 	Device response: <KeyPress from None: t=24.99001930002123, value=e, duration=None>
25.1379 	EXP 	Device response: <KeyPress from None: t=24.99001930002123, value=e, duration=0.1446511999820359>
25.1710 	DATA 	Keypress: b
25.1728 	EXP 	Device response: <KeyPress from None: t=25.158608199999435, value=b, duration=None>
25.2714 	EXP 	Device response: <KeyPress from None: t=25.158608199999435, value=b, duration=0.10306400002446026>
25.3043 	DATA 	Keypress: a
25.3049 	EXP 	Device response: <KeyPress from None: t=25.301713200024096, value=a, duration=None>
25.4375 	DATA 	Keypress: space
25.4381 	EXP 	Device response: <KeyPress from None: t=25.430292400007602, value=space, duration=None>
25.5047 	EXP 	Device response: <KeyPress from None: t=25.301713200024096, value=a, duration=0.20012529997620732>
25.5378 	EXP 	Device response: <KeyPress from None: t=25.430292400007602, value=space, duration=0.09555719999480061>
25.6043 	DATA 	Keypress: d
25.6050 	EXP 	Device response: <KeyPress from None: t=25.589929100009613, value=d, duration=None>
25.7211 	DATA 	Keypress: e
25.7218 	EXP 	Device response: <KeyPress from None: t=25.717810300004203, value=e, duration=None>
25.7710 	DATA 	Keypress: space
25.7716 	EXP 	Device response: <KeyPress from None: t=25.766273100016406, value=space, duration=None>
25.8213 	EXP 	Device response: <KeyPress from None: t=25.589929100009613, value=d, duration=0.21637680000276305>
25.8879 	EXP 	Device response: <KeyPress from None: t=25.766273100016406, value=space, duration=0.11958659999072552>
25.9045 	EXP 	Device response: <KeyPress from None: t=25.717810300004203, value=e, duration=0.18455249999533407>
25.9710 	DATA 	Keypress: u
25.9716 	EXP 	Device response: <KeyPress from None: t=25.957919500011485, value=u, duration=None>
26.0879 	EXP 	Device response: <KeyPress from None: t=25.957919500011485, value=u, duration=0.12059420000878163>
26.1543 	DATA 	Keypress: n
26.1549 	EXP 	Device response: <KeyPress from None: t=26.142038799996953, value=n, duration=None>
26.2379 	EXP 	Device response: <KeyPress from None: t=26.142038799996953, value=n, duration=0.08803890002309345>
26.3044 	DATA 	Keypress: o
26.3050 	EXP 	Device response: <KeyPress from None: t=26.294679200014798, value=o, duration=None>
26.3877 	DATA 	Keypress: s
26.3895 	EXP 	Device response: <KeyPress from None: t=26.373671800014563, value=s, duration=None>
26.4377 	EXP 	Device response: <KeyPress from None: t=26.294679200014798, value=o, duration=0.12703199998941272>
26.5044 	DATA 	Keypress: space
26.5050 	EXP 	Device response: <KeyPress from None: t=26.493741300015245, value=space, duration=None>
26.5880 	EXP 	Device response: <KeyPress from None: t=26.373671800014563, value=s, duration=0.2001010999956634>
26.6216 	EXP 	Device response: <KeyPress from None: t=26.493741300015245, value=space, duration=0.12065029999939725>
26.6376 	DATA 	Keypress: c
26.6393 	EXP 	Device response: <KeyPress from None: t=26.62988240001141, value=c, duration=None>
26.7044 	DATA 	Keypress: i
26.7051 	EXP 	Device response: <KeyPress from None: t=26.702427000011085, value=i, duration=None>
26.7547 	EXP 	Device response: <KeyPress from None: t=26.62988240001141, value=c, duration=0.11208749999059364>
26.8216 	EXP 	Device response: <KeyPress from None: t=26.702427000011085, value=i, duration=0.10360890001174994>
26.8554 	DATA 	Keypress: n
26.8711 	EXP 	Device response: <KeyPress from None: t=26.855071099998895, value=n, duration=None>
26.9379 	EXP 	Device response: <KeyPress from None: t=26.855071099998895, value=n, duration=0.07151330000488088>
26.9544 	DATA 	Keypress: c
26.9550 	EXP 	Device response: <KeyPress from None: t=26.95059069999843, value=c, duration=None>
27.0387 	DATA 	Keypress: o
27.0545 	EXP 	Device response: <KeyPress from None: t=27.03768989999662, value=o, duration=None>
27.0880 	EXP 	Device response: <KeyPress from None: t=26.95059069999843, value=c, duration=0.13558840000769123>
27.1544 	DATA 	Keypress: space
27.1551 	EXP 	Device response: <KeyPress from None: t=27.14972280000802, value=space, duration=None>
27.2047 	EXP 	Device response: <KeyPress from None: t=27.03768989999662, value=o, duration=0.16055990001768805>
27.2880 	EXP 	Device response: <KeyPress from None: t=27.14972280000802, value=space, duration=0.1280953999958001>
27.5544 	DATA 	Keypress: s
27.5551 	EXP 	Device response: <KeyPress from None: t=27.542458100011572, value=s, duration=None>
27.6376 	DATA 	Keypress: e
27.6384 	EXP 	Device response: <KeyPress from None: t=27.63055830000667, value=e, duration=None>
27.7544 	DATA 	Keypress: g
27.7552 	EXP 	Device response: <KeyPress from None: t=27.742566500004614, value=g, duration=None>
27.7880 	EXP 	Device response: <KeyPress from None: t=27.542458100011572, value=s, duration=0.2321984999871347>
27.8379 	EXP 	Device response: <KeyPress from None: t=27.63055830000667, value=e, duration=0.19157520000590011>
27.8387 	DATA 	Keypress: u
27.8546 	EXP 	Device response: <KeyPress from None: t=27.83817130001262, value=u, duration=None>
27.9047 	EXP 	Device response: <KeyPress from None: t=27.742566500004614, value=g, duration=0.1511084999947343>
27.9713 	EXP 	Device response: <KeyPress from None: t=27.83817130001262, value=u, duration=0.11954129999503493>
28.0210 	DATA 	Keypress: n
28.0217 	EXP 	Device response: <KeyPress from None: t=28.013752500002738, value=n, duration=None>
28.1212 	EXP 	Device response: <KeyPress from None: t=28.013752500002738, value=n, duration=0.09660550000262447>
28.1376 	DATA 	Keypress: d
28.1383 	EXP 	Device response: <KeyPress from None: t=28.133819200011203, value=d, duration=None>
28.2376 	DATA 	Keypress: o
28.2384 	EXP 	Device response: <KeyPress from None: t=28.229851000010967, value=o, duration=None>
28.2548 	EXP 	Device response: <KeyPress from None: t=28.133819200011203, value=d, duration=0.12004139999044128>
28.3711 	DATA 	Keypress: s
28.3718 	EXP 	Device response: <KeyPress from None: t=28.35793320002267, value=s, duration=None>
28.3881 	EXP 	Device response: <KeyPress from None: t=28.229851000010967, value=o, duration=0.15208729999721982>
28.5212 	DATA 	Keypress: space
28.5219 	EXP 	Device response: <KeyPress from None: t=28.510501000011573, value=space, duration=None>
28.5380 	EXP 	Device response: <KeyPress from None: t=28.35793320002267, value=s, duration=0.1771106999949552>
28.6216 	EXP 	Device response: <KeyPress from None: t=28.510501000011573, value=space, duration=0.0955711999849882>
28.6554 	DATA 	Keypress: s
28.6712 	EXP 	Device response: <KeyPress from None: t=28.655139200011035, value=s, duration=None>
28.7711 	DATA 	Keypress: e
28.7719 	EXP 	Device response: <KeyPress from None: t=28.757740200002445, value=e, duration=None>
28.9045 	DATA 	Keypress: r
28.9053 	EXP 	Device response: <KeyPress from None: t=28.894651400012663, value=r, duration=None>
28.9380 	EXP 	Device response: <KeyPress from None: t=28.655139200011035, value=s, duration=0.27999899999122135>
28.9547 	EXP 	Device response: <KeyPress from None: t=28.757740200002445, value=e, duration=0.192881099996157>
29.0379 	EXP 	Device response: <KeyPress from None: t=28.894651400012663, value=r, duration=0.13583579999976791>
29.0891 	DATA 	KeyPress: ´
29.0898 	EXP 	Device response: <KeyPress from None: t=29.08651760002249, value=oem_7, duration=None>
29.2047 	EXP 	Device response: <KeyPress from None: t=29.08651760002249, value=oem_7, duration=0.11207879998255521>
29.2711 	DATA 	Keypress: a
29.2719 	EXP 	Device response: <KeyPress from None: t=29.262138600024628, value=a, duration=None>
29.4547 	EXP 	Device response: <KeyPress from None: t=29.262138600024628, value=a, duration=0.18364479998126626>
29.7377 	DATA 	Keypress: space
29.7385 	EXP 	Device response: <KeyPress from None: t=29.726017200009665, value=space, duration=None>
29.8545 	EXP 	Device response: <KeyPress from None: t=29.726017200009665, value=space, duration=0.11201710000750609>
30.0377 	DATA 	Keypress: s
30.0386 	EXP 	Device response: <KeyPress from None: t=30.022651400009636, value=s, duration=None>
30.1383 	DATA 	Keypress: u
30.1392 	EXP 	Device response: <KeyPress from None: t=30.125720800017007, value=u, duration=None>
30.2049 	EXP 	Device response: <KeyPress from None: t=30.022651400009636, value=s, duration=0.17563159999554045>
30.2549 	EXP 	Device response: <KeyPress from None: t=30.125720800017007, value=u, duration=0.12058419999084435>
30.3212 	DATA 	Keypress: f
30.3221 	EXP 	Device response: <KeyPress from None: t=30.309708600019803, value=f, duration=None>
30.4213 	DATA 	Keypress: i
30.4221 	EXP 	Device response: <KeyPress from None: t=30.41376900000614, value=i, duration=None>
30.4546 	EXP 	Device response: <KeyPress from None: t=30.309708600019803, value=f, duration=0.12813129997812212>
30.5382 	EXP 	Device response: <KeyPress from None: t=30.41376900000614, value=i, duration=0.12006919999839738>
30.5712 	DATA 	Keypress: c
30.5720 	EXP 	Device response: <KeyPress from None: t=30.566457000008086, value=c, duration=None>
30.6545 	DATA 	Keypress: i
30.6554 	EXP 	Device response: <KeyPress from None: t=30.646613400022034, value=i, duration=None>
30.6890 	EXP 	Device response: <KeyPress from None: t=30.566457000008086, value=c, duration=0.11168219998944551>
30.7881 	EXP 	Device response: <KeyPress from None: t=30.646613400022034, value=i, duration=0.12809099999140017>
30.8046 	DATA 	Keypress: e
30.8058 	EXP 	Device response: <KeyPress from None: t=30.79018380001071, value=e, duration=None>
30.8879 	DATA 	Keypress: n
30.8892 	EXP 	Device response: <KeyPress from None: t=30.877997000003234, value=n, duration=None>
30.9549 	EXP 	Device response: <KeyPress from None: t=30.79018380001071, value=e, duration=0.1523594000027515>
31.0045 	DATA 	Keypress: t
31.0054 	EXP 	Device response: <KeyPress from None: t=30.99006380001083, value=t, duration=None>
31.0213 	EXP 	Device response: <KeyPress from None: t=30.877997000003234, value=n, duration=0.1280867000168655>
31.0546 	DATA 	Keypress: e
31.0554 	EXP 	Device response: <KeyPress from None: t=31.053872200020123, value=e, duration=None>
31.1217 	EXP 	Device response: <KeyPress from None: t=30.99006380001083, value=t, duration=0.12768659999710508>
31.2548 	EXP 	Device response: <KeyPress from None: t=31.053872200020123, value=e, duration=0.19993309999699704>
31.3378 	DATA 	Keypress: return
31.3388 	EXP 	Device response: <KeyPress from None: t=31.334734000003664, value=return, duration=None>
31.4548 	EXP 	Device response: <KeyPress from None: t=31.334734000003664, value=return, duration=0.11102790001314133>
32.2879 	DATA 	Mouse: Left button down, pos=(813,657)
32.3044 	EXP 	question: autoDraw = False
32.3044 	EXP 	Boton: autoDraw = False
32.3044 	EXP 	answer: autoDraw = False
32.3044 	EXP 	spacebar_text: height = np.float64(0.05)
32.3044 	EXP 	spacebar_text: height = np.float64(0.05)
32.3044 	EXP 	spacebar_text: height = np.float64(0.05)
32.3044 	EXP 	spacebar_text: text = 'Apretá la barra espaciadora para continuar...'
32.3548 	DATA 	Mouse:  Left button up, pos=(813,657)
32.5376 	EXP 	spacebar_text: autoDraw = True
32.7879 	INFO 	Keyboard events cleared
33.5047 	EXP 	Device response: <KeyPress from None: t=33.50257229999988, value=space, duration=None>
33.5050 	EXP 	New trial (rep=0, index=0): <Trial 0 (0 in rep 0) data={'thisN': 0, 'thisTrialN': 0, 'thisRepN': 0}>
33.5053 	EXP 	pip: sampleRate = 44100
33.5069 	INFO 	Resampled audio from 44100Hz to 48000Hz using method 'default'.
33.5070 	EXP 	Sound pip reached end of file
33.5211 	EXP 	Playing sound pip on speaker Speakers (Realtek(R) Audio)
33.5075 	DATA 	Keypress: space
33.5210 	EXP 	spacebar_text: autoDraw = False
33.5210 	EXP 	polygon: autoDraw = True
33.5713 	EXP 	Device response: <KeyPress from None: t=33.50257229999988, value=space, duration=0.056553500005975366>
34.5232 	EXP 	Sound pip reached end of file
34.5377 	EXP 	Sound pip reached end of file
34.5545 	EXP 	polygon: autoDraw = False
34.5545 	EXP 	polygon: autoDraw = False
34.5545 	EXP 	last_prompt_text: autoDraw = True
34.7379 	INFO 	Keyboard events cleared
36.0048 	EXP 	Device response: <KeyPress from None: t=35.99870570001076, value=num_5, duration=None>
36.0058 	DATA 	Keypress: num_5
36.0214 	INFO 	Keyboard events cleared
36.0212 	EXP 	last_prompt_text: autoDraw = False
36.0212 	EXP 	congrats_text: autoDraw = True
36.0882 	EXP 	Device response: <KeyPress from None: t=35.99870570001076, value=num_5, duration=0.0795362000062596>
36.2214 	EXP 	Device response: <KeyPress from None: t=36.21389350001118, value=return, duration=None>
36.2219 	DATA 	Keypress: return
36.2383 	EXP 	Device response: <KeyPress from None: t=36.21389350001118, value=return, duration=0.024156400002539158>
37.6715 	EXP 	Device response: <KeyPress from None: t=37.66253470000811, value=space, duration=None>
37.6718 	DATA 	Keypress: space
37.6879 	EXP 	congrats_text: autoDraw = False
37.6879 	EXP 	audiobook_experiment: status = STOPPED
37.6923 	INFO 	saved data to 'C:\\Users\\jocta\\repos\\speech-engagement\\engaged_audiobook_experiment\\data\\361223_audiobook_experiment_2025-12-16_18h19.31.547.csv'
37.6928 	INFO 	saved data to C:\Users\jocta\repos\speech-engagement\engaged_audiobook_experiment\data\361223_audiobook_experiment_2025-12-16_18h19.31.547.psydat
