1.1116 	WARNING 	psychopy.parallel has been imported but no parallel port driver found. Install either inpout32, inpoutx64 or dlportio
2.8793 	INFO 	Loaded monitor calibration from ['2025_12_16 10:09']
3.0371 	INFO 	Using renderer 'NVIDIA GeForce RTX 5070 Ti/PCIe/SSE2' for graphics
3.0371 	INFO 	OpenGL version supported by driver is 4..
3.0464 	EXP 	Created window1 = Window(allowGUI=False, allowStencil=True, autoLog=True, backendConf=UNKNOWN, backgroundFit=<method-wrapper '__getattribute__' of attributeSetter object at 0x000001838B78F1C0>, backgroundImage=<method-wrapper '__getattribute__' of attributeSetter object at 0x000001838B78F160>, bitsMode=UNKNOWN, blendMode='avg', bpc=(8, 8, 8), color=array([0, 0, 0]), colorSpace='rgb', depthBits=8, fullscr=True, gamma=None, gammaErrorPolicy='raise', infoMsg=UNKNOWN, lms=UNKNOWN, monitor=<psychopy.monitors.calibTools.Monitor object at 0x000001838AF4BB20>, multiSample=False, name='window1', numSamples=2, pos=[np.float64(0.0), np.float64(0.0)], screen=0, size=array([1920, 1080]), stencilBits=8, stereo=False, title='PsychoPy', units='height', useFBO=True, useRetina=False, viewOri=0.0, viewPos=None, viewScale=None, waitBlanking=True, winType='pyglet')
3.0465 	EXP 	window1: backgroundImage = ''
3.0465 	EXP 	window1: backgroundFit = 'none'
3.2127 	EXP 	window1: Attempting to measure frame rate of screen (0) ...
3.2127 	EXP 	window1: recordFrameIntervals = False
3.4021 	EXP 	window1: recordFrameIntervals = True
3.5855 	EXP 	Screen (0) actual frame rate measured at 60.00Hz
3.5855 	EXP 	window1: recordFrameIntervals = False
9.5484 	INFO 	keyboard.Keyboard is using iohub backend.
9.5484 	EXP 	audiobook_experiment: status = STARTED
9.6224 	EXP 	Created instruction_text = TextStim(__class__=<class 'psychopy.visual.text.TextStim'>, alignHoriz=method-wrapper(...), alignText='center', alignVert=method-wrapper(...), anchorHoriz='center', anchorVert='center', antialias=True, autoDraw=False, autoLog=True, bold=False, color=array([1., 1., 1.]), colorSpace='rgb', contrast=1.0, depth=0.0, draggable=False, flipHoriz=False, flipVert=False, font='Arial', fontFiles=[], height=np.float64(0.05), italic=False, languageStyle='LTR', name='instruction_text', opacity=1, ori=0.0, pos=array([0., 0.]), rgb=UNKNOWN, text=str(...), units='height', win=Window(...), wrapWidth=1)
9.7513 	INFO 	Loaded psychtoolbox audio version 3.0.19.696976569
9.7700 	WARNING 	No default speaker specified in Preferences / Hardware, using first speaker found: Speakers (Realtek(R) Audio)
9.7744 	INFO 	Created stream for speaker device: Speakers (Realtek(R) Audio) (2.0)
9.7752 	EXP 	pip: sampleRate = 48000
9.7753 	EXP 	pip: channels = None
9.7802 	EXP 	Sound pip set volume 1.000
9.7819 	EXP 	Created polygon = ShapeStim(__class__=<class 'psychopy.visual.shape.ShapeStim'>, anchor=('center', 'center'), autoDraw=False, autoLog=True, closeShape=True, color=method-wrapper(...), colorSpace='rgb', contrast=None, depth=-1.0, draggable=False, fillColor=array([1, 1, 1]), fillColorSpace='rgb', fillRGB=array([1, 1, 1]), interpolate=True, lineColor=array([-1., -1., -1.]), lineColorSpace='rgb', lineRGB=array([-1, -1, -1]), lineWidth=1.0, name='polygon', opacity=1, ori=0.0, pos=array([0., 0.]), size=array([0.1, 0.1]), units='height', vertices=ndarray(...), win=Window(...), windingRule=None)
9.7862 	WARNING 	No default speaker specified in Preferences / Hardware, using first speaker found: Speakers (Realtek(R) Audio)
9.7887 	INFO 	Created stream for speaker device: Speakers (Realtek(R) Audio) (2.0)
9.7893 	EXP 	audiobook: sampleRate = 48000
9.7893 	EXP 	audiobook: channels = None
9.7937 	EXP 	Sound audiobook set volume 1.000
9.7947 	EXP 	Created fixation = ShapeStim(__class__=<class 'psychopy.visual.shape.ShapeStim'>, anchor=('center', 'center'), autoDraw=False, autoLog=True, closeShape=True, color=method-wrapper(...), colorSpace='rgb', contrast=None, depth=-1.0, draggable=False, fillColor=array([1, 1, 1]), fillColorSpace='rgb', fillRGB=array([1, 1, 1]), interpolate=True, lineColor=array([-1., -1., -1.]), lineColorSpace='rgb', lineRGB=array([-1, -1, -1]), lineWidth=1.0, name='fixation', opacity=1, ori=0.0, pos=array([0., 0.]), size=array([0.1, 0.1]), units='height', vertices=ndarray(...), win=Window(...), windingRule=None)
9.7951 	EXP 	Created question = TextStim(__class__=<class 'psychopy.visual.text.TextStim'>, alignHoriz=method-wrapper(...), alignText='center', alignVert=method-wrapper(...), anchorHoriz='center', anchorVert='center', antialias=True, autoDraw=False, autoLog=True, bold=False, color=array([1., 1., 1.]), colorSpace='rgb', contrast=1.0, depth=0.0, draggable=False, flipHoriz=False, flipVert=False, font='Arial', fontFiles=[], height=0.05, italic=False, languageStyle='LTR', name='question', opacity=1, ori=0.0, pos=array([0. , 0.1]), rgb=UNKNOWN, text='', units='height', win=Window(...), wrapWidth=1)
9.7995 	EXP 	Created Boton = TextStim(__class__=<class 'psychopy.visual.text.TextStim'>, alignHoriz=method-wrapper(...), alignText='center', alignVert=method-wrapper(...), anchorHoriz='center', anchorVert='center', antialias=True, autoDraw=False, autoLog=True, bold=False, color=array([1., 1., 1.]), colorSpace='rgb', contrast=1.0, depth=-1.0, draggable=False, flipHoriz=False, flipVert=False, font='Arial', fontFiles=[], height=np.float64(0.025), italic=False, languageStyle='LTR', name='Boton', opacity=1, ori=0.0, pos=array([ 0.45, -0.45]), rgb=UNKNOWN, text='Hace click izquierdo para continuar\n', units='height', win=Window(...), wrapWidth=1)
9.8045 	EXP 	Created spacebar_text = TextStim(__class__=<class 'psychopy.visual.text.TextStim'>, alignHoriz=method-wrapper(...), alignText='center', alignVert=method-wrapper(...), anchorHoriz='center', anchorVert='center', antialias=True, autoDraw=False, autoLog=True, bold=False, color=array([1., 1., 1.]), colorSpace='rgb', contrast=1.0, depth=0.0, draggable=False, flipHoriz=False, flipVert=False, font='Arial', fontFiles=[], height=0.05, italic=False, languageStyle='LTR', name='spacebar_text', opacity=1, ori=0.0, pos=array([0. , 0.1]), rgb=UNKNOWN, text='', units='height', win=Window(...), wrapWidth=1)
9.8085 	WARNING 	No default speaker specified in Preferences / Hardware, using first speaker found: Speakers (Realtek(R) Audio)
9.8110 	INFO 	Created stream for speaker device: Speakers (Realtek(R) Audio) (2.0)
9.8116 	EXP 	pip: sampleRate = 48000
9.8116 	EXP 	pip: channels = None
9.8165 	EXP 	Sound pip set volume 1.000
9.8174 	EXP 	Created polygon = ShapeStim(__class__=<class 'psychopy.visual.shape.ShapeStim'>, anchor=('center', 'center'), autoDraw=False, autoLog=True, closeShape=True, color=method-wrapper(...), colorSpace='rgb', contrast=None, depth=-1.0, draggable=False, fillColor=array([1, 1, 1]), fillColorSpace='rgb', fillRGB=array([1, 1, 1]), interpolate=True, lineColor=array([-1., -1., -1.]), lineColorSpace='rgb', lineRGB=array([-1, -1, -1]), lineWidth=1.0, name='polygon', opacity=1, ori=0.0, pos=array([0., 0.]), size=array([0.1, 0.1]), units='height', vertices=ndarray(...), win=Window(...), windingRule=None)
9.8234 	EXP 	Created last_prompt_text = TextStim(__class__=<class 'psychopy.visual.text.TextStim'>, alignHoriz=method-wrapper(...), alignText='center', alignVert=method-wrapper(...), anchorHoriz='center', anchorVert='center', antialias=True, autoDraw=False, autoLog=True, bold=False, color=array([1., 1., 1.]), colorSpace='rgb', contrast=1.0, depth=0.0, draggable=False, flipHoriz=False, flipVert=False, font='Arial', fontFiles=[], height=np.float64(0.05), italic=False, languageStyle='LTR', name='last_prompt_text', opacity=1, ori=0.0, pos=array([0., 0.]), rgb=UNKNOWN, text=str(...), units='height', win=Window(...), wrapWidth=1)
9.8275 	EXP 	Created congrats_text = TextStim(__class__=<class 'psychopy.visual.text.TextStim'>, alignHoriz=method-wrapper(...), alignText='center', alignVert=method-wrapper(...), anchorHoriz='center', anchorVert='center', antialias=True, autoDraw=False, autoLog=True, bold=False, color=array([1., 1., 1.]), colorSpace='rgb', contrast=1.0, depth=0.0, draggable=False, flipHoriz=False, flipVert=False, font='Arial', fontFiles=[], height=np.float64(0.05), italic=False, languageStyle='LTR', name='congrats_text', opacity=1, ori=0.0, pos=array([0., 0.]), rgb=UNKNOWN, text=str(...), units='height', win=Window(...), wrapWidth=1)
0.0812 	EXP 	answer: autoLog = True
0.0917 	INFO 	Keyboard events cleared
0.0915 	EXP 	instruction_text: autoDraw = True
9.5273 	EXP 	Device response: <KeyPress from None: t=9.518322699994314, value=space, duration=None>
9.5304 	EXP 	Imported AudioBookLoop.csv as conditions, 2 conditions, 4 params
9.5305 	EXP 	New trial (rep=0, index=0): <Trial 0 (0 in rep 0) data={'Book': 'kafka', 'AudioFile': '..\\audiobook_stimuli\\stimuli_audiobook\\audio01.wav', 'Question': '¿Quiénes son los protagonistas de esta historia? \n\n Escribí una respuesta de hasta 10 palabras. Cuando termines apretá [Enter] para continuar...', 'EndTrial': 'Apretá la barra espaciadora para continuar con el segundo cuento...', 'thisN': 0, 'thisTrialN': 0, 'thisRepN': 0}>
9.5306 	EXP 	New trial (rep=0, index=0): <Trial 0 (0 in rep 0) data={'thisN': 0, 'thisTrialN': 0, 'thisRepN': 0}>
9.5309 	EXP 	pip: sampleRate = 44100
9.5337 	INFO 	Resampled audio from 44100Hz to 48000Hz using method 'default'.
9.5339 	EXP 	Sound pip reached end of file
9.5421 	EXP 	Playing sound pip on speaker Speakers (Realtek(R) Audio)
9.5347 	DATA 	Keypress: space
9.5420 	EXP 	instruction_text: autoDraw = False
9.5420 	EXP 	polygon: autoDraw = True
9.6256 	EXP 	Device response: <KeyPress from None: t=9.518322699994314, value=space, duration=0.10339460000977851>
10.5527 	EXP 	Sound pip reached end of file
10.5588 	EXP 	Sound pip reached end of file
10.5590 	EXP 	New trial (rep=1, index=0): <Trial 1 (0 in rep 1) data={'thisN': 1, 'thisTrialN': 0, 'thisRepN': 1}>
10.5592 	EXP 	pip: sampleRate = 44100
10.5609 	INFO 	Resampled audio from 44100Hz to 48000Hz using method 'default'.
10.5610 	EXP 	Sound pip reached end of file
10.5754 	EXP 	Playing sound pip on speaker Speakers (Realtek(R) Audio)
10.5754 	EXP 	polygon: autoDraw = False
10.5754 	EXP 	polygon: autoDraw = False
10.5754 	EXP 	polygon: autoDraw = True
11.5822 	EXP 	Sound pip reached end of file
11.5922 	EXP 	Sound pip reached end of file
11.5924 	EXP 	New trial (rep=2, index=0): <Trial 2 (0 in rep 2) data={'thisN': 2, 'thisTrialN': 0, 'thisRepN': 2}>
11.5926 	EXP 	pip: sampleRate = 44100
11.5941 	INFO 	Resampled audio from 44100Hz to 48000Hz using method 'default'.
11.5942 	EXP 	Sound pip reached end of file
11.6088 	EXP 	Playing sound pip on speaker Speakers (Realtek(R) Audio)
11.6088 	EXP 	polygon: autoDraw = False
11.6088 	EXP 	polygon: autoDraw = False
11.6088 	EXP 	polygon: autoDraw = True
12.6134 	EXP 	Sound pip reached end of file
12.6255 	EXP 	Sound pip reached end of file
12.6257 	EXP 	New trial (rep=3, index=0): <Trial 3 (0 in rep 3) data={'thisN': 3, 'thisTrialN': 0, 'thisRepN': 3}>
12.6260 	EXP 	pip: sampleRate = 44100
12.6275 	INFO 	Resampled audio from 44100Hz to 48000Hz using method 'default'.
12.6276 	EXP 	Sound pip reached end of file
12.6422 	EXP 	Playing sound pip on speaker Speakers (Realtek(R) Audio)
12.6424 	EXP 	polygon: autoDraw = False
12.6424 	EXP 	polygon: autoDraw = False
12.6424 	EXP 	polygon: autoDraw = True
13.6424 	EXP 	Sound pip reached end of file
13.6588 	EXP 	Sound pip reached end of file
13.6590 	EXP 	New trial (rep=4, index=0): <Trial 4 (0 in rep 4) data={'thisN': 4, 'thisTrialN': 0, 'thisRepN': 4}>
13.6593 	EXP 	pip: sampleRate = 44100
13.6608 	INFO 	Resampled audio from 44100Hz to 48000Hz using method 'default'.
13.6609 	EXP 	Sound pip reached end of file
13.6754 	EXP 	Playing sound pip on speaker Speakers (Realtek(R) Audio)
13.6755 	EXP 	polygon: autoDraw = False
13.6755 	EXP 	polygon: autoDraw = False
13.6755 	EXP 	polygon: autoDraw = True
14.6830 	EXP 	Sound pip reached end of file
14.6923 	EXP 	Sound pip reached end of file
14.6925 	EXP 	New trial (rep=5, index=0): <Trial 5 (0 in rep 5) data={'thisN': 5, 'thisTrialN': 0, 'thisRepN': 5}>
14.6928 	EXP 	pip: sampleRate = 44100
14.6943 	INFO 	Resampled audio from 44100Hz to 48000Hz using method 'default'.
14.6944 	EXP 	Sound pip reached end of file
14.7089 	EXP 	Playing sound pip on speaker Speakers (Realtek(R) Audio)
14.7089 	EXP 	polygon: autoDraw = False
14.7089 	EXP 	polygon: autoDraw = False
14.7089 	EXP 	polygon: autoDraw = True
15.7115 	EXP 	Sound pip reached end of file
15.7257 	EXP 	Sound pip reached end of file
15.7260 	EXP 	New trial (rep=6, index=0): <Trial 6 (0 in rep 6) data={'thisN': 6, 'thisTrialN': 0, 'thisRepN': 6}>
15.7262 	EXP 	pip: sampleRate = 44100
15.7277 	INFO 	Resampled audio from 44100Hz to 48000Hz using method 'default'.
15.7279 	EXP 	Sound pip reached end of file
15.7423 	EXP 	Playing sound pip on speaker Speakers (Realtek(R) Audio)
15.7426 	EXP 	polygon: autoDraw = False
15.7426 	EXP 	polygon: autoDraw = False
15.7426 	EXP 	polygon: autoDraw = True
16.7444 	EXP 	Sound pip reached end of file
16.7589 	EXP 	Sound pip reached end of file
16.7592 	EXP 	New trial (rep=7, index=0): <Trial 7 (0 in rep 7) data={'thisN': 7, 'thisTrialN': 0, 'thisRepN': 7}>
16.7594 	EXP 	pip: sampleRate = 44100
16.7609 	INFO 	Resampled audio from 44100Hz to 48000Hz using method 'default'.
16.7610 	EXP 	Sound pip reached end of file
16.7755 	EXP 	Playing sound pip on speaker Speakers (Realtek(R) Audio)
16.7756 	EXP 	polygon: autoDraw = False
16.7756 	EXP 	polygon: autoDraw = False
16.7756 	EXP 	polygon: autoDraw = True
17.7810 	EXP 	Sound pip reached end of file
17.7924 	EXP 	Sound pip reached end of file
17.7926 	EXP 	New trial (rep=8, index=0): <Trial 8 (0 in rep 8) data={'thisN': 8, 'thisTrialN': 0, 'thisRepN': 8}>
17.7928 	EXP 	pip: sampleRate = 44100
17.7943 	INFO 	Resampled audio from 44100Hz to 48000Hz using method 'default'.
17.7944 	EXP 	Sound pip reached end of file
17.8090 	EXP 	Playing sound pip on speaker Speakers (Realtek(R) Audio)
17.8090 	EXP 	polygon: autoDraw = False
17.8090 	EXP 	polygon: autoDraw = False
17.8090 	EXP 	polygon: autoDraw = True
18.8112 	EXP 	Sound pip reached end of file
18.8257 	EXP 	Sound pip reached end of file
18.8259 	EXP 	New trial (rep=9, index=0): <Trial 9 (0 in rep 9) data={'thisN': 9, 'thisTrialN': 0, 'thisRepN': 9}>
18.8262 	EXP 	pip: sampleRate = 44100
18.8277 	INFO 	Resampled audio from 44100Hz to 48000Hz using method 'default'.
18.8278 	EXP 	Sound pip reached end of file
18.8423 	EXP 	Playing sound pip on speaker Speakers (Realtek(R) Audio)
18.8422 	EXP 	polygon: autoDraw = False
18.8422 	EXP 	polygon: autoDraw = False
18.8422 	EXP 	polygon: autoDraw = True
19.8459 	EXP 	Sound pip reached end of file
19.8589 	EXP 	Sound pip reached end of file
19.8591 	EXP 	New trial (rep=10, index=0): <Trial 10 (0 in rep 10) data={'thisN': 10, 'thisTrialN': 0, 'thisRepN': 10}>
19.8594 	EXP 	pip: sampleRate = 44100
19.8609 	INFO 	Resampled audio from 44100Hz to 48000Hz using method 'default'.
19.8610 	EXP 	Sound pip reached end of file
19.8755 	EXP 	Playing sound pip on speaker Speakers (Realtek(R) Audio)
19.8758 	EXP 	polygon: autoDraw = False
19.8758 	EXP 	polygon: autoDraw = False
19.8758 	EXP 	polygon: autoDraw = True
20.8795 	EXP 	Sound pip reached end of file
20.8925 	EXP 	Sound pip reached end of file
20.8927 	EXP 	New trial (rep=11, index=0): <Trial 11 (0 in rep 11) data={'thisN': 11, 'thisTrialN': 0, 'thisRepN': 11}>
20.8930 	EXP 	pip: sampleRate = 44100
20.8944 	INFO 	Resampled audio from 44100Hz to 48000Hz using method 'default'.
20.8946 	EXP 	Sound pip reached end of file
20.9091 	EXP 	Playing sound pip on speaker Speakers (Realtek(R) Audio)
20.9091 	EXP 	polygon: autoDraw = False
20.9091 	EXP 	polygon: autoDraw = False
20.9091 	EXP 	polygon: autoDraw = True
21.9084 	EXP 	Sound pip reached end of file
21.9258 	EXP 	Sound pip reached end of file
21.9260 	EXP 	New trial (rep=12, index=0): <Trial 12 (0 in rep 12) data={'thisN': 12, 'thisTrialN': 0, 'thisRepN': 12}>
21.9263 	EXP 	pip: sampleRate = 44100
21.9278 	INFO 	Resampled audio from 44100Hz to 48000Hz using method 'default'.
21.9279 	EXP 	Sound pip reached end of file
21.9425 	EXP 	Playing sound pip on speaker Speakers (Realtek(R) Audio)
21.9424 	EXP 	polygon: autoDraw = False
21.9424 	EXP 	polygon: autoDraw = False
21.9424 	EXP 	polygon: autoDraw = True
22.9419 	EXP 	Sound pip reached end of file
22.9591 	EXP 	Sound pip reached end of file
22.9593 	EXP 	New trial (rep=13, index=0): <Trial 13 (0 in rep 13) data={'thisN': 13, 'thisTrialN': 0, 'thisRepN': 13}>
22.9596 	EXP 	pip: sampleRate = 44100
22.9611 	INFO 	Resampled audio from 44100Hz to 48000Hz using method 'default'.
22.9612 	EXP 	Sound pip reached end of file
22.9757 	EXP 	Playing sound pip on speaker Speakers (Realtek(R) Audio)
22.9758 	EXP 	polygon: autoDraw = False
22.9758 	EXP 	polygon: autoDraw = False
22.9758 	EXP 	polygon: autoDraw = True
23.9790 	EXP 	Sound pip reached end of file
23.9926 	EXP 	Sound pip reached end of file
23.9928 	EXP 	New trial (rep=14, index=0): <Trial 14 (0 in rep 14) data={'thisN': 14, 'thisTrialN': 0, 'thisRepN': 14}>
23.9930 	EXP 	pip: sampleRate = 44100
23.9945 	INFO 	Resampled audio from 44100Hz to 48000Hz using method 'default'.
23.9947 	EXP 	Sound pip reached end of file
24.0092 	EXP 	Playing sound pip on speaker Speakers (Realtek(R) Audio)
24.0092 	EXP 	polygon: autoDraw = False
24.0092 	EXP 	polygon: autoDraw = False
24.0092 	EXP 	polygon: autoDraw = True
25.0101 	EXP 	Sound pip reached end of file
25.0259 	EXP 	Sound pip reached end of file
25.0261 	EXP 	New trial (rep=15, index=0): <Trial 15 (0 in rep 15) data={'thisN': 15, 'thisTrialN': 0, 'thisRepN': 15}>
25.0264 	EXP 	pip: sampleRate = 44100
25.0279 	INFO 	Resampled audio from 44100Hz to 48000Hz using method 'default'.
25.0281 	EXP 	Sound pip reached end of file
25.0426 	EXP 	Playing sound pip on speaker Speakers (Realtek(R) Audio)
25.0424 	EXP 	polygon: autoDraw = False
25.0424 	EXP 	polygon: autoDraw = False
25.0424 	EXP 	polygon: autoDraw = True
26.0417 	EXP 	Sound pip reached end of file
26.0592 	EXP 	Sound pip reached end of file
26.0594 	EXP 	New trial (rep=16, index=0): <Trial 16 (0 in rep 16) data={'thisN': 16, 'thisTrialN': 0, 'thisRepN': 16}>
26.0596 	EXP 	pip: sampleRate = 44100
26.0611 	INFO 	Resampled audio from 44100Hz to 48000Hz using method 'default'.
26.0612 	EXP 	Sound pip reached end of file
26.0758 	EXP 	Playing sound pip on speaker Speakers (Realtek(R) Audio)
26.0759 	EXP 	polygon: autoDraw = False
26.0759 	EXP 	polygon: autoDraw = False
26.0759 	EXP 	polygon: autoDraw = True
27.0800 	EXP 	Sound pip reached end of file
27.0927 	EXP 	Sound pip reached end of file
27.0929 	EXP 	New trial (rep=17, index=0): <Trial 17 (0 in rep 17) data={'thisN': 17, 'thisTrialN': 0, 'thisRepN': 17}>
27.0931 	EXP 	pip: sampleRate = 44100
27.0946 	INFO 	Resampled audio from 44100Hz to 48000Hz using method 'default'.
27.0948 	EXP 	Sound pip reached end of file
27.1093 	EXP 	Playing sound pip on speaker Speakers (Realtek(R) Audio)
27.1093 	EXP 	polygon: autoDraw = False
27.1093 	EXP 	polygon: autoDraw = False
27.1093 	EXP 	polygon: autoDraw = True
28.1094 	EXP 	Sound pip reached end of file
28.1261 	EXP 	Sound pip reached end of file
28.1263 	EXP 	New trial (rep=18, index=0): <Trial 18 (0 in rep 18) data={'thisN': 18, 'thisTrialN': 0, 'thisRepN': 18}>
28.1265 	EXP 	pip: sampleRate = 44100
28.1280 	INFO 	Resampled audio from 44100Hz to 48000Hz using method 'default'.
28.1282 	EXP 	Sound pip reached end of file
28.1427 	EXP 	Playing sound pip on speaker Speakers (Realtek(R) Audio)
28.1428 	EXP 	polygon: autoDraw = False
28.1428 	EXP 	polygon: autoDraw = False
28.1428 	EXP 	polygon: autoDraw = True
29.1424 	EXP 	Sound pip reached end of file
29.1593 	EXP 	Sound pip reached end of file
29.1595 	EXP 	New trial (rep=19, index=0): <Trial 19 (0 in rep 19) data={'thisN': 19, 'thisTrialN': 0, 'thisRepN': 19}>
29.1598 	EXP 	pip: sampleRate = 44100
29.1613 	INFO 	Resampled audio from 44100Hz to 48000Hz using method 'default'.
29.1615 	EXP 	Sound pip reached end of file
29.1759 	EXP 	Playing sound pip on speaker Speakers (Realtek(R) Audio)
29.1760 	EXP 	polygon: autoDraw = False
29.1760 	EXP 	polygon: autoDraw = False
29.1760 	EXP 	polygon: autoDraw = True
30.1838 	EXP 	Sound pip reached end of file
30.1928 	EXP 	Sound pip reached end of file
30.1940 	EXP 	audiobook: sampleRate = 48000
30.2794 	EXP 	Sound audiobook reached end of file
30.2927 	EXP 	Playing sound audiobook on speaker Speakers (Realtek(R) Audio)
30.2927 	EXP 	polygon: autoDraw = False
30.2927 	EXP 	polygon: autoDraw = False
30.2927 	EXP 	fixation: autoDraw = True
45.0769 	EXP 	Device response: <KeyPress from None: t=45.06988680001814, value=escape, duration=None>
45.0771 	DATA 	Keypress: escape
45.2267 	EXP 	Device response: <KeyPress from None: t=45.06988680001814, value=escape, duration=0.1433954999956768>
45.2268 	EXP 	audiobook_experiment: status = STOPPED
45.2432 	EXP 	fixation: autoDraw = False
45.2433 	EXP 	audiobook_experiment: status = STOPPED
45.2465 	INFO 	saved data to 'C:\\Users\\jocta\\repos\\speech-engagement\\engaged_audiobook_experiment\\data\\626952_audiobook_experiment_2025-12-16_18h16.20.255.csv'
45.2470 	INFO 	saved data to C:\Users\jocta\repos\speech-engagement\engaged_audiobook_experiment\data\626952_audiobook_experiment_2025-12-16_18h16.20.255.psydat
