1.1350 	WARNING 	psychopy.parallel has been imported but no parallel port driver found. Install either inpout32, inpoutx64 or dlportio
3.6126 	INFO 	Loaded monitor calibration from ['2025_12_16 10:09']
3.7677 	INFO 	Using renderer 'NVIDIA GeForce RTX 5070 Ti/PCIe/SSE2' for graphics
3.7677 	INFO 	OpenGL version supported by driver is 4..
3.7777 	EXP 	Created window1 = Window(allowGUI=False, allowStencil=True, autoLog=True, backendConf=UNKNOWN, backgroundFit=<method-wrapper '__getattribute__' of attributeSetter object at 0x0000022A8FC731C0>, backgroundImage=<method-wrapper '__getattribute__' of attributeSetter object at 0x0000022A8FC73160>, bitsMode=UNKNOWN, blendMode='avg', bpc=(8, 8, 8), color=array([0, 0, 0]), colorSpace='rgb', depthBits=8, fullscr=True, gamma=None, gammaErrorPolicy='raise', infoMsg=UNKNOWN, lms=UNKNOWN, monitor=<psychopy.monitors.calibTools.Monitor object at 0x0000022A8F42FB20>, multiSample=False, name='window1', numSamples=2, pos=[np.float64(0.0), np.float64(0.0)], screen=0, size=array([1920, 1080]), stencilBits=8, stereo=False, title='PsychoPy', units='height', useFBO=True, useRetina=False, viewOri=0.0, viewPos=None, viewScale=None, waitBlanking=True, winType='pyglet')
3.7777 	EXP 	window1: backgroundImage = ''
3.7778 	EXP 	window1: backgroundFit = 'none'
3.9446 	EXP 	window1: Attempting to measure frame rate of screen (0) ...
3.9447 	EXP 	window1: recordFrameIntervals = False
4.1259 	EXP 	window1: recordFrameIntervals = True
4.3093 	EXP 	Screen (0) actual frame rate measured at 59.98Hz
4.3093 	EXP 	window1: recordFrameIntervals = False
10.2729 	INFO 	keyboard.Keyboard is using iohub backend.
10.2730 	EXP 	audiobook_experiment: status = STARTED
10.3487 	EXP 	Created instruction_text = TextStim(__class__=<class 'psychopy.visual.text.TextStim'>, alignHoriz=method-wrapper(...), alignText='center', alignVert=method-wrapper(...), anchorHoriz='center', anchorVert='center', antialias=True, autoDraw=False, autoLog=True, bold=False, color=array([1., 1., 1.]), colorSpace='rgb', contrast=1.0, depth=0.0, draggable=False, flipHoriz=False, flipVert=False, font='Arial', fontFiles=[], height=np.float64(0.05), italic=False, languageStyle='LTR', name='instruction_text', opacity=1, ori=0.0, pos=array([0., 0.]), rgb=UNKNOWN, text=str(...), units='height', win=Window(...), wrapWidth=1)
10.4766 	INFO 	Loaded psychtoolbox audio version 3.0.19.696976569
10.4963 	WARNING 	No default speaker specified in Preferences / Hardware, using first speaker found: Speakers (Realtek(R) Audio)
10.5008 	INFO 	Created stream for speaker device: Speakers (Realtek(R) Audio) (2.0)
10.5017 	EXP 	pip: sampleRate = 48000
10.5017 	EXP 	pip: channels = None
10.5067 	EXP 	Sound pip set volume 1.000
10.5085 	EXP 	Created polygon = ShapeStim(__class__=<class 'psychopy.visual.shape.ShapeStim'>, anchor=('center', 'center'), autoDraw=False, autoLog=True, closeShape=True, color=method-wrapper(...), colorSpace='rgb', contrast=None, depth=-1.0, draggable=False, fillColor=array([1, 1, 1]), fillColorSpace='rgb', fillRGB=array([1, 1, 1]), interpolate=True, lineColor=array([-1., -1., -1.]), lineColorSpace='rgb', lineRGB=array([-1, -1, -1]), lineWidth=1.0, name='polygon', opacity=1, ori=0.0, pos=array([0., 0.]), size=array([0.1, 0.1]), units='height', vertices=ndarray(...), win=Window(...), windingRule=None)
10.5128 	WARNING 	No default speaker specified in Preferences / Hardware, using first speaker found: Speakers (Realtek(R) Audio)
10.5153 	INFO 	Created stream for speaker device: Speakers (Realtek(R) Audio) (2.0)
10.5160 	EXP 	audiobook: sampleRate = 48000
10.5160 	EXP 	audiobook: channels = None
10.5205 	EXP 	Sound audiobook set volume 1.000
10.5215 	EXP 	Created fixation = ShapeStim(__class__=<class 'psychopy.visual.shape.ShapeStim'>, anchor=('center', 'center'), autoDraw=False, autoLog=True, closeShape=True, color=method-wrapper(...), colorSpace='rgb', contrast=None, depth=-1.0, draggable=False, fillColor=array([1, 1, 1]), fillColorSpace='rgb', fillRGB=array([1, 1, 1]), interpolate=True, lineColor=array([-1., -1., -1.]), lineColorSpace='rgb', lineRGB=array([-1, -1, -1]), lineWidth=1.0, name='fixation', opacity=1, ori=0.0, pos=array([0., 0.]), size=array([0.1, 0.1]), units='height', vertices=ndarray(...), win=Window(...), windingRule=None)
10.5219 	EXP 	Created question = TextStim(__class__=<class 'psychopy.visual.text.TextStim'>, alignHoriz=method-wrapper(...), alignText='center', alignVert=method-wrapper(...), anchorHoriz='center', anchorVert='center', antialias=True, autoDraw=False, autoLog=True, bold=False, color=array([1., 1., 1.]), colorSpace='rgb', contrast=1.0, depth=0.0, draggable=False, flipHoriz=False, flipVert=False, font='Arial', fontFiles=[], height=0.05, italic=False, languageStyle='LTR', name='question', opacity=1, ori=0.0, pos=array([0. , 0.1]), rgb=UNKNOWN, text='', units='height', win=Window(...), wrapWidth=1)
10.5265 	EXP 	Created Boton = TextStim(__class__=<class 'psychopy.visual.text.TextStim'>, alignHoriz=method-wrapper(...), alignText='center', alignVert=method-wrapper(...), anchorHoriz='center', anchorVert='center', antialias=True, autoDraw=False, autoLog=True, bold=False, color=array([1., 1., 1.]), colorSpace='rgb', contrast=1.0, depth=-1.0, draggable=False, flipHoriz=False, flipVert=False, font='Arial', fontFiles=[], height=np.float64(0.025), italic=False, languageStyle='LTR', name='Boton', opacity=1, ori=0.0, pos=array([ 0.45, -0.45]), rgb=UNKNOWN, text='Hace click izquierdo para continuar\n', units='height', win=Window(...), wrapWidth=1)
10.5309 	EXP 	Created spacebar_text = TextStim(__class__=<class 'psychopy.visual.text.TextStim'>, alignHoriz=method-wrapper(...), alignText='center', alignVert=method-wrapper(...), anchorHoriz='center', anchorVert='center', antialias=True, autoDraw=False, autoLog=True, bold=False, color=array([1., 1., 1.]), colorSpace='rgb', contrast=1.0, depth=0.0, draggable=False, flipHoriz=False, flipVert=False, font='Arial', fontFiles=[], height=0.05, italic=False, languageStyle='LTR', name='spacebar_text', opacity=1, ori=0.0, pos=array([0. , 0.1]), rgb=UNKNOWN, text='', units='height', win=Window(...), wrapWidth=1)
10.5349 	WARNING 	No default speaker specified in Preferences / Hardware, using first speaker found: Speakers (Realtek(R) Audio)
10.5375 	INFO 	Created stream for speaker device: Speakers (Realtek(R) Audio) (2.0)
10.5381 	EXP 	pip: sampleRate = 48000
10.5381 	EXP 	pip: channels = None
10.5429 	EXP 	Sound pip set volume 1.000
10.5439 	EXP 	Created polygon = ShapeStim(__class__=<class 'psychopy.visual.shape.ShapeStim'>, anchor=('center', 'center'), autoDraw=False, autoLog=True, closeShape=True, color=method-wrapper(...), colorSpace='rgb', contrast=None, depth=-1.0, draggable=False, fillColor=array([1, 1, 1]), fillColorSpace='rgb', fillRGB=array([1, 1, 1]), interpolate=True, lineColor=array([-1., -1., -1.]), lineColorSpace='rgb', lineRGB=array([-1, -1, -1]), lineWidth=1.0, name='polygon', opacity=1, ori=0.0, pos=array([0., 0.]), size=array([0.1, 0.1]), units='height', vertices=ndarray(...), win=Window(...), windingRule=None)
10.5492 	EXP 	Created last_prompt_text = TextStim(__class__=<class 'psychopy.visual.text.TextStim'>, alignHoriz=method-wrapper(...), alignText='center', alignVert=method-wrapper(...), anchorHoriz='center', anchorVert='center', antialias=True, autoDraw=False, autoLog=True, bold=False, color=array([1., 1., 1.]), colorSpace='rgb', contrast=1.0, depth=0.0, draggable=False, flipHoriz=False, flipVert=False, font='Arial', fontFiles=[], height=np.float64(0.05), italic=False, languageStyle='LTR', name='last_prompt_text', opacity=1, ori=0.0, pos=array([0., 0.]), rgb=UNKNOWN, text=str(...), units='height', win=Window(...), wrapWidth=1)
10.5533 	EXP 	Created congrats_text = TextStim(__class__=<class 'psychopy.visual.text.TextStim'>, alignHoriz=method-wrapper(...), alignText='center', alignVert=method-wrapper(...), anchorHoriz='center', anchorVert='center', antialias=True, autoDraw=False, autoLog=True, bold=False, color=array([1., 1., 1.]), colorSpace='rgb', contrast=1.0, depth=0.0, draggable=False, flipHoriz=False, flipVert=False, font='Arial', fontFiles=[], height=np.float64(0.05), italic=False, languageStyle='LTR', name='congrats_text', opacity=1, ori=0.0, pos=array([0., 0.]), rgb=UNKNOWN, text=str(...), units='height', win=Window(...), wrapWidth=1)
0.0827 	EXP 	answer: autoLog = True
0.0896 	INFO 	Keyboard events cleared
0.0895 	EXP 	instruction_text: autoDraw = True
6.9922 	EXP 	Device response: <KeyPress from None: t=6.977564800006803, value=space, duration=None>
6.9953 	EXP 	Imported AudioBookLoop.csv as conditions, 2 conditions, 4 params
6.9954 	EXP 	New trial (rep=0, index=0): <Trial 0 (0 in rep 0) data={'Book': 'kafka', 'AudioFile': '..\\audiobook_stimuli\\stimuli_audiobook\\audio01.wav', 'Question': '¿Quiénes son los protagonistas de esta historia? \n\n Escribí una respuesta de hasta 10 palabras. Cuando termines apretá [Enter] para continuar...', 'EndTrial': 'Apretá la barra espaciadora para continuar con el segundo cuento...', 'thisN': 0, 'thisTrialN': 0, 'thisRepN': 0}>
6.9955 	EXP 	New trial (rep=0, index=0): <Trial 0 (0 in rep 0) data={'thisN': 0, 'thisTrialN': 0, 'thisRepN': 0}>
7.1545 	INFO 	saved data to C:\Users\jocta\repos\speech-engagement\engaged_audiobook_experiment\data\883172_audiobook_experiment_2025-12-16_18h15.35.422.psydat
7.1549 	INFO 	saved data to 'C:\\Users\\jocta\\repos\\speech-engagement\\engaged_audiobook_experiment\\data\\883172_audiobook_experiment_2025-12-16_18h15.35.422.csv'
